721
363
363
25161
25161
14465
26140
25106
25106
25106
23777
19423
19423
15843
19301
15843
13883
29544
13883
13883
13883
13883
13883
13668
26884
31491
21799
22104
9800
9800
24868
22239
22239
8264
5219
1388
21452
21452
21452
21452
21452
21452
21452
9434
19981
19981
17771
14265
17313
9434
9434
9434
4978
32127
9301
9301
9301
9301
9301
9301
3699
2548
22795
22795
22795
22795
22795
22795
31608
30781
24032
8331
6564
25587
18575
18575
18575
17302
20470
28877
28877
12161
12161
8875
3748
25248
25248
16677
3748
517
517
517
8004
21628
21628
20552
13112
13112
10362
10362
24089
791
24369
24369
24369
24369
24369
24369
24369
24369
24089
24089
32113
32113
24089
24089
24089
10102
10102
10102
10102
10102
25686
13408
3562
517
12597
22282
22282
22282
517
27591
1501
23597
1501
22301
1118
739
9777
9777
739
739
739
27936
27936
27936
22750
535
20069
22084
22084
22084
22084
25246
22084
16819
16819
14123
8279
8279
8279
7776
25232
20173
7643
7643
7643
6975
26533
20222
20222
20222
28508
20222
19460
24744
20825
5355
12312
12312
12312
12312
12312
12312
12312
12312
12312
7876
151
151
25128
8231
8488
8488
8488
8231
19378
19378
19378
20143
20143
20143
20143
20143
22268
22268
22268
22268
20839
25930
25930
25930
20839
20839
20839
9400
28723
28723
25822
25822
25822
25822
25822
25822
25822
25822
25822
19429
19429
19429
19429
19429
16979
16979
9400
9400
22072
9400
9400
7319
5804
3707
2070
2070
3282
1578
31271
31271
31271
13912
12297
12297
14068
6356
2414
28410
28410
6169
6169
25673
25673
14367
28394
27011
27011
27011
16943
16943
18170
18170
11903
25003
32494
32494
32494
32494
18798
18798
18798
18798
4344
4635
12024
4635
4635
4635
24149
21565
21565
5731
5731
14271
14271
9493
9493
9493
5731
5731
5731
3941
3941
26319
2947
2947
2947
29729
29729
25211
25211
25211
25211
25211
29616
29616
13458
8758
8493
8493
8493
20309
28448
20309
20309
10962
10962
10962
10962
3266
2884
2386
1880
12312
10350
10350
10350
10350
4452
4452
1782
27779
27320
31572
31572
31572
32463
32463
26629
21289
14575
14575
22590
22590
24991
24991
8944
8605
8605
1266
28050
27657
27657
19485
13756
13756
12753
22420
22420
22420
18855
22091
22091
11101
11101
11101
9336
13816
13816
4628
16406
4628
4628
3592
3592
3592
3592
29866
29866
7674
23504
23504
2966
31024
31024
31024
10323
24418
15729
15729
15729
15729
668
23867
23867
23867
23867
23867
23867
28714
28714
28714
24392
24392
10763
10763
10233
10233
5903
17670
17670
668
25828
25828
25828
25828
25828
25828
21270
21270
32532
18742
18742
18742
9278
9278
9278
7222
5918
5918
5918
1782
28476
7733
24260
21207
19605
19605
19605
27225
20515
29178
9630
9630
26519
1038
29277
29277
29277
29277
32654
32654
32654
26512
31398
31398
27995
27995
27995
27995
18736
15877
21031
21031
21031
21148
21148
9084
9084
18447
18447
32604
15948
15948
15720
15720
9161
9161
2609
2609
2609
2609
2609
2609
351
351
27721
27721
27721
5242
19660
13459
13459
13459
13459
13459
12658
26250
29621
22118
16175
7006
31632
31632
6259
6259
6259
12081
12081
10122
10122
10370
10370
10122
28153
18171
18171
18171
18171
17542
12125
10122
10122
12360
12360
12360
28111
28111
28111
28111
28111
28111
12360
12360
17960
3779
23584
23584
31366
798
798
798
362
362
362
1388
19738
15857
13104
13104
23120
13104
6996
20862
20862
29186
16647
5742
5742
5742
5742
5742
10252
458
23134
23134
23134
23134
17864
17864
17864
17864
13692
12123
12123
12123
7583
7583
2137
3969
3969
31413
31413
31413
31413
31413
24070
28569
28569
28569
28569
28569
28569
28240
14928
14928
17351
17351
17351
17351
25200
25200
25200
25200
25221
9182
8659
8659
10650
10650
32609
10650
6312
6312
231
21565
21565
29565
29829
31018
20430
21342
22893
22893
9412
8089
7657
7657
6997
8151
8151
8151
8151
16469
16546
16546
26344
27966
19231
9832
9832
9832
17453
17453
17453
28682
17151
17151
25501
23327
22587
10610
10610
8293
8293
29261
29261
10343
20035
8293
8293
26823
20910
20910
20910
20910
20910
11605
18650
18650
18650
16497
11605
9086
9086
5360
3529
3529
32086
32086
32086
8941
11518
11518
8941
8341
8341
8341
7797
7797
31905
31905
23573
23573
27678
27678
27678
21039
8572
11552
11552
11552
11747
23275
23275
23275
23275
12727
27293
27293
18383
11106
30403
30403
30403
24540
23058
32120
32120
14093
30364
10257
9503
14430
14430
2386
12728
12728
29340
29340
12728
28882
7330
7330
648
648
648
13893
13893
8034
31483
31483
31483
24899
8034
8034
8034
10533
10533
12446
12446
11678
11678
22563
5017
16284
16284
5017
4910
4910
1470
27512
27512
27512
24133
24133
24133
24133
24133
19129
19129
19129
15703
27886
15703
15703
15703
14194
10735
2054
2054
2054
1670
4172
4172
24775
29110
3652
21406
9049
9049
8725
9498
9498
9498
8725
8725
12490
12490
27132
27132
11193
11193
7015
13349
11893
13226
13226
11893
11893
26389
26389
3259
3259
3259
3259
16387
16387
17893
17893
25538
28456
28456
25538
25538
25538
25538
30543
5303
8779
5303
5303
29408
20192
1974
1974
1974
1974
29122
1974
1974
21147
21147
21147
21147
15329
15329
15329
15329
19685
19685
15329
14272
25280
25280
11325
7912
7912
3449
15840
15840
15840
31548
31548
31548
11956
10848
10848
10848
10848
10848
10848
11499
24512
24512
24512
14913
534
13413
28934
8803
8803
8397
1171
8439
2293
2293
26038
26038
21086
3079
20678
16344
16344
16344
16344
16344
16344
15397
9984
28035
7286
7286
4479
13376
23929
18198
18198
18198
18198
26817
11227
31910
31910
7540
27989
8379
8112
19163
22237
22237
22237
19938
19938
16570
32567
32567
32567
32567
32567
32567
28407
28407
28407
26770
17446
17446
5369
4340
4340
4965
4965
2400
16040
16040
16040
8713
8128
8128
8128
6064
11155
770
770
11143
25318
25318
25318
25318
3053
29914
29914
17984
28178
22327
22327
22327
27179
15901
19932
19932
19932
19932
19932
18857
17965
17965
17965
17965
17965
15901
15901
15901
11407
28060
27144
27144
27144
11407
11407
11583
11583
11583
11583
14379
26575
10441
10441
10441
9259
9259
2227
10961
32708
10961
12937
10210
10210
1855
597
6149
14624
8473
27049
27049
27049
27049
16749
14799
28542
6149
20081
634
28001
25703
1963
11096
11096
5945
32241
32241
28778
28778
28778
28114
28114
28114
28114
28114
24026
24026
24026
23999
20674
19174
17460
17084
17046
17046
13276
13276
11590
11590
11590
27423
27423
9531
8565
8565
8565
7221
7221
27452
20449
13092
19537
8313
15208
26230
22552
8313
8313
8313
28262
28262
29047
29201
29047
29047
29047
8638
2811
2811
2811
2811
26821
12384
12384
12384
6580
6580
28636
28636
28636
29597
29597
29860
26054
26054
16621
16621
16621
1706
18618
6475
1173
26362
31777
31777
31777
31777
31715
24553
24553
16301
20981
26057
26057
26057
20644
20122
20122
19052
19052
22304
13558
27722
11759
11759
11759
11433
11433
7354
22001
22001
22001
22001
22001
22317
22317
19968
19968
19968
16939
10116
5561
10377
31476
31476
10177
15039
15039
10177
12409
12409
12409
18431
5561
24522
24522
24522
30506
4554
4490
24630
3956
3956
3956
29650
3711
24586
1817
23679
7938
7938
2372
1232
24455
24455
24455
24455
1232
1232
556
8240
469
469
29036
27333
27333
27065
27065
27065
24679
24679
24679
24679
24679
24679
24679
24679
24679
19484
19484
19484
19484
17808
17808
11497
11497
11497
8870
8870
8870
6384
8797
8797
8797
6384
6384
6384
4543
3683
3683
940
23260
940
30614
17256
3798
920
8732
8732
8732
22031
22031
21894
16708
16708
16708
16708
15046
15046
7020
917
16521
16521
16521
16521
9409
22360
22360
22360
22360
22360
22360
21768
21768
21768
21768
13861
13861
13861
10453
2457
2457
2457
2457
26765
12142
7530
7530
7530
7530
16297
16297
22715
22715
24224
14805
14805
21790
14805
8228
8228
16046
16046
31153
27775
20912
20912
9532
5024
3890
3890
14149
16519
24048
24048
106
106
22770
106
106
6054
32008
32008
32008
32008
32008
32008
26060
23401
24149
24149
27663
27663
24783
4009
32477
27799
27799
27799
27799
27799
27799
27799
27799
27799
27799
28380
28380
27799
16621
16621
15278
7778
29476
25181
25181
25181
22687
22687
7778
7778
7778
7778
6360
6360
6360
23037
335
2685
2685
335
12633
1499
4013
20738
21019
21019
21019
21019
21019
21019
20738
11117
8566
26330
26330
26330
30107
30107
5862
10250
10250
15478
5592
3444
9975
9975
9975
2291
23010
23010
25347
25347
4202
4202
4202
2270
2270
2270
1499
335
335
335
19582
24778
19582
18350
25034
18350
18350
18350
18350
16587
16587
19669
13763
13763
30550
11114
7516
7516
7516
21576
18694
14895
14895
21034
5560
5560
5560
4269
4269
4269
22653
28483
22653
22653
14065
5815
12808
12808
1327
1327
11887
24813
13633
6712
31879
26976
26976
856
6504
6504
6504
966
31440
31440
29705
29705
22506
4533
23556
9168
3502
5781
15182
15182
454
10411
29221
29001
7686
7686
16698
31923
31923
19258
3507
3507
3507
24213
24213
24213
23263
23263
32159
28789
28789
28789
28789
9106
9106
9106
25008
12268
12268
32709
32709
32709
30442
27035
27035
27035
13740
13740
164
164
164
21413
21413
164
19044
5029
5029
5029
28758
11397
7506
6405
6405
31406
31406
31406
25256
25256
25256
24580
24580
30947
20937
20937
20937
20937
20937
17628
14010
14010
14010
8841
20420
11897
18390
6405
13501
13501
29871
29871
14126
25643
25643
25468
27453
27453
27453
18374
15997
5233
4837
2544
2544
14726
14726
14726
27616
6869
27895
27895
6067
6067
6712
6010
18855
18855
20433
6179
11041
23336
23336
23336
23336
23336
13041
10804
10804
10804
7051
7051
9836
645
3541
17457
30600
29783
29783
13733
13733
13733
13733
13733
13733
13733
8238
8238
8238
14833
14833
14833
14833
8508
8508
30265
15070
15070
15070
2702
16148
26180
26180
26180
26180
2702
2702
8168
18213
18213
18213
18213
6815
6815
2380
755
32263
32263
32263
32263
27024
26067
26067
9999
30792
30792
30792
15678
20758
20758
31895
31895
31895
31895
31895
31895
31895
21964
21964
21964
20758
20758
20758
20758
18224
23450
23450
22509
10244
10244
16403
16403
16403
16403
16403
10244
23427
23427
23427
15222
20975
15222
10244
10244
10244
21904
10026
10026
10026
9999
20374
8838
8838
23518
23518
8838
28589
18577
15777
7950
7950
25754
11907
5735
5735
5238
5238
4617
2858
2858
2858
10445
10445
10445
2858
2838
2321
613
613
6107
6107
6107
2781
2781
2781
2781
8511
2781
2781
13378
13378
16973
27956
16973
12567
23099
10899
24060
24060
901
14523
14523
14523
14523
21951
14523
7084
7084
7084
13783
30448
24204
28095
28095
22623
22623
22623
22202
22202
19860
11007
11007
22508
8319
7847
7553
7553
7553
27618
17806
17806
6384
27419
27419
27419
27419
27419
27332
27332
8337
8337
19250
19250
19250
23070
28176
28176
28230
24142
24142
31268
24877
31167
31167
31167
24069
24069
9493
9493
25706
30020
25074
1918
31605
31605
31605
31605
27323
27323
27323
23886
23886
23886
32009
19010
19010
19010
19010
19010
17243
17243
16869
13323
13323
13323
13323
13021
13021
13021
27580
12366
24128
27754
27754
12366
12366
27781
32570
32570
30338
30338
22364
22364
8784
8784
8500
24758
24758
24758
24758
24758
14983
14983
8500
8500
7892
7349
7349
7349
5860
5860
5456
5456
3411
30237
31590
30237
1918
4108
28435
28435
18969
18969
18969
15660
1298
26456
26456
26456
26456
26456
26456
29564
15993
27676
27676
24663
20436
2146
2146
2146
643
1971
29643
29643
29643
29643
29643
29643
29643
20987
14727
14727
14727
14727
11034
9256
9256
9673
32269
9256
9256
829
16849
16849
6667
6667
27062
28058
29637
29637
18768
18768
18768
18768
18768
17771
7916
7916
7916
24687
24687
24687
24687
24687
2454
1984
28285
28285
4177
1984
1984
5811
6699
6699
6699
21683
23512
8934
8934
8934
8934
13064
20949
17618
17618
17618
26466
26466
21066
19784
18653
18653
23908
23908
23908
22036
18127
11957
7665
2617
22513
20862
28661
28661
20862
20862
20862
25020
16078
14521
9897
3916
24735
18330
3916
3916
3916
3149
3149
3149
3149
21285
21285
21285
14452
10212
10212
10212
10212
4786
1495
1495
1495
894
17975
17975
31090
18157
16304
26205
26205
16304
16304
26351
26351
9618
9618
9618
13590
10743
9062
3942
21033
21033
21033
21033
19193
19193
9905
9905
3274
27426
15767
14424
1702
23877
22227
13549
13549
12902
2694
27481
27481
7389
7389
7389
4344
7290
7290
21790
7290
7290
7290
7290
23861
27615
8934
8934
16605
16605
16605
14592
26032
26032
20786
7290
7290
7290
4344
3083
26876
26876
26876
26876
18700
7640
7093
6617
32356
32356
32356
29634
22853
25366
25366
23257
23257
17375
13230
14640
14640
14640
14640
5314
5314
5314
31927
13898
21509
21509
14067
13898
12604
12604
13159
12183
12183
15742
25635
6269
25457
15914
6269
23849
23849
23849
23849
4547
4547
32687
32687
32687
27435
14178
2124
14534
14534
2124
2124
2124
2124
995
995
32059
32059
16915
20424
19324
19324
19324
16316
24732
17103
17103
19245
19245
15094
15154
15154
15094
15094
18540
18540
18540
9073
9073
12749
29483
29483
26570
26570
26570
26570
26570
24090
24090
24090
25279
13275
13275
28818
28818
28818
12749
12263
12263
12263
12263
12263
6919
6919
6919
6919
22098
22098
22098
30537
9282
9282
9282
9282
2130
6535
2130
1994
1994
9845
1994
29725
20042
771
771
6000
6000
17252
8697
8697
2008
17024
27763
17024
17024
17024
11941
5482
5482
12838
12838
12838
5801
1556
1138
12248
12248
12248
12248
11261
1709
21364
21364
21364
21364
3779
3779
25345
31799
31799
31799
26376
11929
11929
25356
11326
11326
27483
19391
19391
26642
26642
29467
29467
10977
28513
28513
28513
28513
28513
28513
28513
28513
28513
25679
25679
25679
25679
32111
19712
3409
3409
16145
11380
11380
8858
29548
29548
29548
29548
29548
29548
8858
8858
8858
8858
11810
11810
11810
13999
13999
23825
23825
18232
18232
4473
4473
4473
2750
2750
2750
19014
19014
2750
23410
30187
30187
10893
4400
4400
4012
29784
32326
32326
32326
26028
26028
32250
26028
26028
30267
30267
30267
26028
26028
18637
18637
18637
18637
17488
17488
15157
17893
17893
17893
17893
17893
12948
20861
20861
20861
11740
11740
30730
6342
6342
6342
6342
6342
6342
6342
5345
29
29
31566
31566
18842
1012
25290
20378
20378
17917
17917
311
16233
16233
17226
17226
17226
26672
9726
31329
31329
31329
31329
27788
16735
27626
27626
17733
11778
28371
11426
26193
27334
27334
27334
32243
32243
24745
24745
24745
24745
30833
13575
13575
13575
5988
5988
1506
1003
8418
25270
25270
15156
14837
14837
14837
2860
20235
31427
2881
2881
2881
30251
14542
14542
18256
13680
13680
13680
11279
17910
11279
5006
5006
5006
5006
2410
26829
32343
12425
12425
9445
9445
9445
10636
22068
7178
7178
7178
4697
20035
20035
10499
18136
26385
32190
26385
26385
28812
28812
21857
21857
21857
19765
19765
17705
17539
17539
10173
21098
8418
8418
7220
1010
1010
1010
1010
21588
21588
29104
22702
22702
22702
22702
22702
22702
22702
22702
22702
21588
15691
17572
17572
17572
15691
21030
28893
21030
21030
9550
8476
5732
19441
19441
18977
18977
18977
303
303
303
6684
303
17589
17589
309
8890
8890
7845
7845
7845
7845
7845
309
303
303
10253
19185
19185
6562
10388
10388
9704
9704
19200
19200
19200
9704
5765
5765
5765
1887
1887
1887
1887
32591
32591
31684
4662
28941
28941
9263
9263
26113
29313
29313
10769
28550
11133
25374
29062
29062
25374
22183
11133
11133
11133
10840
10840
10840
9390
9390
25603
20844
20844
3841
5868
6842
6842
5419
5419
5419
5419
5419
5419
685
685
26242
26242
23575
15585
15585
23749
23749
14473
14473
14473
12316
5317
27909
27909
27909
27909
27607
8376
7662
18352
18352
22527
22527
7662
7662
5785
5317
5317
4477
2024
2024
2024
2341
2341
2341
2341
2341
685
22298
22298
8993
22282
22282
13397
11036
11036
26342
26342
26342
8315
5890
9026
9026
9026
9026
9026
9026
19333
29182
31251
31251
29182
29182
29182
29182
6903
1899
32111
420
420
19088
24041
24041
19088
19088
19088
19088
19088
4851
4851
4851
24113
24113
18357
30210
21199
18357
18357
2398
19376
18162
18162
18162
32307
32307
32307
32307
32307
14170
6254
6254
6254
6254
26752
9588
9588
21653
9588
29175
19239
2398
18254
18254
18254
28733
28733
15079
15079
15079
15079
15079
15079
4478
9871
9871
9871
9871
1862
407
407
18315
407
27914
13024
13024
22125
22125
24348
22754
22754
22754
8483
8483
7525
8065
21681
15878
18586
18586
18586
20366
21303
21303
21303
17194
27970
2610
3906
6488
6488
6488
6488
9175
27952
27952
19896
24410
8277
6488
6488
6488
6488
6488
6483
15995
23470
23470
23470
18580
18580
15995
15995
8667
31018
31018
8667
25022
25022
8667
8667
5877
2821
2610
25655
25655
25655
25655
32018
25655
2610
10094
10094
2496
4995
32100
32100
32100
30230
30230
12937
32346
22696
15056
15056
15056
15056
13171
13171
13210
17224
13210
13210
20652
30751
30751
30751
30751
5700
21498
21498
21498
21498
21498
20031
20031
3370
3370
3370
6295
6295
6295
20001
3723
3723
3723
18605
18605
18605
18605
31881
31881
31881
31881
14545
14545
14545
14545
11805
11805
11805
23272
21553
13338
7093
17252
5523
3370
21646
21646
31039
19701
19701
19701
14456
2989
2989
9509
6645
29884
29884
29884
22314
22314
30646
25736
25736
22156
21610
10696
10696
10696
10696
10696
10696
26188
26188
6599
8238
8238
4385
18288
18288
18288
27423
27423
27423
27423
27423
27423
27423
27423
27423
27423
21516
27624
20503
20503
20276
17678
13571
22034
13571
13571
13571
13571
9307
29487
6478
22335
22335
22335
6449
27745
27745
6504
6449
14995
5729
3777
3496
3496
28502
517
517
295
356
356
27641
20955
20955
27588
13898
13898
13898
13898
26364
26364
26364
26364
10859
546
546
18327
18327
11294
11359
11359
11359
7007
7007
32649
16064
16064
15824
15824
10893
10893
10893
25260
24925
31410
31410
31410
31410
9344
9697
3881
3881
17970
23334
20659
20659
14303
14893
14893
14303
24167
23559
32088
32088
32088
32088
32088
32088
32088
32088
15077
15077
9141
6054
6054
5429
931
1624
26146
29643
26146
26146
25541
25541
25541
25541
25541
24400
24400
24400
24400
26332
22188
22188
22188
22188
22188
27609
21866
18241
18241
18241
18241
18241
18241
15865
21511
21511
21511
12475
21508
21508
12448
9705
9705
9622
12430
12430
12430
12430
1978
1978
1910
22299
21407
21407
21407
21407
21407
21407
21407
21407
21407
21407
1910
1624
931
19987
947
947
931
931
22159
22159
22159
16788
11753
26849
26849
30873
30873
30004
11753
2489
2489
2489
10529
2489
2489
2125
15448
15448
15448
15448
27877
27877
22677
2125
16139
16139
16139
9666
9666
467
22821
22821
22821
14106
14106
28559
28559
9160
9160
17520
23350
17520
15687
15687
15687
15687
15687
15487
20477
28258
28258
20477
15487
15487
7366
7366
7366
18092
18092
18092
18092
18092
18309
18309
18309
18309
18092
18092
18092
18092
15598
15598
28547
12952
25587
25587
25587
25587
25587
25587
25587
25587
25587
26634
25587
25587
25587
25587
25587
25587
25587
27282
27282
27282
25157
23300
20551
20551
18194
18194
14388
14388
13127
12952
12952
12952
12443
32339
10893
14222
10727
10727
10727
10727
10727
27553
10391
10391
16350
28233
28233
28233
7277
6989
32494
32494
30044
30044
25120
17910
17910
10351
29190
10351
10351
9708
9708
9708
9708
9708
21396
21396
21396
26628
9291
9291
9291
9291
9291
8099
7287
7287
6579
6579
6579
29586
29586
29586
15299
25529
30312
30312
25529
25529
26104
26104
26104
25370
27073
27073
27073
23794
23794
23794
5447
5447
5447
5447
5223
5223
5112
4635
3807
30064
30064
30064
30064
31839
31839
26480
25773
25773
25773
18739
17325
7252
10230
10230
7174
6418
8919
6418
3536
3468
3468
3015
1025
20979
20979
15664
9389
8163
8163
8163
175
24089
175
175
12572
12572
12572
27593
27593
27593
27593
21639
14459
14459
14459
14459
14459
14459
15634
5313
5313
5313
27892
27892
27892
27892
27892
28883
7291
3015
14897
30811
30811
30811
30811
22553
20935
1802
1308
2398
2398
2398
2398
1426
27151
27151
7852
23554
32569
20197
20197
17283
17283
17283
17283
27915
27915
27915
17283
17283
17818
17818
17818
13597
13597
13597
4436
4436
3749
3749
2551
20716
13102
31183
21814
21814
21814
12418
12418
30256
30256
23240
7444
7084
3816
25052
5667
5667
30072
30072
27997
4484
29000
29000
29000
29000
4484
20878
5679
5679
5679
30106
13706
13706
5285
27151
27151
27151
1280
25104
25104
32281
32281
32281
27656
9290
16590
9107
7631
7631
20836
5258
5258
5258
5258
5258
5258
5258
181
181
24843
181
14104
17942
31542
26770
26770
19312
19312
25850
15935
12091
12091
27363
26218
5679
4262
3975
3975
3975
15918
15918
2728
2728
2728
2728
2728
2728
2728
9699
30347
30347
19447
14063
19986
14063
14063
197
27489
29550
10221
10221
31326
19742
19742
5421
5421
31077
31077
31077
1433
7696
30116
30116
30116
30116
30116
29895
32037
10891
10891
10891
26681
26681
26681
12388
12388
10891
10891
25001
28038
28038
28038
28038
28038
28737
28737
32079
32079
32079
32079
32079
28038
28038
25001
25001
25001
25001
25001
24784
17702
17702
17702
17702
17702
17702
4890
4729
8972
8972
8972
28950
4504
4504
3726
3726
3726
3664
3664
29989
29989
14998
14998
14998
14998
14998
14998
14998
3664
31205
31205
31205
31205
31205
31205
26136
26136
20936
18969
18969
30373
10909
9816
5193
20980
20980
29660
22545
22545
20980
19933
16076
16076
16076
25908
13051
6335
6335
6335
6335
16759
16759
21462
10924
4779
3578
10473
866
866
23536
23536
23536
19978
23861
14203
14203
23001
25605
32409
14740
9694
8774
25378
25378
25378
25378
25378
25378
25378
25378
25378
16070
26853
26853
24175
24175
24175
24175
18382
18382
18382
9300
9300
9300
4562
4562
4562
18542
4562
4562
4562
14552
18199
18199
18199
5760
5589
5589
3533
1997
1997
1583
1583
1583
31497
31497
31497
31497
31497
1583
1583
8432
1583
617
25918
25918
617
617
1311
1311
28010
1311
403
193
8411
18884
239
239
25253
16295
16295
15045
15045
15045
12487
10386
10386
10386
10386
10386
10386
10386
7573
7573
7050
2609
11042
1510
30064
1510
1510
1510
24535
24535
24535
24535
28066
28066
24535
20227
20227
20227
20227
20227
20227
20227
2723
2723
24469
24469
30328
30328
30328
30328
30328
32507
5219
5219
5219
23348
23348
22296
22296
22296
7886
30524
1510
15603
15603
29185
25638
24997
24997
15615
15615
3379
20420
20420
20420
31278
24628
7645
30977
30977
5530
5530
5530
5530
27493
29146
27493
5530
28316
5530
22867
22867
26512
26512
30397
28258
28258
28258
27032
29541
29541
29541
27032
25686
17722
17722
17266
31147
31147
27382
2175
23580
23580
23580
928
30406
28919
23133
23133
20739
22093
22093
22093
20817
20817
20211
11853
20278
20278
20278
20424
20424
20278
15578
14088
14088
14088
17913
11853
10772
10772
10772
25333
25333
25333
25333
25333
25333
21475
19978
19978
19978
19494
10772
20937
10772
10772
30380
20055
20055
20055
20055
20055
3346
3346
24700
19856
2264
172
23737
26065
26065
18295
10469
10469
10469
10469
10469
5829
6388
2132
22064
22064
14535
14535
27224
27224
22837
1431
1431
17688
17688
17688
5084
5084
5084
5084
5084
1393
1393
23550
23550
15493
24450
24450
18802
18802
18802
25807
25807
25807
25807
25807
25807
25807
25807
25807
19159
12749
28705
9362
9362
11159
16324
18575
18575
1194
1194
26731
26731
22362
29286
26125
26125
11204
11204
17594
17594
17594
17594
17594
17594
14505
14505
27677
27677
6684
24664
24664
24664
14363
27792
14363
30015
26426
26233
26233
26233
11442
11442
6705
9132
14162
14162
14162
14162
24142
13807
32193
29408
29408
29408
29408
29408
29408
10826
10826
3212
17491
23472
23472
13859
20360
3212
3212
3212
15981
15981
15981
5620
3940
25409
15907
15907
15907
9446
9446
13060
13060
9814
9814
9814
9814
25249
25249
9814
9814
27512
9814
15188
9814
8221
8221
8221
8221
8221
8221
8221
24045
8221
8214
6208
27585
23213
9951
8041
20197
20197
8041
11543
3716
1039
1039
18403
18403
14118
1039
1039
10925
1811
1811
3989
3989
3989
3377
13488
7670
19123
14763
14763
14763
7751
7751
7751
17159
10924
10924
10924
20926
4793
4793
10994
11981
11981
13900
29734
29734
18016
17108
17108
30164
17108
17108
17108
17108
17108
16849
13900
13402
13402
13402
13402
28283
19647
14700
14700
14700
14700
14700
5063
30348
6406
376
1115
20702
20702
13148
3665
27865
16048
23126
23126
23246
23246
23246
23246
27077
27077
12926
11141
9645
9645
9645
25205
6153
6153
500
32213
32213
32213
26385
26385
23455
23455
21521
21521
21521
3812
13885
20894
15385
1415
7501
19239
19239
25601
25601
25601
12023
12023
9362
9362
9362
13455
13455
2095
283
29336
29336
29336
29336
29336
19177
27532
27532
27532
27532
28187
20696
9780
9301
9301
9301
9301
9301
9301
22873
6803
6803
6803
23225
9776
9776
12725
6803
6803
6803
3456
17647
17647
4932
3456
32702
16994
30097
30097
30097
30097
30097
12912
12912
5638
5638
21637
17916
17916
17916
14238
14238
14238
31135
31135
23315
17525
13392
8729
8729
8729
8729
13828
4891
20733
20733
20733
19258
19258
13577
13577
10498
10498
10498
10498
10498
10498
22385
8380
22570
22570
19046
18636
18636
18636
25567
25567
25567
16615
16615
16615
16615
4030
4030
1418
23417
22573
22573
22573
22573
19362
17126
28547
28547
28547
18746
17417
17417
29502
17417
17417
19084
15005
15005
15005
15005
15005
15005
10001
15597
15597
15597
5751
18111
5484
5484
4062
4062
5945
27370
31798
31798
31798
17098
6453
3528
3528
1596
6040
18165
6040
3558
3558
1418
23760
1213
1213
1213
16734
16734
16734
5162
4546
25995
25680
31048
31048
25680
11200
11200
11200
7112
7112
6510
12119
12119
30530
24903
27316
11512
11512
4810
19104
19826
29883
29883
5246
5246
5246
23215
23215
19086
19086
19086
19086
15977
15977
5610
20406
20406
17559
17559
17559
12202
12202
10699
25977
25977
25977
25977
25977
15183
31170
14507
6950
9983
15516
32475
32475
15516
15516
32190
31525
31525
31525
31525
31525
31525
29528
32344
29528
10481
26002
26002
26002
26002
12588
12588
21616
10481
16222
7273
7273
4765
24580
4631
12733
7698
20594
20594
20594
20594
32064
32064
32034
32034
32034
21301
21301
21301
21301
21301
20594
20594
18223
18223
18223
28385
32151
28036
18223
18223
18223
18223
14692
14692
14692
18532
13415
12750
12750
10685
10534
6859
29587
29587
29587
24551
24551
24551
31097
31097
24551
13834
13834
6859
15086
15086
22053
32024
31084
4403
3535
3535
3534
1941
12446
13745
7746
1941
1941
1941
1941
1941
10829
1324
852
848
21158
21158
18169
15234
15234
30881
23313
15234
15234
8877
8877
8877
26351
2909
2909
27228
19312
11222
11222
12484
29263
12195
12195
15205
1084
1084
19708
19708
21564
16413
16413
12920
12920
12920
21486
32007
32007
15090
16113
16113
16113
16113
16113
26332
30710
30710
30710
26332
22675
14170
14170
8350
29887
29887
7816
7816
7816
7816
9383
6094
6094
7765
7765
31325
31325
31325
7765
7765
19096
20090
26769
16160
10820
10820
24782
31233
31233
31233
22369
22369
22369
583
5068
32661
32661
19180
19180
14546
14546
6808
17292
17292
17292
10600
3621
9427
9427
3621
7937
25989
25989
6801
13332
13332
20169
20169
20169
726
22068
22068
6469
6469
6469
6469
6469
4850
30447
30447
30447
11131
8636
8636
18779
25345
25345
25345
25345
18779
14413
30378
11126
11126
3776
1669
30799
24545
5110
5110
5110
19402
29928
17214
28335
28335
28335
7857
7857
13920
4861
4861
4861
8893
8893
6066
6066
24482
24482
24482
6066
7964
7964
26134
26134
26134
26134
14733
30503
30503
30503
30503
30503
30503
30503
30503
30503
30503
14733
14010
15287
14010
29623
14010
15330
23823
23823
5218
5218
5154
5154
5154
5154
5154
5154
26189
5154
2445
2445
1811
12428
15242
13389
13389
13389
12428
16691
14551
15873
16467
27117
27117
18814
14578
14578
3492
15542
15542
9839
7445
19516
19516
18587
17009
17009
17009
17009
17009
6481
2278
2278
8769
26351
26351
26351
18875
2000
2000
20402
12277
12277
11994
10180
15848
10180
26961
26961
398
6098
14741
14741
17253
17253
17253
17253
12614
12614
32388
32388
16260
16260
16260
16260
16260
16260
16260
12988
10603
10603
10603
25484
5551
5551
14309
14309
23335
23335
23335
14309
14309
26384
26384
20862
20862
5634
5634
5634
5634
18619
18619
18619
6993
5634
22673
22673
22673
22673
22673
22673
6381
10477
19301
19301
22711
22711
11528
4271
1466
16978
10126
9463
9463
21098
19322
19322
4963
6358
27960
27960
6358
6358
26211
26211
26211
22955
14899
14899
14899
6681
3168
9989
26191
26191
26191
19447
19447
19447
19447
19447
19447
19447
12588
12588
23382
31811
29839
29839
29839
5552
5552
25636
25636
31204
31204
31506
31506
31506
23712
32541
32213
30519
11799
11799
26629
26629
26263
26263
26263
26263
18953
21473
21473
16280
16280
16280
16280
16280
13731
13731
12344
29896
11799
11714
11871
3577
3577
228
17155
17155
1227
24012
9365
8791
25319
25319
31946
25435
27974
25435
13687
13555
13555
13555
14137
4808
4808
4808
32215
2200
12824
31041
31041
31041
31041
31041
31041
31041
21418
27227
18003
18530
18530
18530
18530
82
11033
8834
10636
12415
12415
10636
10636
1584
23619
23619
30457
28315
29400
29400
29400
21851
21851
11776
23541
23541
2470
27669
27669
27669
18856
18856
18856
18685
18685
18685
6106
6106
6106
6106
6106
6106
6106
2692
2692
21932
26227
27726
27017
27017
26227
26227
1766
29112
29112
13234
1375
15262
15262
15262
15262
15262
27726
1179
1179
1179
1179
1163
27686
27686
1163
17554
17554
31477
31477
31477
31030
31030
31030
6223
32535
16982
14568
14568
18382
20572
16017
18201
666
666
666
666
14399
28828
22004
20014
20014
13805
12303
12303
22685
22685
13485
13485
11532
5718
5718
14283
21682
6287
6287
6287
10097
24615
19287
19287
19287
32757
32757
32757
32757
27680
27680
15369
8202
8202
8202
8189
8189
8189
8189
8189
4904
31907
31907
31907
18565
11670
11670
11670
16322
16322
22251
22251
1968
17660
14334
14334
14334
14334
14334
17371
17371
11841
11841
11841
7041
7041
29484
809
21797
7390
7390
7390
12200
12200
12200
27880
27880
27880
31319
31319
26471
26471
23698
22859
18635
20999
20999
20999
11185
11185
3889
32555
32555
32555
32555
10227
10227
3889
3889
3889
16893
16689
28531
25441
20301
19840
30211
30211
30211
30211
30211
30211
30211
21953
21953
21953
21953
3659
3659
3659
29370
21400
21400
6755
14034
14034
15918
27350
22865
22865
22865
22865
22865
11205
11205
25344
25344
5468
4571
4571
4571
29528
29528
22361
22361
8760
17811
17811
17811
22697
22697
17902
21814
9567
8123
8123
16419
16419
13711
8123
8123
8123
8123
15204
11796
11796
19176
9803
8123
8123
12346
12346
12346
27078
27078
27078
27078
21696
21696
21696
21645
21645
21645
21645
21645
21645
387
387
387
387
29331
25575
3472
12356
12356
12356
3472
25745
3243
20071
20071
26025
26025
26025
24645
24645
24645
23833
23833
23833
23833
23833
23833
30291
30291
30291
30291
30291
32538
32538
32538
30291
30291
27541
27541
25535
20603
18097
24636
24636
24636
16924
16924
16924
13565
11761
25325
25325
25325
25325
25325
25325
25325
32758
32758
32758
12496
24609
24609
4917
24581
23709
12440
12440
12440
22906
22906
22906
22906
12440
27254
12440
27883
10303
6423
6423
3322
3322
3322
3322
3322
3322
3322
2386
2386
20858
17292
17292
17292
2386
32225
31024
31024
3766
3766
10233
10233
3766
2009
1635
8540
8540
8540
26119
19971
19971
29211
184
29118
13705
2486
2486
2486
11284
30164
9676
9676
31872
31872
31872
31872
31872
31872
31872
21259
21259
21259
14266
14266
13611
13611
13611
9588
7602
5456
4041
3287
32276
13245
13245
13245
13245
13245
16448
16448
13245
20799
9562
883
883
9902
9902
1510
1510
25090
25090
19509
13086
7196
7196
17052
7196
2589
18101
18101
18101
18101
18101
32383
24770
24770
24770
29861
29861
27298
2629
2629
2629
144
25651
25651
21979
16849
16849
15164
11490
115
115
25016
13466
3869
6463
18779
18779
15733
3869
14021
14021
14021
14021
24997
24997
24997
24997
14021
14021
14021
14021
14021
14021
14021
14021
9226
7744
10494
4177
4177
4177
14172
22569
22569
22569
22569
22569
22569
28858
28858
22569
22569
22569
22569
11884
29259
9863
9863
3869
1958
1309
27539
8373
8373
15469
8373
8373
8373
16666
16666
25174
25174
23163
29356
3634
3634
21667
22628
18273
18273
18273
18273
16258
11269
11269
21593
11269
18342
16514
11269
454
1743
1743
1743
1743
30217
24479
24479
24479
24479
20941
3589
3589
3589
3589
3589
1933
1933
1933
1933
1933
25399
25399
25399
15912
9712
4278
4278
14171
14171
11442
11442
11442
2998
15356
30486
30486
19383
32632
6057
6057
6057
20765
207
207
207
8460
17517
17517
7999
23611
23611
16180
14019
14019
13839
14225
30802
30802
30802
30802
30802
30802
30802
30802
19409
18658
15178
22515
15178
15178
13839
13839
10881
8597
207
207
207
207
3187
11319
12494
12494
12494
12494
19526
19526
19526
19526
32391
30653
30653
30653
30653
30653
30653
30653
30653
28792
28792
26930
26930
26930
26462
10130
8804
7869
7869
21100
27545
21100
21100
18948
14772
5111
19539
9101
32660
32660
32660
31818
31818
31818
27789
29375
20550
20550
20550
27477
27477
20121
20121
20121
23972
12955
12955
13096
12955
12955
12955
12955
12955
12955
12955
9976
9976
17471
27290
27290
5738
3174
18160
18183
18183
18183
18160
18160
18160
8015
8015
8015
8015
8015
18802
16799
16799
11970
11970
18254
28026
18254
4524
4524
4524
4524
18110
18110
17764
17764
17764
2805
2805
2805
31188
31188
8541
20092
20092
24261
20092
20092
20092
20092
12675
3429
3429
3429
2315
2315
4027
4783
27382
27382
27382
27382
21104
4783
18220
18220
18220
18220
4783
30545
3076
2973
1606
30204
30204
30204
30204
30204
1223
1223
29066
29066
29066
19544
30222
19544
12926
10379
16006
16006
14356
14356
1223
1133
1133
8736
8736
4717
32360
32360
20182
19276
19276
19276
19276
19276
18233
31386
25051
18453
18453
29816
18453
13996
3494
32163
32163
16692
3803
28148
25537
25537
25484
25484
25484
25484
26122
24585
22951
22951
22951
13533
13533
13533
13533
23184
8787
23909
21573
13430
13430
13430
32205
32205
32205
24594
24594
24594
24594
13430
32687
31482
16844
19474
19474
17408
17408
17408
17408
12304
18773
18773
2622
2622
2622
2622
2622
2622
21390
21390
21390
2622
2622
2622
2622
26484
1862
679
512
512
16598
16598
16598
362
1716
362
22132
16435
26776
26776
13068
13068
13068
31090
31090
31090
17253
14998
14998
18063
6719
965
7345
18071
7345
23347
14725
30955
30955
23978
23978
11723
11723
11723
11723
32478
32478
8444
15683
15683
32589
32589
30903
29624
22061
15683
15683
26773
26773
15310
7838
7838
7838
7838
27318
5687
5687
5256
3478
3478
23086
24971
20309
20309
6004
6004
18253
16090
16090
25271
25271
10804
10804
10804
10804
32471
32471
32471
32471
32471
32471
32471
32471
32471
32471
32471
24749
27873
27873
27873
27873
24749
22893
14168
5502
22357
27868
27868
5502
5502
5502
5502
5502
5502
5502
8813
10619
26760
26760
26760
8813
3706
2115
2115
17927
394
12263
11703
13909
5320
4329
4329
32136
12900
30162
30162
30162
30162
4329
4329
31244
31244
31244
14983
14983
21362
9670
23757
23881
23881
23881
268
268
27618
25298
25298
18998
18998
18927
18927
14048
14048
14662
23345
25111
25111
14662
14662
14662
14662
14662
14662
14662
14662
12557
12557
12557
12557
3646
3250
32274
3333
3333
3333
7359
2874
3921
3921
3921
3921
3921
30395
28799
2306
4777
10164
10164
10164
10164
1756
1756
1756
360
26094
26094
360
360
19168
31611
24077
5519
5004
5004
5004
5004
5004
766
31697
31697
31697
12800
19068
19068
19068
21895
21895
21895
32731
32731
31706
30533
30533
13461
610
610
25274
25274
14693
14693
28957
9655
14199
9521
12857
12857
12857
32081
4973
22297
1052
1323
4292
4292
1323
1323
29539
29539
27743
27743
27743
27743
18111
18111
11200
17144
29769
29769
29769
29769
29769
17144
8319
5163
19990
23751
21529
21529
19990
22451
22451
12750
7954
2988
2574
2574
16077
2574
8449
8449
4944
4944
11250
32473
32473
10402
21054
21054
21054
21054
21054
1323
1323
1323
27727
27727
27727
27727
27727
27727
27727
27727
27727
27727
27727
8058
4831
4831
4831
4831
4831
32310
32310
32310
10951
10951
10951
10951
9188
9188
9188
16050
16050
16050
16050
17386
17386
17386
17386
16050
14539
13411
13411
13411
13411
13411
11308
11308
11308
7909
7909
4831
3489
1052
1052
20671
20671
610
610
22205
18838
14069
30088
30088
15995
15995
14069
14069
14069
14069
13174
25883
2321
9870
9870
28448
28448
9870
11468
2321
2321
2321
2321
2321
2321
20322
20322
20322
11493
11493
994
27501
30438
15596
15596
15596
18104
27153
32156
16908
1034
1034
1034
8152
8152
8152
21585
23439
1909
1909
1909
1909
1909
1909
26803
801
1799
1799
23935
25777
25777
25777
16131
19822
19117
19117
13397
13397
5462
1799
3903
29399
18584
18584
1799
1799
1799
21298
21298
21298
31114
21298
21298
12222
12222
14960
14960
1799
5203
5203
5203
23921
23921
23921
23921
17377
14
14
14
20598
11616
8301
14865
14865
14865
14865
14865
14865
14865
13689
17891
417
4867
7657
20511
27381
32308
32308
32308
15071
24527
16937
16937
16937
16937
201
25351
25351
26795
26795
26795
32742
26795
26795
26795
25389
25389
25389
25389
25389
23613
23613
23613
18046
24260
24260
24260
27387
15738
15738
13966
27398
27398
2799
26321
10518
24657
24657
10518
21837
21837
22464
21837
17992
8636
26089
26089
1495
18094
12497
25766
25766
7014
3204
3204
23654
1843
2576
16087
30229
16087
16087
16087
11326
2576
2576
2576
2576
25369
25369
25369
25369
19072
29110
23538
23538
23538
23538
19072
19072
10043
3488
17720
17851
22471
22471
16771
16771
29675
29675
29675
16771
16771
31146
31146
29806
29806
29806
16771
28533
27153
15659
15659
15043
21869
15043
19304
8319
8319
8319
4294
4294
32135
32135
30051
30051
4294
4294
4181
10961
10961
18140
18140
4575
4575
2164
4177
7289
18731
5620
8330
1445
1445
1445
30749
30749
14494
21500
21500
21500
6255
4245
19948
19948
30873
30873
30873
30873
30873
27914
27914
27914
26129
15198
28686
28157
28157
28157
10554
10554
10554
27116
9067
21845
9937
4533
21585
20571
20878
20878
20878
20571
20571
20537
23872
23872
23872
30343
30343
18205
18205
6407
18848
6407
6407
2587
2587
2126
31961
31961
31961
19673
19673
19673
19673
19673
14853
14853
12108
7617
2126
2126
8766
23582
23582
23582
23582
23582
23582
23582
23582
22084
22084
8766
8766
9810
9810
8766
2126
1841
1191
910
22171
26006
26006
26006
26006
22171
910
910
910
500
25873
25873
21342
500
500
26110
26110
26110
26110
26110
500
14378
14378
25660
16972
76
15525
76
63
17818
17818
63
63
21081
6338
6338
6338
6338
2842
2842
183
32590
32590
32590
31302
16873
16873
16873
23101
23101
29360
21410
21410
21410
21410
21410
15359
26746
26746
26746
26746
7618
7618
1150
14087
30140
9762
9036
9036
9036
6368
6368
6
31821
31821
716
22042
716
716
3417
3417
716
6
17103
17103
12800
12800
3684
14795
6
6
6
5305
5305
5305
2097
17789
17789
17789
1586
1586
1586
1586
32003
17679
17679
29777
29777
21829
15818
15818
21602
21602
20801
18457
18457
8502
8348
8348
7980
24614
17432
17432
17432
13716
31514
2343
30112
22620
22005
22005
22005
9301
9301
2653
2653
5781
21360
23237
21360
18824
18824
18824
18824
7185
5565
18425
18425
18425
14682
29071
9738
9738
9738
15823
13097
13097
13097
30036
21673
21673
21673
6134
5162
5162
30186
30186
5162
4671
4671
3539
3539
30180
30180
30180
30180
7334
21653
30121
30121
30121
27715
25340
7894
6214
6214
6214
26805
32180
32180
13402
10170
20621
9095
9095
7473
7473
7473
7473
6214
6214
6214
6214
6214
28764
28764
14930
14930
26890
5890
17170
17170
17252
17252
30937
16896
16896
16896
16896
16896
16896
16896
18250
16896
10566
6281
8407
8407
8407
16883
3953
3079
26079
26079
20158
20158
29480
29480
1952
6583
6583
6583
3898
8664
20195
9072
6683
13500
14613
14613
18397
14613
14613
14613
14613
32499
32499
14613
14613
16086
10791
29157
9805
9805
7992
26627
26627
6932
25185
14731
14731
14731
14731
2004
26272
28110
28110
28110
31781
28110
28110
28110
22391
12568
23718
5475
5475
5475
19864
9803
8642
31215
31215
26451
32650
30505
2359
2359
31669
31669
31669
31669
28975
20835
20835
18731
25736
25514
25514
25514
25514
18731
18731
1279
29345
29345
1279
11079
13761
13761
13761
22384
13761
13761
16580
5430
5430
5430
5430
5430
5430
26927
21172
32733
32733
28528
28528
27789
23037
23037
22957
22052
23673
23673
22950
18564
18564
31276
31276
10054
10054
19595
19595
19595
19595
11455
10054
10054
10054
10054
10054
10054
25545
10054
8951
8951
7604
7604
7604
8808
2465
2465
15307
15307
5204
5204
2519
2519
25960
15609
10173
13549
13430
13430
13430
17654
17654
17654
17654
10153
10153
10153
10153
10153
12613
7389
32205
32205
32205
32205
8476
8476
24014
24014
24014
24014
22236
10971
2279
2279
3444
3444
29554
29554
497
497
163
28693
23658
31617
31617
31617
31617
7304
30281
5205
11380
5220
20651
1529
23
30460
22541
22541
22541
19326
31095
16566
16566
5228
11104
11104
21289
21289
11104
11104
27367
23790
20812
8006
8006
8006
8006
7144
5506
5506
5506
5506
3599
19251
28140
8721
20060
20060
20060
20060
20060
20060
16837
782
782
782
18509
18509
12690
31063
13463
13463
1408
25782
25782
10277
10277
10277
23308
10277
1408
1408
9558
10929
10929
29429
29429
29429
6288
6288
12717
6085
704
243
243
17771
17771
17771
8397
615
20857
20857
14691
3918
3918
3918
3918
5520
5520
5520
5520
5520
2708
2708
30192
8118
14408
14408
8118
8118
8118
16759
18179
18179
18179
19457
19457
15955
31016
25708
10438
9887
9887
1515
49
5724
5724
23491
12591
6874
4561
24328
14373
14373
13533
13533
1450
1450
20578
20578
20578
20578
20578
29230
20578
13698
9222
9222
1450
1017
2104
2104
25232
25232
25232
10945
10945
1714
1714
18300
18300
29032
19557
19557
23242
22151
17589
17589
17589
17589
27873
27873
21594
21594
18720
10712
30866
18759
10712
19770
12302
12302
12302
12302
10440
28767
28767
15764
15764
14672
14672
18150
1985
3262
3262
3262
3262
3262
3262
1985
1985
6176
6176
6856
6856
16551
1727
1727
380
380
16119
5636
5636
5636
5636
5636
19846
18597
18597
18597
1229
20911
24988
9694
9694
9694
11421
1788
190
29203
26511
26511
26511
24517
24517
10253
6779
190
190
190
190
190
17179
23929
23929
21328
20714
12047
24605
27451
24605
17918
17918
14958
14849
32146
1641
1641
1641
30665
15832
346
346
346
346
31599
28734
21478
297
297
12982
12982
12982
2974
6220
6220
20717
20717
16549
29693
29693
29693
31107
31107
31107
31107
5038
17510
17510
26745
26745
26745
26745
26745
26745
26745
26745
22788
10956
18484
18484
10956
10956
10956
10956
10956
10956
8967
8967
8967
8027
8027
27058
20857
16184
16184
16184
14117
14117
7936
7936
5190
11350
11350
13166
18464
18464
11350
4361
4361
18291
19712
7226
7226
2614
2614
9426
9426
3357
24623
26130
26130
30161
26130
26130
26130
26128
25492
25492
25492
15173
23966
27220
23966
32578
31305
31305
31305
14401
12943
10199
10199
10199
8742
8400
8400
4628
2257
2171
2124
2124
2124
27043
29678
27043
27043
27043
27696
27696
6840
6840
6840
6840
6717
24298
8238
8238
8238
15891
6169
19367
711
27947
27947
27947
27947
27947
10327
10060
3082
3082
22546
22546
21962
21962
21962
21962
21962
21962
28136
9334
28192
28192
28192
21633
21331
21331
21331
21331
21331
13596
26844
13596
13596
2606
12436
1537
1537
883
30502
30502
30502
30502
30502
30502
26498
26498
20638
20638
13578
13578
8109
19912
19912
6894
4678
12647
6988
19051
6988
1323
1323
24559
9564
9564
9564
22493
22493
22493
8566
10576
15981
15981
14215
1187
1187
1187
1187
30944
30944
30944
30944
30799
27516
27516
27516
2629
2629
3288
3288
2561
5539
780
16356
7949
7949
7949
7949
30575
17574
17574
24216
12486
22629
22629
22629
6015
6015
31044
31044
15522
29875
16438
4443
4443
4443
4443
9839
4443
25298
27101
25046
9775
9775
9775
689
689
689
689
19426
6843
14320
6843
15161
15161
15161
15161
18183
2661
2661
8589
8589
8589
1718
3312
689
18452
28763
28763
10254
13165
10254
7213
7213
25232
25232
25224
25224
23808
23808
7213
7213
7213
7213
25872
25872
31202
31202
25872
27132
27132
16012
16012
6794
285
285
285
17135
22848
22848
20664
20664
20664
20664
30918
30918
285
285
14183
27138
14183
8492
8492
8492
11165
11165
2428
2208
2208
2208
12945
12945
12945
12945
13084
23254
21989
31503
21989
9795
9795
9795
11458
11458
11458
23779
12993
12993
12993
13483
13604
13604
13604
13604
13604
13604
23679
23679
23679
19590
15032
15032
15032
29979
29979
28216
28216
1091
1091
1091
1091
1091
1091
20261
20261
30529
30692
23163
23163
23163
23163
28464
28464
8901
8901
6163
10924
26203
14379
19904
11905
11905
23433
3312
3312
6403
6403
7108
23653
23653
23653
6403
432
23661
25410
2472
4087
27004
5019
24931
24931
24931
24931
24931
24931
24931
13539
23520
22123
25883
25883
25883
20237
20237
1327
1327
24805
9911
4897
8877
30187
30187
5740
23876
23876
19005
19005
19005
19005
19005
14247
5623
5623
5623
4620
3080
13245
13245
13245
13245
13245
13245
13245
5054
5054
5054
5054
2548
30674
16826
16826
16826
12779
12779
29824
29824
29824
29824
26033
26033
26033
12242
5706
21986
2548
30958
30958
30958
28982
28982
25689
25689
25689
25689
15838
15838
15838
15838
10190
23172
27149
5014
20258
20258
20258
20258
20258
31581
19725
7768
9897
29959
23481
23481
23481
23481
23481
669
31913
2134
2134
2134
2134
2134
26450
10482
5988
14138
1851
1851
1851
1851
1851
15338
30470
30470
30470
15338
10449
9233
9233
9233
93
29863
93
27995
16253
16253
15985
12839
30490
30490
30490
30490
19582
19582
19582
14107
11119
11347
11347
11347
11682
19156
11682
21699
21699
13504
12333
11682
17468
11682
20450
22078
22078
11682
9276
9276
8678
8678
1014
1014
20700
10915
28591
28591
16630
15871
15871
12988
12988
12705
19768
1312
23293
26792
28431
28431
22706
22706
22706
22706
18882
16730
2027
460
17470
29995
29995
26748
26748
26748
26748
31293
31293
31293
25389
25389
16492
16492
14786
25797
25797
25797
25797
30936
30936
29065
32011
9325
9325
2300
21671
18027
18027
30797
11186
26709
27391
27391
27391
27391
27391
26709
26709
26709
4336
8731
28970
30590
30590
20053
2678
2678
14925
4827
4827
29967
29967
29967
16804
5832
5832
4827
4827
4827
23997
23997
23997
23997
23997
23997
23997
23997
23997
23997
3187
7605
7605
7605
1165
31992
12844
12844
12844
32088
32088
32088
32088
32088
32088
21926
16350
12844
19694
12495
12429
6233
6233
21366
21366
21366
21366
26392
1400
8637
8637
6866
4358
4358
23601
1368
14352
22952
22952
31546
31546
31546
31546
22952
22952
22952
14431
5933
27620
28565
28565
28565
25076
25076
25076
22463
22463
22463
27217
31908
31908
27217
27217
20001
20001
27922
22629
22629
22629
18769
14789
11058
11058
11058
11058
26851
8374
8374
20277
20277
16849
8374
8374
3025
3025
3025
3025
3025
3025
3025
24984
24984
24984
24984
24984
24984
26566
26566
24621
24621
24621
30291
20198
30371
30371
14812
3025
21903
325
27444
27444
31502
31502
31502
31502
16513
1895
1895
16950
16750
15584
15584
15584
24933
24933
24933
8053
18572
7422
2293
31406
31406
25322
25322
25824
25824
25824
25212
25212
19636
19636
13896
12364
12364
12364
11816
11816
11816
32496
3215
22024
2840
2840
30434
28157
26931
17481
20597
20597
20597
20597
10742
32427
12008
10742
10599
10599
10599
21342
24623
16191
16191
9460
9460
9084
31874
9084
32463
9084
23909
7864
4840
4840
4840
4840
4840
1914
1914
14216
14216
14216
28015
16513
14839
14839
9024
8799
8799
8799
8799
8491
10195
27696
30036
30036
30036
10143
10143
10790
10790
26196
10790
27340
27340
27340
15080
15080
19875
22956
22956
19875
26541
26541
26541
26541
26541
26541
26541
3565
27827
6797
6797
6797
6797
1076
17298
17298
613
613
9260
13335
13335
13335
13335
27140
31511
13713
13335
9867
32037
32037
32037
28539
28539
28539
29397
29397
28117
27713
27713
27713
23544
19021
21358
13976
11812
24950
24950
27019
24950
24950
10621
17888
24917
17888
17888
17888
29520
10017
8849
22722
22722
22722
12370
12370
5780
1722
1722
1722
1722
1722
1722
798
14887
14730
25396
25396
25396
25396
25396
25396
25396
9692
32316
32316
32316
27418
27418
27418
6472
13013
6472
6076
6076
6076
6076
6076
6076
14668
2027
2027
29682
29682
29682
29682
29682
27743
1548
13579
18531
13579
3677
6185
9033
9033
9033
767
708
2475
29006
29006
29006
20133
15932
15932
15932
11173
11173
11173
708
12296
5061
5061
5061
5061
17689
30376
30376
30376
11454
13515
13515
30002
30002
29904
19254
2363
2363
14529
19926
14529
14529
14529
5982
5982
23053
4863
21518
21518
21518
17062
4863
4863
4863
4863
4863
23534
23534
23534
4863
9573
4863
4863
19931
19931
19592
19592
29376
29633
18971
18971
18971
17586
17034
12341
12341
12341
12289
11912
11912
10491
4863
3274
17523
17523
17523
17523
13574
8861
8861
8861
8861
23336
23336
21490
21490
21490
19522
16780
16714
16714
18082
18082
16714
2097
2097
15912
15912
15912
15912
15912
27676
22903
29945
19566
11028
11028
11028
3783
3783
3783
153
16946
153
153
153
30428
22255
16602
12776
12369
25928
25928
4552
28175
13012
13012
12243
3546
3546
29486
24420
13916
1945
17635
17635
16595
16595
28804
27761
28762
30962
30962
25836
25836
25836
15128
15128
15128
32502
32502
15232
6145
6145
4858
4858
5582
5582
7966
13201
13201
13201
12003
8003
7966
10272
24161
1821
32096
1821
1821
18826
7730
7730
24627
24627
24627
7730
28059
28059
9893
1875
29341
29341
29341
29341
26142
26142
26142
30101
28260
30676
30676
30676
22250
22250
22250
19152
17743
15752
10136
10136
25996
28142
25996
25996
25996
10136
23982
23982
18926
12082
10136
8744
8100
8100
26016
26016
27227
27227
27227
22741
20910
20910
20910
21791
32488
21678
21678
21678
20222
20254
18070
21079
13043
13043
22951
8100
7503
6940
6757
6757
6757
9436
6757
19980
19980
19980
6687
3299
2522
2522
16070
1875
996
996
25350
25350
25350
25350
25350
25350
25350
23692
23692
14664
28466
7204
7204
7204
7204
7204
7204
562
381
381
6821
96
96
20252
20252
20252
20252
23425
21805
30057
21805
24155
22103
23003
5740
3431
19026
19356
23874
20401
19356
11005
13014
13014
13014
15931
31533
22209
22209
22209
22209
18307
18307
18307
18307
18307
20793
30916
30916
26589
26589
26589
26589
26589
26589
18307
16954
28611
28611
28611
16954
16954
16954
16954
15992
4224
3086
3086
1758
1758
18839
18839
6278
1758
1758
1758
1758
18078
23651
23651
22741
22741
22741
22741
22741
22741
19082
19082
11257
30808
22353
22353
22353
15781
11296
11257
4333
3052
3052
14882
25002
25002
31239
31239
31239
13037
1231
28996
2555
2555
26186
26186
2634
2634
27102
27102
24898
24898
24898
15353
15353
15353
15353
25623
25623
25623
25623
157
31905
31905
31905
31905
31905
31905
18933
6849
6619
157
13201
13201
13178
13178
25222
25222
22993
22993
22993
22993
11960
22028
22028
3478
3478
3478
3478
3478
27324
16246
16246
16246
16246
11425
11425
11425
11425
13072
13072
13072
11425
11267
12518
12518
9274
9096
3855
3855
16691
16691
9170
3855
3855
20279
20279
20279
3855
3855
32037
32037
12576
4946
4946
28174
28174
8961
26189
30917
30917
26838
26838
20473
10148
20574
20574
8584
2337
27794
1777
1777
22298
22298
11195
11195
32546
1197
1197
1197
1197
1197
8587
26210
26210
26210
21262
21262
21262
9634
10025
10025
244
20460
15995
5525
31516
10862
8517
30639
30639
2692
16131
16122
618
21173
618
32238
18923
618
32739
30555
1602
1602
1602
13853
24445
1602
1602
1602
21820
21820
21820
1602
14764
14764
14764
14764
26416
15307
26146
22197
22197
22197
19808
19808
15689
28910
28910
11330
11330
11330
11330
11330
11330
11330
11330
21904
22708
22708
22708
13459
9497
9497
16327
21461
26182
26549
19954
7920
13569
13569
13569
32400
13569
13569
13569
13569
12809
12809
12809
12809
12809
12809
11881
11881
11881
7920
7920
7659
7659
10457
8188
8188
31496
31496
31496
19066
7659
20336
14815
27167
27167
27167
30829
1092
1092
771
771
771
17594
17594
17594
1378
32027
21516
21516
19020
28442
19020
19020
14633
5962
5962
5962
26093
5962
24856
7360
12304
29036
27898
7652
17688
30656
30656
3100
21022
23726
16652
16652
29404
30787
23265
24995
27404
27404
27404
27404
27404
27404
25968
20060
21118
21118
21118
3662
3662
3662
27716
27716
10286
10286
10286
7487
7487
7487
8958
15224
8958
4130
23244
31907
31907
31907
3138
32606
21862
11683
24034
15051
15051
15051
29419
24374
24374
24221
6871
2607
29671
28172
29800
28486
32530
32530
32530
32530
32530
5806
5973
5973
5806
11934
32420
32420
32420
31509
31509
31509
31509
30716
26530
19636
19636
29138
5326
5326
5326
5326
5326
5326
5326
24366
1301
28327
2222
29420
28274
27518
4799
13839
1301
1301
9399
9279
9279
1301
1301
1301
1301
1749
25973
25973
18601
22840
22840
22840
18601
18601
2028
29240
2028
14781
14781
15579
15579
15579
27792
27792
27792
27792
9841
1442
1442
1442
1442
1442
1533
1533
7560
19763
19763
8103
8103
25696
5945
18533
18533
990
990
24796
10959
3186
3186
3186
3186
4638
10555
22821
22821
22821
16682
16682
16682
16682
5797
5414
20291
8109
8109
22189
22189
18900
16057
445
445
23777
23777
23777
23777
27652
23777
7757
24689
24689
24689
8861
7757
6005
6005
675
7547
7547
19146
31125
31125
31125
27395
28645
27395
1571
29171
29171
13373
13373
250
32248
32248
32248
19112
19112
30731
19112
19112
8397
250
14513
20584
29117
28907
22840
22840
22840
22840
22336
12382
12382
12156
11634
11634
10164
10164
10164
13518
13518
28919
28919
14390
19176
22795
22795
8228
8228
8228
2627
2627
22522
20386
27422
27422
20386
20386
22127
22127
22127
14952
14952
14952
14952
14952
14952
14952
14952
14952
7776
27496
18287
18287
3524
3524
6315
22757
9347
9347
32700
31097
31097
25740
25740
25740
23853
32334
4190
24216
2795
2795
2795
21164
21164
21164
10332
26355
17867
17867
17867
23802
10962
7584
7584
24635
31129
14883
7584
27752
1918
19025
28444
28444
28444
19025
16991
30321
16991
17656
17656
31307
31307
2210
2210
2210
12639
12639
32434
26007
21381
21381
21381
21381
12639
12639
12639
12639
12639
10051
8323
3041
2210
847
27468
27468
27468
847
184
31297
22215
20802
11456
18383
18383
18383
18383
11456
31087
31087
31087
31087
31087
25915
21530
21530
21530
21530
21530
16356
16356
16356
16356
15782
15782
4693
21781
21781
21781
21781
21781
17232
14579
14579
22044
22044
22044
22044
14579
11048
20754
22223
22223
22223
11048
396
396
396
396
14812
2993
21437
14065
2269
4710
19808
22447
22447
22447
12735
12735
12735
30574
30214
12735
12502
4710
3759
11010
22944
22944
22944
6156
32187
32187
11777
11033
11033
20520
10475
17245
6256
6612
10519
10519
32306
10232
19734
11075
27388
17042
17042
7459
7459
2486
2486
13864
29261
17598
4321
13880
4321
4321
32327
32327
19354
24018
15824
18097
18097
17832
6330
17173
17173
15132
29460
15138
24688
24688
23278
23278
16025
21839
29598
976
976
976
31036
22656
22656
17173
17173
30026
30026
10049
12909
22143
4583
1301
1301
1301
1301
1301
1301
1301
1301
3857
31952
32230
31429
31429
29869
29869
29869
29869
29869
29748
29748
29748
28646
28646
27852
21659
21659
21659
21659
21659
18785
18785
18785
27750
27750
27750
18785
18785
16146
16146
16146
16146
21238
21238
16146
16146
11887
25462
25462
25462
7156
7156
21080
19317
19317
19317
18780
18653
18653
7156
7156
7156
12322
3886
29986
29986
29986
3886
18368
18368
24354
24354
26036
24354
18368
18368
18368
10967
10967
10967
10967
28165
28897
28897
29155
29155
29155
29155
28897
26778
10730
7409
7222
7222
3857
3634
3634
29294
3303
3303
2157
2157
1594
27330
27330
27330
21189
948
948
17930
906
795
31583
31583
31583
31583
9834
9834
9834
9834
9834
11281
6732
22509
2044
2044
2044
2044
31477
31477
31477
31477
31477
11614
11614
7301
7301
5735
5735
11488
11488
11488
11488
11488
11488
11488
11488
9003
6558
6558
24038
24038
4523
20725
20725
20725
20725
20725
20725
2501
2501
15790
15790
5631
24801
22030
10496
10496
10496
32088
32088
29986
30145
30145
30145
30145
23380
16642
16642
22265
22265
22265
22265
22265
29148
4389
8739
8739
22253
28679
26357
26357
24406
24406
20003
7223
29634
29634
3147
16733
1144
1144
6409
6409
6409
6409
9159
9159
29717
29717
16422
9159
9159
9159
9159
8627
8627
8627
20047
20047
8315
8315
5410
3931
2127
2127
2127
27806
27806
1153
26780
4117
4117
5209
10119
10119
10119
10119
10119
8088
8088
8088
10709
10709
10709
21667
15776
28293
27929
27566
27566
32454
32454
32454
28742
27566
12929
12929
12046
15006
15006
15006
15837
16513
16519
24615
4432
31008
1567
15731
25695
25695
12395
21510
21510
11949
30415
30415
30415
30966
30966
30966
30966
22408
5704
5704
21160
21160
11579
28132
28132
23647
23647
15907
1274
31327
31327
25098
1274
1274
1274
3892
2646
28418
28418
28418
28418
28418
28418
28418
28418
30368
28418
24152
23971
23971
20547
24808
24808
24808
2917
2917
2917
7579
7579
27806
27806
27806
12901
29991
29991
29991
29991
29991
20563
20563
20563
19700
19700
11887
11887
11887
11887
11289
11289
11289
11289
26136
19987
23270
31351
31351
30544
23502
23502
23502
12636
12636
12636
12636
12636
5766
23829
21137
24529
24529
21137
21137
21137
21137
14470
16184
14470
32696
32696
32696
9861
18794
18794
18794
18794
31206
6913
28037
16079
6913
6913
6913
5293
193
12654
11635
11635
32652
18624
7352
3120
3120
26449
26449
26449
26449
26449
26449
3120
26800
19635
30797
30797
12382
