30423
12280
9377
19239
7074
7074
12508
12508
12508
12508
12508
7718
7718
7074
7074
32179
7533
5485
24032
18287
17021
13949
24603
8257
4901
18583
21939
18583
27248
27248
27248
15394
15394
15394
15394
15394
18332
18332
23376
24140
23376
30501
30501
25934
19940
19940
19940
19940
19940
15929
11998
7733
7733
27768
27768
27768
10586
25843
25843
5411
25717
1889
7044
7044
32519
20411
5067
18923
18923
18923
18923
10225
10225
10225
28570
22344
9306
9306
9306
8699
8699
8699
8699
13420
13420
32402
28364
28364
28364
28364
28364
28364
28364
22133
19907
19907
19907
19907
26763
49
16975
18857
21296
21296
21296
21296
21296
21296
19950
19950
18857
26119
10855
7046
7046
15971
15971
15971
15971
6534
5971
5971
25063
10370
4736
4736
21591
23703
11120
11120
26843
31489
8013
31269
31269
31269
11349
27951
6599
6407
6407
3520
2739
25355
13693
13693
347
28126
28126
32422
32422
25013
25013
20182
19433
12453
22594
22594
13816
11444
25191
22572
22572
15627
15627
15627
15627
15627
12668
12668
12668
23162
23162
23162
23162
23162
13924
28678
28678
23981
8905
18598
18598
19936
19936
4641
7140
7140
3847
10466
10466
30225
29989
28832
23151
23151
23151
29941
29941
8860
19866
9395
9395
22923
29688
29688
31995
31995
22923
22923
21792
21792
21792
4693
4693
9384
9384
9384
9384
5248
5248
5248
1713
1713
21227
21227
13020
5663
5663
5876
5876
5876
16533
7019
7019
9634
471
29369
29927
29927
29927
29369
29369
29369
29369
29369
29369
31638
31638
22315
22315
22315
3165
626
471
28934
471
471
471
12581
20116
20116
20116
20116
26870
26870
26870
26870
15011
14638
14638
14638
14638
28101
28101
28101
31693
31693
31693
28101
28101
28101
28101
28101
12678
12076
10718
10718
10718
7029
7029
7029
7029
4472
1482
12889
12889
12889
12889
11114
1482
25154
6278
7662
17052
17052
7662
7662
11813
22489
22489
3642
23283
18619
18619
18619
14229
29545
29545
3266
3266
3266
4963
6382
1953
2204
2204
27079
10514
19299
19299
19159
10484
26186
3869
3869
20617
30211
25951
24739
24739
24739
24739
24739
22662
22662
16537
8629
8629
8629
8629
8629
5478
26121
10351
5478
5478
5478
5478
2204
20020
20020
1215
1215
1215
1215
1215
1215
1928
1928
7032
27899
27899
27899
27899
27899
27899
27046
27046
20773
32187
32187
32187
20773
13751
11613
9476
3990
16434
16434
3933
3933
3689
2393
2393
2393
15602
15602
15602
8754
8754
2393
697
28858
28858
28858
28858
28858
28858
15658
8983
6494
22199
22199
3693
3693
30740
30740
3693
3693
28979
19584
3693
26215
26215
26215
4538
70
10753
6310
6310
22031
22031
16381
23590
3873
3873
32265
7473
29986
4595
132
132
15723
3632
11656
29937
29937
132
132
6071
2804
29215
29215
29215
29215
14003
14003
27343
10888
10888
8405
25388
25388
25388
22818
22818
22818
22818
12781
18250
14850
14850
31009
12196
12196
9207
9207
30927
9808
11439
9808
9808
9808
8438
20529
20529
29215
20529
20529
8438
8438
8438
4667
27064
31540
30168
24408
24408
24408
24408
24408
24408
17333
10523
10523
32664
32664
29968
29968
29968
29968
20550
4009
3951
3586
28766
4899
4899
3031
21073
7847
7847
7847
7847
31664
16876
16876
16876
16876
15625
13980
7847
22328
22328
15405
7847
7847
7847
7847
26695
26695
26695
26695
26695
26695
11977
11977
11977
7847
7188
6240
2612
2612
2126
1312
14268
14268
492
24173
24173
4573
18308
18308
18308
18470
18470
18470
18470
30240
4260
4260
29252
29252
30054
30054
30054
30054
28436
18680
18680
18680
13709
11310
11310
11310
11310
11310
32676
32676
28087
28087
28087
17463
13109
13109
25480
11728
11310
9394
26110
11630
174
30761
30761
30761
30761
9150
24459
15068
19739
14573
14573
14573
14573
22482
22482
14573
14573
14573
22498
22498
22498
17176
7216
7216
7216
7216
32570
26464
23320
32134
23320
23320
23320
28679
14993
14993
14993
14993
14993
14993
14993
14993
14993
14993
14993
14993
14993
23932
23932
23932
23932
23932
23932
23932
13876
13876
13876
13876
29027
7216
28295
28295
28295
8608
3349
24652
2383
2383
1363
408
408
183
183
183
183
28026
27776
27776
27776
30330
28996
28996
25582
25582
26948
26948
26948
815
11619
11619
29915
27116
27116
27116
31651
28175
9796
9796
16824
29963
29963
16542
16542
23157
23157
23157
29001
29001
28822
28822
24276
28326
24276
11568
8569
19274
19274
13116
2821
2821
2821
2821
2821
27833
28663
28663
31135
26490
26490
26490
18747
18747
25114
21682
10253
25086
25086
25086
31564
27632
30115
30115
30115
23644
21548
21548
21548
21548
21548
21548
24808
24808
30586
14595
14595
30107
30107
29937
16426
18789
13245
13245
13245
13245
13245
13245
11318
10987
9427
9427
9427
9427
9427
9199
6041
6041
6041
3383
12165
2034
2034
15551
28888
24566
24566
24566
11928
12891
30333
30333
17037
17037
17037
21019
21019
27112
14712
26909
12838
7047
7047
7047
19898
2175
2175
6829
6829
2175
7439
7439
7439
10191
16687
13572
14679
8788
8788
14855
14855
14855
31265
31265
31265
31265
24047
32174
32174
29317
29317
30022
29317
29317
29317
14630
14630
21951
21951
20341
20341
14630
14616
7774
7774
1780
4127
4127
2138
2138
19134
19134
19134
2390
12748
2390
2390
2390
12811
12811
9090
9090
5876
25525
26477
9758
9758
18516
151
8570
8570
8570
8570
18660
20238
18660
18660
18660
18660
30209
32738
32738
30209
30209
20593
20593
20593
20593
20593
20593
20593
20593
14322
13636
20148
12274
12274
12274
10012
10012
10012
9826
8306
9646
6652
6652
15500
15500
6652
6178
6178
6178
6178
22505
5698
4685
4133
4133
4133
3536
2931
2931
2592
22780
22780
25581
25581
25581
22690
27737
10556
12998
10556
10556
10556
18467
9695
825
825
15704
5754
5754
21101
21101
17215
17215
17215
18585
18585
17215
8614
4857
19145
19145
16964
16964
23162
23566
23566
23162
31246
30684
30684
32236
16084
16084
16084
16084
7455
6782
32256
1200
1200
16787
16787
16787
24667
24667
10158
7664
31375
31375
31375
24382
22926
28939
17117
17117
18732
17117
8411
1186
917
16770
16770
13123
8049
8309
22253
22253
21192
21192
21192
21192
18159
8309
14708
14708
2530
1805
1805
1805
1805
26795
26795
32168
32168
26715
26715
25135
19695
32617
32617
19695
30100
30100
28227
7168
7168
7168
3402
10489
16555
10489
10489
10489
10489
14824
14824
3402
3402
1502
1502
1502
1502
1502
1427
1202
30826
18664
18664
19191
19191
1202
32338
32338
32338
32338
32338
32338
32338
28321
22619
22619
20232
20232
20232
20232
27231
32126
32096
32096
32096
3890
3890
8253
8253
18798
15054
10516
24582
24582
24582
24582
13571
13571
10516
6009
6009
14799
14799
14799
14799
27416
14799
14799
14799
14799
14799
13434
11889
12320
7796
7796
7796
4851
4851
4347
4347
4347
15065
15065
16879
15328
15328
15328
15328
15328
7059
14951
12645
12645
12645
12645
2101
30613
30613
30613
19205
19205
19205
29397
12659
12659
9815
1701
1701
1701
1273
27320
27320
27320
1288
23935
21242
21242
21242
21242
3798
7859
7859
20093
20093
20093
3922
3922
3922
3922
3922
3922
3798
7876
2451
7748
7748
7862
7862
4972
4972
4972
3166
31054
31054
31054
2415
2415
1384
1384
1384
1384
13334
6425
6425
199
12419
12419
25624
25624
23704
12701
5101
5101
5896
5270
5270
3268
3268
29041
5695
2608
10107
10107
715
