32281
32281
32281
32281
25521
25521
25521
25521
32230
32230
25521
25482
25482
23988
31171
25132
23988
23988
23562
23562
23562
23562
23562
23562
24634
23562
23562
23562
26667
26667
27585
26507
26507
24883
25870
25782
29192
29192
28328
31384
31384
31384
31384
28653
28328
27545
27545
28147
27545
26275
27974
26480
26275
31718
31718
31718
31606
31606
31606
31606
31606
31606
31606
31110
31562
31562
31562
28088
28088
28088
26275
26178
25782
25782
25782
27533
27533
27533
25782
25782
25782
25782
25782
25782
25782
25782
25782
25782
25782
29419
29419
29419
29419
29878
29419
29419
29034
27720
27282
26431
30777
26220
25971
25971
25971
27232
30208
27232
27232
31427
31427
31427
29614
30495
31727
31727
31754
29614
29614
29614
27649
28838
27649
27629
28804
28804
28804
27629
27629
27347
27347
29636
29631
28345
27393
27393
27347
31169
31169
29969
29969
28169
28169
28169
28169
28169
28007
27232
26942
26838
26838
26553
26534
30530
26534
26394
29117
29117
26394
31057
31057
31057
30622
26000
30488
25555
25555
32709
32709
32709
32709
31751
31751
30369
27408
26738
26738
27715
27715
26738
26738
26738
26738
26318
26301
32546
26301
28110
28110
26178
26178
25826
25493
31011
31150
31011
32423
32423
32423
32423
32423
32423
32423
32423
32745
32423
32423
32729
31934
31934
30282
30131
32175
32175
32175
29036
29036
28812
28812
28812
28812
28733
27910
27649
26670
26670
26670
26582
27427
27427
28949
28949
30340
30340
30340
30340
30340
30340
30340
30340
30340
29926
27515
27515
27515
27515
28003
27515
27515
27515
27515
27515
28966
28966
32173
32173
28966
30523
30523
29467
28966
28626
27802
27736
26749
26749
26514
26384
29390
31269
31269
31269
31269
31269
30575
30575
31029
30575
29550
29550
29550
30176
29550
29550
29550
29550
29550
29550
29890
29042
29042
29042
32253
29042
29042
31272
31272
31272
31272
31272
31272
31272
31272
31272
31272
31049
31049
31288
28840
28840
31076
31398
27766
29528
27706
27842
27842
27842
32674
27690
27621
27621
27621
32414
32414
32414
32414
27621
27621
27621
27742
27742
27742
27742
27742
27621
27621
27526
27526
27526
29865
30144
30144
29865
30645
30880
28975
28975
28975
29868
29868
29868
29868
29868
29868
29868
29868
29094
29094
29094
31151
29094
28975
28975
28975
28975
28733
31815
31815
31815
28242
27512
27512
27512
30006
30006
30006
30006
31641
29060
28552
31338
28552
31865
31865
31865
31865
31865
31865
31865
31865
31865
29510
28736
28736
28552
28552
28498
28498
28498
28498
28498
27959
27469
27469
31954
31954
32095
31221
28759
28759
27468
27310
27173
27131
27131
27131
28068
31995
31995
31995
30340
31206
32275
32275
31258
30340
29767
28915
28915
28915
28915
31665
31665
28770
28770
28770
28770
28770
27805
27805
28737
28737
28737
28737
28737
28737
28737
27505
27505
27074
31601
31466
29985
29985
29258
28352
28352
28352
28352
27468
27468
31069
26814
29550
29550
29550
29550
26690
26690
26690
26585
26585
26585
28697
27527
27527
27527
31391
30607
30607
27527
27527
27527
32231
32231
29755
27019
27784
29784
26585
26585
26585
26505
26505
26505
31468
31468
31468
30338
30338
30845
30845
30845
30845
30845
30845
30845
30845
31407
32046
32046
32046
30845
30845
30586
29701
32337
29701
28974
28606
28606
28322
28296
28296
32374
32374
32374
32374
30986
29463
28664
28664
28664
27375
27375
27375
27375
27375
27375
26992
26992
26992
26992
26992
31393
31393
26680
26680
26680
26680
26680
26680
26680
28684
28684
28684
27751
27751
32246
32246
32246
32246
32246
32246
32246
32246
32280
32280
32246
32084
31775
31732
31131
31131
31131
31131
30530
30822
29294
30967
30967
30967
29005
29005
31791
28433
28433
28433
28242
28242
28242
28242
28242
28025
28025
28025
32050
32050
32050
28025
28025
28025
28025
28000
27876
27876
27808
32550
31870
31870
30104
27751
26762
26713
26656
26631
26631
26631
26631
26458
26384
26384
28173
28173
26384
26760
26879
26879
28582
26879
26879
26760
26760
26760
26384
26381
26381
26381
26379
26379
30560
30158
26359
26359
26359
26359
27299
27273
27273
31527
31527
31527
29750
29750
31402
31868
31868
31868
31402
31402
31320
31320
31320
29750
29750
27094
27094
26518
26518
26518
32047
32047
32047
31688
31688
31451
31451
31451
31451
31451
31451
31451
31451
31451
32106
29916
32665
32665
29412
29412
28366
28305
27549
31492
31492
31492
31492
31033
31033
31033
29879
29879
29879
29879
29879
30890
27261
30387
30387
30387
27261
26607
26463
26383
26383
26383
26383
28333
26327
26327
30544
30544
30544
30544
30544
30544
30544
29798
29798
29798
29636
29636
29636
29991
30350
30350
31942
32447
32447
32447
32447
30350
30350
30350
30350
29636
29553
29553
29553
29553
29918
29918
27787
27787
27787
29657
29657
32176
32176
27124
27124
31058
31058
27124
27090
30064
30064
30064
30064
26431
26431
26318
26312
26312
26303
26303
26296
26276
26276
26276
27585
26276
26276
26276
26276
26276
26261
26240
26240
26214
26214
26190
26178
26140
28543
28543
28543
32134
32134
28964
28964
28964
28964
28543
27779
27059
27059
26140
26061
26061
29238
29238
28838
32075
27181
27181
31952
31041
31041
30797
30366
28249
28249
27811
26261
28722
26357
26357
26357
26977
26977
26977
31081
31081
29815
29815
29815
29815
29815
28817
28817
28817
28817
26357
26357
26611
26611
26611
26611
26611
26611
26357
26357
26357
29750
29750
29750
28196
27452
26274
26274
27493
30484
30484
30484
26232
26212
28189
28189
28189
28189
30510
30510
28189
28189
31362
28189
28189
28189
28189
28189
28712
28189
28137
31948
31948
31948
31948
26278
26278
26001
26417
26417
28977
28977
28977
28977
26001
26001
25961
27495
32660
32660
32660
30503
30503
25926
25926
25926
29226
25926
26962
25926
30263
30263
27225
26366
26366
29293
30384
30384
30384
29293
32685
32685
32685
32685
32685
32685
29293
27316
27094
29259
26738
31930
31930
31930
31930
31047
31047
31047
31047
28475
25889
27135
27135
27135
25856
25795
29983
28607
28607
28607
28607
26117
26117
26117
26117
26117
26117
26117
26117
26117
25917
25794
25794
25794
27405
27405
25755
25755
25714
25695
25695
25695
25695
25695
25695
25685
25685
27163
30236
30236
30236
30236
30232
31636
30813
30813
30813
30813
30813
30232
29025
27595
27595
27595
27163
27149
30427
30427
30427
30427
30427
25662
29601
25662
25662
25662
27024
25662
25662
25662
28806
28806
28806
28806
25662
25599
25599
30790
30790
30790
30527
30527
30527
30527
30527
32495
32495
32495
32495
31565
31229
30527
28170
28170
28170
28170
28170
28170
28170
27699
27949
30252
30252
30252
30252
30252
28424
29147
29147
29261
28424
32380
32380
32380
32380
30318
30318
30318
30120
30120
30120
30120
30120
29460
29460
29460
28424
29481
28424
28424
28424
29391
28859
28859
27949
27949
27949
28933
27949
27699
27677
29059
28058
27464
27456
28267
27333
27333
27333
26995
26995
32137
26995
26503
26232
31810
31810
26232
26228
26228
26228
26228
26228
26228
31775
29928
28546
28546
28546
28546
26898
30398
30398
26898
26283
26283
28824
27404
32129
32129
32129
32129
28904
26977
26871
32031
32082
32082
32082
32082
32082
32082
32031
31162
29093
30133
30133
32364
32364
32364
32364
32364
32364
28859
28859
28437
28437
27588
27221
27221
26871
26824
26824
26371
26283
26283
26283
26283
26240
26240
28742
28706
28706
28706
26224
26176
26176
26176
28367
28367
28367
27570
26094
26003
25941
29960
29960
25941
25936
27006
27870
27870
25936
25936
25922
25901
25901
32317
32317
25716
30318
30318
30318
30318
30318
30318
30318
25716
25599
25599
25599
25599
25599
30803
30803
30803
29826
28386
28386
28386
28386
28386
27642
27642
25678
25591
30765
30765
32767
30765
30765
27907
26601
31448
31448
31448
31448
29708
29907
29907
29907
29907
32058
29907
29907
29708
29708
29708
29932
29932
30743
32757
32757
32757
32757
29763
29763
29407
28324
28324
31511
31511
31511
31511
30450
30450
28064
30244
28254
28254
27728
26878
26431
28932
28932
28932
26431
26431
31475
30437
30437
29302
29302
28918
26308
26308
26308
32388
29784
29784
29784
27635
27635
30408
30408
28864
28864
28864
27635
27635
28453
28453
32013
32013
32013
32013
30883
30883
30883
30883
30550
30550
30550
30550
30550
30550
28671
28671
28671
28671
28671
28671
28671
28671
28073
27602
27602
27404
27404
27367
27269
27269
27269
26607
26607
25875
28655
28655
28655
28655
25875
25875
32012
32012
29964
29964
29078
31650
31650
31650
31650
31650
31093
31310
31310
31310
31310
31153
31153
31153
31153
29573
28467
28467
27672
27672
27391
27391
27391
27391
31831
31118
31118
31118
31118
31118
31118
31118
29278
29278
29278
27392
27392
27392
27392
30007
30007
27391
30500
31878
31878
31878
31878
29984
27924
27924
27924
30136
27924
27376
27140
27140
26964
26941
26941
26941
26914
26872
26872
26872
26872
26698
32489
32489
31846
26401
26304
26304
26304
30319
30319
30319
30997
30997
30997
30997
30997
30997
28692
32656
32656
32656
32656
32656
32645
32645
29020
29020
29733
28622
28622
28622
28036
27508
29914
29914
29914
29914
27137
26757
26757
27368
27368
26158
29196
32147
32147
29023
29023
29023
29023
29023
26142
30749
26142
30812
30812
30812
29200
26142
26016
30824
30824
25939
31273
31273
31273
29327
29327
32017
28544
28544
28544
28544
28544
25939
25939
31219
31219
28307
28307
31413
31413
31424
31424
31424
27354
27354
26787
25816
25816
25773
25773
28746
28746
28746
32207
25808
25808
25748
25748
25748
27665
27665
25742
29588
30339
30861
26493
32644
26223
26223
25742
25742
25628
25591
25591
25591
25564
25560
25556
25556
27600
27063
31898
31898
31898
31898
31898
31269
31206
30470
30470
27143
27143
26456
26456
25823
26254
26254
26254
25547
25547
30075
25537
29641
29641
30781
30781
29641
31019
32479
32208
31019
29299
29299
28650
28650
28650
28650
28650
28650
27705
27705
31400
31400
29439
29439
30438
29128
29128
29128
29128
29128
29128
28145
28145
28145
32242
27326
27326
30951
30951
30951
30951
31909
31909
31909
31909
31909
31909
30951
30951
31924
29437
28468
28468
28279
32072
28269
32481
28269
28269
28269
31440
31023
30953
30953
30953
30953
30749
30749
30749
30749
30749
30913
30913
30913
30913
30749
32548
30749
30749
30749
30749
30749
29775
29775
29775
31818
29775
32411
28425
28425
28199
28199
28199
28177
28705
28705
28705
28705
28705
28705
28705
28705
27872
27872
27872
27872
27872
27872
27872
27590
27590
27590
27590
27590
30313
30842
30842
30842
30842
30842
27409
27409
27409
30403
30403
30403
30562
32201
32201
32308
32038
30018
30018
30018
30018
30018
30018
30018
30018
29487
30717
28834
28834
28630
31198
31198
31198
29601
29601
29601
29309
29429
29429
29429
31575
31575
31575
29938
29938
29938
29938
30310
30310
29938
29938
29429
29429
29429
29429
29429
29429
31300
29429
29429
32032
32032
32032
29623
29623
29309
28443
28386
28386
28386
28386
29386
29386
29386
29386
30254
30254
29852
29386
29386
29350
29350
28386
28386
28386
28386
28386
28386
28386
28386
28913
28913
28386
28386
28386
28386
31011
31011
31011
31380
28274
28274
28274
28274
29388
28216
27849
27639
27639
27602
27602
27546
27546
29463
27402
27402
27402
27231
27231
27231
27231
29736
29736
27226
30774
30774
31752
31752
31752
31752
32593
31515
32032
32032
32032
32032
31515
31467
31467
31467
31467
31332
28913
28446
28446
28446
30898
30898
30898
32228
32228
27415
27415
27415
27171
27571
27571
27090
27090
27016
26999
30709
30709
32063
30709
30709
30709
30709
26999
26999
26999
26999
26999
31853
31993
31993
31853
31853
30279
30279
30203
30203
30203
30203
28420
26999
26999
32501
32661
32092
32092
32092
32092
32092
32092
32092
32092
31980
31980
26995
26924
26924
26820
26820
26790
26790
26723
26723
26723
26603
26502
26502
30407
26502
26494
26494
26494
26486
26486
29245
29245
29245
29245
29245
29245
29245
29245
28529
28529
28529
28480
28480
32294
28456
28456
26415
26415
26415
26415
26415
26415
26415
26415
26358
32566
32566
30880
30880
31984
28298
26354
31634
30317
31821
29750
27020
26348
26983
27947
30377
31068
30377
30377
28957
28957
26983
26983
26983
26983
26271
26271
26269
26269
31209
32366
32366
32144
32144
32022
32022
28416
26170
26170
26215
26215
26170
26170
26170
26170
28970
26170
26977
26847
26847
26078
26076
31494
32306
26049
31610
31610
29596
29596
27503
27503
27503
30721
30721
26035
26035
25997
32620
32620
32620
32620
32620
32620
30771
30771
30771
30771
30771
30771
27800
27800
27800
27035
27035
27035
32402
32402
32402
32402
32402
31837
31837
25943
28954
27845
27845
25943
25943
31019
32634
32634
26029
26029
26029
25899
29190
28396
28396
28396
29484
29484
29484
30379
29805
29805
29805
31885
30099
29805
32464
32464
31414
31414
31414
31414
31336
29805
29805
29805
29805
29330
29330
29330
31402
31402
31402
29147
29147
29147
30427
32312
32312
32312
32373
32373
32312
32312
32312
30940
30940
32135
32135
32135
30427
30427
30076
29506
29506
29381
29147
29068
29068
29068
29068
29068
29068
31532
31532
31532
31532
31532
31532
31532
31404
31404
31404
31404
31404
31404
31404
30575
30575
30575
30575
30575
28911
28910
29393
28557
30002
32124
32124
32124
28557
28557
29544
29544
29544
29544
29544
29544
29544
28557
28396
28243
28243
30394
30394
27868
31255
27424
31102
31102
31102
31453
31453
31453
31453
31453
31102
31316
31316
31316
31316
31316
31316
31316
28507
28755
31415
31415
31415
31415
31415
32745
32745
30600
30427
30427
30427
28649
27424
27424
27421
27421
31924
32017
32017
27421
27421
27306
27306
32322
32322
27285
27248
27062
26990
26990
26990
26990
26990
26830
26830
26690
26690
26690
28540
26569
31497
31497
26569
26535
32316
32316
30290
30290
31489
27999
27837
27460
26915
26915
26915
26535
26535
30458
30458
27460
30742
27460
27460
27460
27460
26415
26415
26415
26388
27594
27594
30914
27594
28678
27594
28028
28028
28028
26379
26379
32384
32384
32585
32384
32384
32111
30495
30495
30495
26489
26489
31995
31370
28415
28415
28415
28415
28415
28415
28415
26349
26349
29559
32661
28067
28067
27508
27508
27508
27274
26515
26345
26345
26345
30635
30635
30635
30635
30090
26337
27839
27839
26219
26219
31693
31693
31653
27903
27903
26094
32668
32668
26094
26094
26094
30446
30446
30446
30714
26094
26094
26094
25934
31214
29244
29244
28214
28214
30519
30519
25872
31538
31538
26680
32215
32215
30700
29165
28302
28302
32580
32580
32580
32580
32580
32187
32187
32187
31909
30615
30615
30543
30366
30366
30366
30366
29625
29069
29069
29069
28302
28302
28302
28205
28778
28778
28778
28205
29116
28205
27899
31083
31083
32589
32589
32589
28658
27830
27698
27698
29999
30204
30204
30596
30204
32126
32126
31565
31313
31313
30204
31540
31540
31540
31540
31540
31540
31346
31346
31346
31346
31346
31346
30846
30341
30341
30341
30341
30341
30341
30341
30341
30204
31609
31609
31609
31609
31854
30168
30851
29792
29792
29792
29792
29792
29792
29717
29717
29717
29483
29392
30237
30237
28814
29405
28814
28814
28766
28766
28194
30589
28194
28032
28017
31365
31365
31365
31002
31327
29921
29921
29921
29042
29042
27884
27884
30444
30444
30444
27884
27884
27561
30572
31989
31989
31989
31989
31989
31989
31989
31989
31922
30572
30572
30572
30572
30572
29715
29715
30163
29554
29554
28659
28659
28659
29191
27784
27784
27784
27561
29062
29062
27561
30785
30785
30785
30785
30785
30785
30785
30546
29122
32585
28081
28822
28822
28822
30671
28822
28822
28822
28822
28822
28326
27809
27739
27739
27739
27739
27739
28393
28393
28393
28393
28393
27739
27739
30191
30191
30191
30115
27632
29937
29937
29937
29550
29550
29718
30933
29718
29718
29718
27632
27632
27632
27632
27739
32282
32282
32092
32092
28482
29435
29435
28482
27739
27739
27632
32431
27561
27561
27469
27439
27439
27439
27439
27269
27050
27048
29497
29497
26784
30522
26784
26784
26784
32608
32419
32392
29724
29724
26966
26735
29413
26520
26520
28629
28629
28629
28629
28629
26480
30209
30209
30209
30209
30209
30209
30209
26786
26786
26480
26477
26477
26477
26477
26477
26477
26477
26292
26292
29210
29210
28696
28696
27246
26835
27285
26835
26835
27737
26905
32103
31416
30073
27706
26168
31875
27878
28003
28003
26168
26168
26702
26168
26123
26764
30391
30039
30039
30039
30039
30039
30039
30039
30039
30039
30039
30039
30039
30039
30039
30039
30039
28939
29362
30810
30810
30810
32168
32168
32168
30810
30810
30810
30810
29873
29873
30100
30100
30100
30989
30989
30100
30349
29873
29829
29829
29829
29829
29829
28227
27640
27640
27640
27640
28321
28321
32543
27510
27510
27510
30832
30832
30915
30915
32096
28256
28256
28256
30895
30895
30895
30895
30895
30895
30895
31001
31001
30683
29617
29617
29305
29305
28256
28256
28256
30293
28256
28256
28256
28256
28256
28256
28256
28256
29654
29654
29654
29146
27561
27561
27561
27510
27496
27685
27685
27416
31363
27416
27416
32613
32434
32434
29488
27416
27364
31913
30161
30161
30161
29827
29827
29041
29041
29041
28950
27944
31600
31600
31600
31600
31927
31927
31927
31927
30019
30019
30019
30019
30019
30019
29433
29162
29162
28914
28914
30912
30912
30912
30912
28914
27646
29417
30184
27364
27071
27071
27071
27071
27071
27015
26661
26661
32489
26661
26502
26502
26502
26502
26367
26123
32397
32397
31969
29394
29394
29394
29394
26709
26123
26110
26110
30929
29135
29135
29393
29393
29393
32275
28926
28926
28926
28926
28926
28926
28926
28926
28926
28926
28926
30090
28926
30157
30157
28926
29501
29501
29501
29501
29501
29501
29501
29501
30036
30036
29501
28926
31870
31870
27629
27629
27512
27512
28123
28123
32495
32495
32495
27284
29755
29755
27043
27043
27043
27043
27043
29394
31981
31943
31405
31405
30947
30947
30947
29556
29556
29556
30946
30946
27266
27266
29772
29772
30771
30771
30771
30771
30771
30771
30771
30771
30771
30918
27105
30482
30482
26489
26908
26908
26489
29336
26489
26300
26300
26300
28234
28234
26267
26267
30043
26110
26085
26085
26085
26085
26085
26085
31405
31405
31405
31405
30725
30725
32748
30725
32618
30575
29535
28108
27772
32194
32194
32194
32404
32404
32404
32404
32404
28737
28737
26068
26056
30474
30054
26056
26056
26048
26142
28982
26564
26048
32543
32543
31414
31414
26494
27957
32706
32706
26034
26034
26023
26021
26021
26021
26021
26005
26005
26458
28210
31030
31131
28101
29138
29138
29138
31651
31651
31651
31651
31651
31651
31635
31171
31171
31171
31171
30990
30990
30756
30756
29796
29796
29688
32385
32385
29659
29659
32464
32464
32464
29214
29214
29214
29009
32472
30118
32433
32433
32433
29009
29009
29009
29009
28947
28947
30034
31479
30034
30034
28968
28968
28968
32240
32240
32240
32240
28968
28968
28968
28968
28968
31058
31058
31058
31058
31058
31058
28968
28968
29545
28947
28709
31921
31921
31921
31182
30486
30463
30463
30463
30463
29204
28709
28166
32207
28166
28101
28101
28020
28020
28020
28020
28020
32179
32179
32179
32179
32179
31909
29095
29095
28747
32528
28747
31093
31093
31000
31000
31130
31130
30936
30936
30936
29980
29980
29383
30013
30013
30013
27621
27621
27621
27621
27621
27497
27411
27411
27204
31541
31541
31541
31541
28442
30615
30615
30615
30615
29464
29464
28312
27144
26829
26829
26829
26829
28480
28480
27399
27399
27399
26102
26102
26102
26102
26102
26099
26099
26584
26086
27137
32432
32432
32432
31792
29528
27137
29894
29894
29894
29894
29894
26086
26086
26074
26062
26062
26062
29679
29679
29679
25999
25975
30915
30915
30915
26989
26110
26110
27002
30863
30863
28198
25957
25957
25906
25906
25899
25885
28198
28198
28122
28122
28168
28168
32550
28168
28168
27658
27658
27658
27658
27658
27658
31163
27658
26679
30042
30042
31386
30042
30042
30042
29362
27675
27675
32030
27715
27715
27715
30376
30376
30376
27465
31778
31778
31778
31778
26907
26067
32629
30029
31243
31243
27840
27840
29241
29241
31920
31920
31920
31920
26648
30482
30482
26648
26484
29958
30110
30110
32429
32429
32333
32333
32333
32333
32333
32333
32333
31336
30894
30894
26415
28340
26266
26266
31902
26067
26034
25953
25880
25880
25872
25872
25872
25872
25872
25872
31260
31260
31813
31260
28640
25866
25866
25866
32544
32544
32544
26431
25866
25866
31888
25866
25866
25866
27025
27025
25856
28738
25856
25856
25856
31508
31508
31508
30469
32061
30469
27409
26270
32244
30784
30784
30784
30784
26413
26413
26413
26413
26413
26413
25866
25856
27971
27971
27971
27971
31016
31016
31016
31016
31016
31016
31016
31016
28988
28988
28988
28988
28988
28988
28813
31783
31783
31369
31369
31369
29294
29294
29294
29294
29417
29417
29417
31038
31214
31214
30313
29799
29799
29799
29799
29294
29294
29227
28955
28955
28955
28850
31677
32272
28850
28750
28679
30188
29700
29700
28236
30224
27971
27878
27878
27878
27878
27878
31721
30139
30139
30139
30775
30775
30139
30759
30759
29955
29955
29928
29060
29060
31693
29894
29894
29894
27552
27552
27015
27015
28354
28354
28354
28354
27015
27015
28323
29653
29653
30371
30371
30371
30371
30371
30371
30371
30371
30371
30371
29653
28323
28323
29344
32059
28323
31685
31685
31685
28323
28222
28222
27770
27770
29457
29457
29457
29457
29457
29457
27762
27762
27762
27343
27343
29610
29610
29260
27015
30525
31761
30525
30022
27011
26979
30333
26979
32268
32268
32268
32268
32268
32268
32268
28227
28227
26979
26916
26916
29272
26905
26871
26871
31381
28635
28635
28635
28635
28635
28635
30606
30486
30486
30486
32301
31923
31923
30486
30486
30138
28531
28531
28455
27975
27085
27085
29855
29855
27299
30519
30519
30519
28573
31528
31528
31528
31528
30544
31415
31415
31415
31415
30749
29276
27915
27915
27915
30302
27915
27915
27299
32459
32459
27299
27299
30889
30889
30889
30889
28389
28229
32250
32250
30165
29949
29949
28904
26822
29150
29150
29396
29396
28800
26738
26738
26713
26713
28319
27295
27295
27295
29061
27295
26713
26713
26713
26713
26713
26713
26713
26713
29601
29601
29601
28361
28361
28361
28361
28361
27529
26807
26807
26616
26616
26608
26608
26608
27263
29379
26490
26448
26389
31228
31228
31228
31228
32377
31228
30616
28216
26389
29027
29027
29027
29027
29535
31518
31518
29027
29027
29027
29027
29027
29027
31760
31760
31760
32218
29027
29027
29027
30516
30516
30516
30872
30245
31042
29734
29734
29104
27968
27968
27968
27904
28742
27904
27904
27468
27468
27034
31132
31132
31032
27955
32300
32300
28324
28324
28324
28324
28303
28303
27955
27955
27955
27955
27955
26304
26178
26178
26178
26178
26178
31238
27885
32696
27885
26476
26476
26476
26128
26128
26128
30758
28175
28175
26116
26051
26047
26047
25987
25987
28513
25987
25987
32603
32603
32603
32603
25856
25856
25856
25856
25856
25856
25856
29246
29246
29246
29246
29246
25856
25830
25830
25804
25804
26100
25759
32627
32627
32627
32627
32627
27143
27143
27143
27117
27474
30694
27474
29989
28855
28855
30824
30824
30824
30824
28564
28564
28564
28237
27707
27307
27307
27307
28486
31332
27775
25869
25869
27756
30318
30318
30318
30318
27756
27756
27355
25948
29336
29336
25948
25948
25948
29588
29588
30273
30273
29588
30580
30774
30774
30774
30774
30774
31485
31485
29789
29789
30866
30866
30866
30866
30509
30509
30509
32036
32036
32036
32036
32036
32036
30436
30363
30363
29588
29588
29588
29588
29162
29162
32330
29162
29162
29162
29162
29162
32267
30695
29636
29636
31377
29636
29636
28354
28354
29490
28354
28354
28354
32767
32767
32406
32406
32406
32406
32406
30954
30954
29768
31719
29782
29782
29782
29782
31147
31147
29782
29782
29782
29782
29782
31270
31892
31892
31270
31270
29782
29782
28354
28354
28354
28354
28354
28354
28354
28354
31550
31550
31765
31609
31609
31609
30302
30183
29440
28284
27940
29425
29425
28926
28926
29962
29962
29962
29962
30872
29962
29962
29458
32528
32528
30179
30179
32142
30718
30718
30718
30718
30173
27916
27821
28629
31770
31770
31452
31452
27730
27730
27730
31109
31109
31109
29147
29147
27730
27730
29843
29843
30332
29843
29357
31328
29943
29943
30121
29804
29357
29357
29343
28163
28163
29304
28163
27841
30973
30973
27841
27730
27666
27655
30509
31082
30509
30509
30938
30305
29933
29933
27975
27975
29344
29344
29344
30102
29344
29344
27717
27655
32289
32289
32289
32289
32289
32289
32289
32289
32289
32289
30310
32397
30310
30207
30207
30207
30207
29003
29003
29003
28368
28368
32735
32735
32735
32735
31733
31733
31733
31733
31136
31136
31077
31077
31077
31077
31077
31050
30351
30005
30005
30005
30005
29510
31296
31296
30701
30701
29822
29822
29822
29822
29822
29510
29510
29510
29510
29347
29347
28986
28986
28986
30964
30964
30964
28224
28224
28224
28224
28445
28193
28193
28308
31691
28119
29900
27326
27326
27326
27294
27294
27294
27294
27294
27237
30533
27198
27198
27198
27198
27198
27198
27198
27198
27198
27198
32631
27198
27187
27187
27187
27187
27168
27168
27158
30553
28467
28467
30799
30088
28467
28467
28223
28223
28223
28223
28223
27096
27096
27096
27096
31000
27061
27024
27024
27024
27024
27024
30832
30832
27024
27016
27016
27016
27016
30248
30248
32705
29491
29491
31608
31608
26883
30574
26883
26818
26818
26683
26683
26674
26674
26674
26674
26674
26674
26674
28043
28043
28043
28043
28043
28043
28043
27970
27970
27970
27714
27714
27520
27350
27350
27051
27051
27051
27037
27037
27037
31259
31259
26664
26568
26568
26498
26436
31043
31043
30848
30848
31095
31095
31095
30881
30848
30848
30848
30848
30848
30692
31115
31115
31115
30692
27765
27765
28033
28033
26874
30415
30415
30415
29742
27680
27680
27680
26693
26693
28493
26670
26670
26670
26670
27391
26436
26436
26436
26436
26436
30865
30865
30865
26403
26403
26403
26403
26403
26389
26389
31544
26389
26389
26389
27466
27466
27014
27014
27014
26389
26389
29840
29840
29840
29015
29015
29015
26389
26345
26345
27229
27229
27229
26345
26317
28276
26267
31316
31316
32479
32479
32479
31316
32006
32006
32006
32006
32006
32006
31316
27272
26888
26247
26232
28281
30110
30110
30110
30110
32391
29699
28281
28281
28281
28281
28341
28281
28430
28430
28430
27881
27881
27881
27170
32743
32743
32743
26209
26209
26194
26180
26064
26064
26064
30184
31300
31300
31300
31300
31300
31047
31047
31047
31047
31047
29491
31095
29491
29491
29491
28781
28781
28701
31992
28701
28701
28935
32550
30504
30504
30504
30504
29207
29207
28935
28935
30817
28808
27873
29034
29747
29747
29747
29747
29667
29667
29034
29034
29034
29034
29034
27215
27215
27215
27215
27215
31011
31011
31011
31011
31011
30732
28650
28650
28651
28091
29539
29539
28869
29195
29195
29195
28118
28118
32432
32432
32432
32432
29579
29579
28118
28118
32449
32449
32449
32449
27041
29772
28849
28849
26064
26064
26709
27329
26709
26709
32104
32104
32104
31752
31752
31752
32285
31752
29146
29146
28156
31455
31455
31455
31455
26709
26709
26709
26709
26709
29154
29154
26709
26278
27750
27750
27750
31710
31710
31710
31710
31710
31710
31710
31710
32365
26064
26055
26055
32512
32512
29766
26026
26178
26178
26026
26026
26026
26026
26026
26017
32391
31340
31340
32758
32758
32714
26017
26017
26017
26017
26017
31260
30708
30708
30708
30708
28000
27771
27536
26913
25999
25999
31451
31451
30980
30980
31664
31664
25998
25961
27085
28876
25949
25939
25939
29811
29811
25939
25917
25896
25890
25889
25889
25889
25889
28687
25889
25889
31845
31845
31845
31872
25868
25868
25868
25868
29052
29052
29052
28081
28081
32498
32498
25838
30450
30450
30252
32527
32527
32527
32527
32527
32527
32527
30357
25759
25759
25759
25759
25758
25750
25742
25725
25720
25720
25719
25719
25716
25716
30213
26144
26144
28640
28640
27195
27195
25919
25919
25919
26984
26984
25919
25919
25711
27936
30439
30439
30439
30439
30439
30439
27835
27835
25743
29158
25743
25693
25683
25683
25683
25683
25683
25678
25678
25678
31141
29198
29198
29198
30183
25678
28321
26532
25678
25678
25676
25669
29884
30821
30821
25659
27035
27035
27035
30834
30834
32735
25656
27881
29016
32570
25648
27080
27080
25648
25648
25648
25637
25637
26821
26821
31672
31847
30325
30325
30325
30325
29486
29486
27414
27397
27397
29891
25634
25634
25634
25624
25620
31292
29767
25619
25615
31795
31993
29170
30584
29170
28160
28160
25819
25604
25604
25604
25604
25604
25602
29901
29901
29901
29901
29901
29901
32053
30755
30755
30755
30755
30755
30755
30755
30755
28699
26311
26311
26311
26311
25602
29149
25596
25582
25582
27549
32227
29770
29770
26361
26361
25575
25575
25574
25570
25570
30470
31905
30470
30562
31947
31947
31947
31947
29193
29098
32031
29098
29098
29098
29098
25637
25637
25637
30687
30687
30687
30687
25564
25551
29241
29241
29241
27400
27400
31744
32490
32490
31744
31744
29822
29822
27191
25537
31025
31025
30285
30285
31192
31192
31192
31400
31192
31192
31192
30285
32007
32007
31566
31037
29146
29020
29020
29020
29020
29020
29020
29020
28877
28158
29135
28007
28007
28007
28007
28007
32632
32632
30701
26731
26731
26731
27373
26731
26238
26238
26231
29146
29345
29146
29146
29146
29146
28457
28457
28457
28457
31400
31400
27693
26230
29776
29776
29776
26230
32718
26230
26230
26230
25869
25869
25869
25624
25624
25624
25624
25624
25599
25599
28582
25599
25537
25520
25517
25517
29834
25517
29195
29195
29667
29195
27639
27639
27639
27639
27639
27639
27639
27639
27639
30417
30417
30417
32373
32373
27379
27252
28928
27481
27481
27481
26796
27209
31551
31551
28818
26416
25903
25903
32453
32453
32453
32593
32593
32019
32019
32019
28246
26264
31622
31622
31622
30278
30012
30012
28397
28397
28397
28397
28191
28191
26264
26258
32070
31604
28520
26062
26022
26022
30379
25514
25512
25507
25507
25507
27802
27802
31734
31734
28291
28291
28291
27703
27703
27703
27703
27703
30456
30456
30456
30456
31357
26093
26093
26093
26093
31433
31433
31433
30656
31322
31704
31322
31322
30656
30379
31883
31790
31790
31790
31790
31790
31790
31596
31564
31564
29906
27839
27167
27167
29193
27167
30778
30778
25993
25993
25993
32750
32750
27583
27583
27583
25933
25503
25503
31344
26862
25503
30138
30089
30089
31920
31920
31920
29782
28590
28590
28590
28590
28590
31003
31003
31003
32468
32468
31650
31003
31003
27316
32644
32644
30159
30159
30159
30190
30235
30235
30235
29826
31953
31953
31953
31953
27316
27316
27316
27111
27111
27111
28443
27091
27091
25651
28513
28513
25651
25651
25651
25503
28921
31470
27719
27719
27084
27084
32684
32684
32742
32742
29366
29366
27934
32599
32599
32599
32599
32599
32599
31525
31525
31525
31525
27934
32267
32267
32267
32267
32267
32275
31374
31374
31374
30481
30481
30481
30019
27934
27934
27568
27568
31977
30967
27568
26910
29577
29577
31098
27233
26570
31865
26570
26157
30552
26876
26145
30663
31890
31890
30663
26468
26145
25913
25503
28483
28483
28483
28483
31997
28483
31145
32311
32311
32311
31145
31145
31145
31145
31145
31145
31145
31145
29881
27845
27845
29323
27845
26123
28246
30855
30855
30855
31027
31027
32126
32126
32126
32126
32126
28994
28431
28127
27049
27049
26827
25733
27361
27361
26417
30579
30579
30579
27797
27797
27797
27797
31352
31352
31352
30093
30093
29579
29975
29975
29975
29975
29975
28873
31983
31983
28873
27843
32465
32465
26589
28752
25756
30513
29061
25756
25756
25756
27025
25504
25504
25502
28645
28645
32332
32332
32332
31079
29921
27720
31984
25502
25502
25502
25502
25502
25502
25502
25502
25501
25501
25501
25501
25501
25501
25490
25489
25489
26018
25489
25489
27107
26624
26624
30949
30949
30949
30949
28071
28071
28071
27508
27446
27446
28215
27446
27446
27446
27446
27446
28309
28309
26999
30404
30404
30404
32021
30373
30373
29611
29249
31675
31675
32179
31675
28865
28856
28856
28856
28629
28116
28116
28116
28116
28116
29083
29083
28787
28787
31716
28787
28947
28707
28707
28707
28707
28369
28116
28116
28116
30523
30523
30523
29915
29915
29915
28207
28207
28207
29736
29736
29736
30382
28116
32247
28116
30380
30380
28052
28034
28034
28034
31472
28034
28034
28034
28034
28034
28034
27942
29278
29278
27942
27942
27763
27763
27664
27913
27913
30251
27664
32287
32287
27664
27664
27664
27664
27569
31934
31934
31934
29583
29583
29583
29583
30352
30352
27368
27368
31107
30393
30393
30393
32210
29117
29117
28542
28542
28542
27952
27952
27952
27837
27311
30321
27311
27311
27082
27082
27922
26986
26986
26921
28289
28289
27922
26752
26752
26752
26752
26569
26569
26569
26569
27396
26514
26514
26508
26508
28407
26470
29041
26468
29457
29457
29457
27547
27547
31589
31589
29883
27547
26468
31713
31713
28592
27149
26336
25971
25971
25943
25943
25943
25943
26045
25943
29781
31236
31236
31236
31236
32241
32241
32602
32602
32602
32602
30910
30362
30362
29781
29781
29781
29425
29425
29425
29425
29217
29217
29217
29217
29217
27988
27988
31441
31309
31309
31309
27847
27607
27607
27607
27607
27607
27607
27592
27592
27824
31285
31285
31285
31285
31285
31285
31285
31085
28264
28264
30697
30697
29331
29331
29331
28828
28828
28828
28828
26678
26678
32203
28997
28997
28997
30635
30635
30635
31182
30635
26545
30497
29080
30756
29080
29080
29080
29080
29080
29080
28046
31297
31297
31297
28680
28680
28680
28680
28680
28536
28536
28536
31571
28046
28046
27864
27864
26978
26978
32169
27144
27144
26978
26545
26535
26252
26252
26252
26252
31326
31326
31326
28313
27432
26088
26088
26088
29799
29799
29799
29799
28902
28902
28902
28902
28184
26088
26088
26088
26088
26088
26088
30920
28604
28604
28165
28165
28165
27697
27697
31354
31597
27697
26195
25943
25943
25943
25943
30136
30136
25888
25826
25826
32339
32339
32339
29820
29820
29168
28935
28935
26486
26486
26486
25826
25809
30774
30774
25717
31308
25717
25695
25695
25695
30250
30250
25680
25615
25611
25588
27326
27801
27801
30788
30788
31062
31062
31062
31062
29529
31694
29529
29529
26928
31142
31142
31142
31142
26928
26928
26928
29025
29025
32134
32134
26928
26868
26868
27388
26868
31792
31792
31792
31792
26574
25899
25899
25899
25899
25899
32116
30171
30171
31436
31436
31436
31436
31196
31196
31196
31196
31196
31196
31196
31196
31196
31732
31732
29086
27167
26855
26855
26855
26855
26717
26717
29276
25899
31505
31505
31505
28009
28009
29166
30119
29166
29166
29166
29166
29166
29166
30988
28009
27545
27545
26916
30036
30036
30816
30816
29419
29328
29328
32123
32123
32123
27682
27682
26916
26916
26916
26824
32300
26824
27879
27879
27879
27879
31597
31597
30487
30487
30450
29420
28377
27879
27006
27006
29221
31224
31224
31224
27006
27006
27006
27006
26994
26933
31169
31169
26984
27716
32093
26357
26347
26347
26233
26233
26233
26233
26233
31975
29772
26063
27501
27501
27501
29752
32040
32040
32040
32040
30549
31750
31750
31750
31750
30856
30856
30856
30856
30856
30503
30503
30503
30503
29971
28357
28014
28014
28014
27945
27945
27140
27140
28769
28769
28769
30216
30216
30216
30216
32507
32507
32507
28769
28769
28769
28735
28735
28495
27880
27140
27140
27140
27140
30506
30506
27074
27074
27050
26250
26250
26421
30698
30698
30698
32231
30816
32008
32008
30921
30921
29520
28031
27498
27498
30658
30658
30658
30658
30658
30658
30658
32511
32511
32511
32511
30360
30360
30360
30118
29850
26056
26056
26056
31540
31540
26056
32000
32000
26024
29465
26024
30146
30146
32110
32110
30514
32050
30514
30514
30146
30146
28540
28540
28540
28540
31279
31279
29554
31556
31556
31556
29554
29222
29222
29222
29222
30801
30801
31951
31951
28540
28540
28540
28540
28540
28169
28169
27638
27638
26024
26024
26024
31860
31860
31860
26024
26024
26024
26024
26805
26805
26805
29432
26021
30915
30915
30915
30915
30886
30886
31732
32580
30886
30886
29166
29166
32718
32718
32718
32718
32718
32718
31645
31645
31645
31645
30475
29149
29149
28133
28133
28771
27913
27904
27598
27598
27598
27598
26981
26981
25899
25823
25823
25808
25776
29596
29596
29596
27951
25725
25616
25616
25616
25588
25588
25588
25725
25915
32163
32163
25523
25483
25474
25474
30856
31583
28566
28566
28566
28578
27357
27200
28936
28936
31235
32308
25474
25474
25474
26415
25744
25744
25744
27929
27929
30241
30241
27865
27865
27535
27535
26604
25744
32148
32148
32148
32148
26072
26072
26072
26072
26072
26072
32358
29493
29493
26072
32181
32181
32129
31977
30551
30551
30551
28102
30302
28102
27663
27663
27663
27663
27663
27663
27656
29351
27656
27656
27656
27656
27656
27623
27623
27312
27312
30518
30518
30281
30281
30281
26665
26665
26665
28925
28925
26531
26531
31224
31224
27349
30128
26531
26531
26531
26496
26496
26072
26072
26072
26072
25470
25469
25469
29372
25469
26604
29034
29034
27948
30491
30491
30491
30491
30378
32075
32075
32075
32075
30378
30378
30378
30378
31647
31647
31647
30378
32290
32290
32290
32290
32290
30378
30378
30378
30378
32621
32621
30265
30265
30265
29922
29922
29922
28954
28954
28954
28954
31336
31737
31737
31737
31737
31336
28948
28948
28948
28948
28618
28618
28618
28418
28418
32603
29607
29607
29607
29723
30589
29723
29453
29453
29453
28418
28418
28418
27991
27991
27623
27623
27125
27125
27034
27034
26690
26690
26690
26253
26253
26253
26195
30061
30061
29393
29634
29393
29393
32699
32699
32699
25969
25455
25671
25455
27823
27823
25455
25451
25446
25446
30329
30329
30329
30329
30329
30329
27002
27002
27002
25446
25446
30652
30652
30652
29007
29007
26005
26005
26005
31976
31976
31976
31976
31976
27908
27908
27908
27908
29255
29255
31477
31477
31477
31477
31985
29255
29255
29255
29255
29255
29919
29919
29255
28549
28549
28549
28549
28549
27908
26706
26706
26706
26706
26706
26706
26706
26706
26706
32234
30031
30031
30031
27548
27548
31621
26706
26706
26071
25442
25442
25439
27930
30103
30601
30601
30601
32508
32508
29035
29035
31778
29035
29035
29035
29035
27625
29272
29272
29272
30642
30642
30642
30642
26613
31179
25439
25901
25901
25901
30328
30328
25901
25437
28315
28315
25437
25437
32345
26099
26099
26099
26099
25434
25434
25434
25433
25433
26070
30134
30134
25433
32632
32632
28410
29774
28974
28974
28974
28410
28583
28583
28583
28214
31522
28106
28106
28106
26726
26046
25433
29057
29057
29057
29057
27150
27150
27150
27150
25433
25429
25429
25426
27005
27005
27005
25426
25426
25426
25426
25426
25426
25426
25422
25421
25420
25417
25417
25416
31359
25412
31442
31442
27648
32001
32001
32001
31510
31510
31510
28840
28840
28840
28840
28840
31111
31111
31111
31111
28840
28840
28840
28840
30252
32749
32749
32749
28840
27922
32083
32083
30452
30452
27700
27700
27359
26120
27633
27633
