10003
10003
31921
31921
31921
31921
31921
31921
31921
31871
31871
31175
31175
31175
32584
31175
31544
30854
30854
30854
30854
30854
30657
30051
30051
30051
29721
29721
29721
29721
28884
28884
28884
28884
28884
27417
27301
29430
31791
29430
29430
32613
32613
28777
28777
28777
27132
32430
32430
27132
28301
28169
32051
32051
32051
32051
32051
32051
32051
32051
32051
27798
27798
27798
27101
27101
27018
26709
26649
26600
29357
29357
32660
32660
32660
31480
31480
31480
31480
31480
31480
31480
31480
27537
26600
31606
28880
32183
32183
32183
32183
32183
29999
29999
30976
30976
31416
32447
30976
30976
31428
31428
31428
30976
30976
30976
30976
30812
29999
29999
28786
28391
27912
27912
27912
27912
27912
27912
27912
27831
27798
30963
30963
29414
32568
28726
28726
28726
28726
26713
26713
26713
31786
31786
31786
32583
32583
28559
30139
30139
30139
28602
28559
27787
30761
30761
30761
30761
30761
30761
30761
30761
30761
28901
28901
28901
28901
28901
28901
27787
27787
27787
27787
27787
27787
26901
32731
32731
32731
32342
32337
26562
26562
28942
28942
28942
28942
28942
27755
27755
27755
27755
26411
26411
32760
32760
26551
26544
31715
31715
31715
31715
26400
29944
29944
29944
31214
31214
31214
31214
31934
31934
31934
31934
31770
32554
32554
31770
31770
30739
30739
29722
29722
29722
27771
28646
28646
28646
28646
28646
26937
26772
26751
26751
26751
26751
26969
26751
26751
26751
27886
27886
26751
26751
26708
26708
26708
26708
26400
26400
32117
26400
26400
29870
29870
29870
29675
29675
29675
27818
27736
27736
27736
27736
31599
31599
32158
26400
26400
31511
31511
31511
31511
31511
31511
28527
28527
28527
28696
28696
28696
28696
26394
26394
26357
26357
26357
31185
31185
31185
26325
28612
28612
28612
28612
26468
26468
28696
28696
26468
26468
26320
26195
32668
32668
26114
26114
26114
27161
27605
32569
32569
27161
27161
27161
26891
26891
26891
26891
26891
28646
28646
28646
26891
26771
26127
26127
30143
32454
32454
27021
27021
27021
26114
26097
26097
26977
26977
26977
26977
26977
26977
26977
26977
26065
29017
29017
27195
30037
26065
31505
31505
26065
32327
32327
31641
28944
28944
26971
28372
28372
26971
26065
32236
26065
26065
26033
26033
25684
25684
25671
25654
30862
30012
28880
25654
25654
25584
29320
30462
25584
25584
25584
25584
25493
25410
32084
32084
32084
32084
32084
32084
32084
29427
29427
29427
29427
30185
30185
28164
28164
28102
27713
27713
30227
27713
29354
29466
30541
30541
30541
29647
29466
29354
28797
31655
28399
26721
26721
28395
28395
29037
29037
29037
29037
29037
29037
31398
31398
31398
32491
31398
31398
31398
31398
31187
31187
31187
31187
31187
31187
31187
31187
30759
30759
30759
29314
28826
28826
28826
28826
28826
28826
28826
28674
28709
28674
28674
27227
26721
26721
26721
26721
32728
32728
26721
26721
26640
26448
26448
29080
29080
31967
29900
31537
32160
32160
32160
32160
32160
31537
29707
29707
29707
29707
28450
31224
27916
27916
27916
27916
27916
26429
26429
26223
26223
26083
26083
26083
26083
26083
26083
26083
26083
31271
31271
31271
31271
25796
32086
32086
32086
32086
32086
32086
31907
31283
30552
30552
30552
25796
27308
25796
25796
29059
29059
29059
29059
29059
25719
25708
31770
31770
31770
31770
29378
29378
26201
25708
25708
25708
29065
25708
31069
31069
25660
31988
31988
31988
31988
25632
30025
30025
30025
29851
27476
27476
27401
28944
28944
28944
28944
30839
31338
29657
29064
29064
32322
29869
29869
29869
29869
29869
29869
29869
29869
29869
28714
29223
28714
28714
28257
27557
27557
32048
28321
28321
28321
28321
28321
25866
25866
25632
25632
29618
25562
26171
32238
32238
32238
32238
32238
30613
30613
30613
30613
30613
28955
29315
29315
32069
27774
26747
25562
31817
31651
31651
29410
27571
26898
26898
26898
25838
25838
25838
31109
31109
26239
26239
26239
26239
25838
31700
31700
32091
32091
31700
30359
32524
28987
28987
28987
28987
28987
26857
26857
29502
29502
29502
29502
29502
26857
26661
28818
28818
28122
28122
28122
25526
29660
29130
30863
30863
29263
29263
29263
29130
27443
27443
29883
27443
32139
25511
25501
25497
25497
31583
31660
30468
30411
30411
30562
30411
30704
32150
32150
30745
30745
30631
30631
30631
30631
30631
30631
30385
30385
30385
30525
32183
32183
30525
28888
28888
26436
26108
26108
28536
28536
28536
31640
27860
29101
27273
27273
27273
27273
27273
27273
27273
30707
30707
29632
29632
27645
27645
26044
29507
29507
29507
29507
26044
31437
26208
26208
32033
32033
31633
31077
27796
27796
27796
27796
27796
27796
27288
29919
29919
29448
28236
29865
29865
29865
29066
29066
30438
30438
30438
29066
28465
28465
28465
29733
29733
26774
26774
26774
26774
31791
31791
26693
27677
27677
27677
27278
26668
30307
29437
31438
31438
31135
31135
29437
29437
31703
31703
26751
26751
26751
28668
28668
31138
31138
31138
28668
31527
30540
30540
31864
31864
31864
29706
29706
29251
30657
30657
30657
30657
31912
30427
30392
32588
31143
31143
28280
27665
27665
27665
27665
26544
30448
27520
26415
26415
26840
30315
30315
32407
32407
32407
27268
27268
27268
29878
27268
27708
27708
27268
26840
26840
31051
26814
29007
29007
31778
31778
31778
29588
30715
30715
29007
29007
30063
28373
28066
28066
28066
30018
32723
32723
32723
32723
32097
32097
32097
29365
29365
29365
29365
29175
30201
30201
30201
30201
30201
30883
30883
30883
31689
31689
31689
31689
31689
31689
30883
30883
30584
30584
30584
30584
30584
32521
30201
29883
29175
29175
28066
27804
27804
27804
27804
27804
30699
30699
31367
30356
30356
29195
29180
29180
27804
27804
27804
27743
27743
30241
30241
30241
27743
27621
27621
27621
27621
27621
27621
27440
27440
27440
27390
27390
27390
32035
32035
32035
27390
27390
27390
27191
26814
26754
26754
26751
26751
26751
26751
26751
26612
28078
30452
30452
26913
26913
26913
26913
31823
32747
32747
27385
27261
31842
31842
31842
31842
31842
31842
31820
31820
28616
28616
28616
28616
28616
28616
27283
27283
27283
26491
26491
26491
26491
26491
26400
26400
31820
31820
31820
31820
30081
30081
30081
31079
30081
30081
30081
30081
29908
29636
28669
28669
28020
32228
32693
31940
31940
28348
31356
32168
28020
27553
27553
27553
26349
26349
32301
30931
32444
32444
32444
30931
28417
28417
28417
28241
27499
27499
32665
32665
32665
32665
27212
26912
26912
26912
30581
32452
26912
26912
26912
26349
26347
30645
30645
30096
31511
31511
27741
30960
30960
28046
28046
27741
29264
29264
29264
29973
29973
29973
32559
32559
32559
32559
31991
31991
31676
31676
29707
29504
31586
30224
30224
30058
30058
29462
29462
29462
29462
29071
29071
29071
29071
29071
29071
28791
28010
31602
31602
31602
31602
31602
31602
31602
31602
31602
31602
31602
31224
30710
30710
28551
28190
30022
27040
27040
27040
27040
30171
32599
32599
27040
27040
27040
31143
26738
26443
26443
26443
26443
26443
30661
31557
31557
30661
30661
31189
32279
32279
32279
32279
32279
29246
29246
29246
29246
28758
31283
28758
27512
27512
27512
30193
30193
30193
26644
26644
32055
26953
29880
29880
26953
30560
26343
26581
26581
26581
26581
26581
26692
32722
32722
32722
27373
32228
32228
26692
29983
26342
26342
27398
31160
31160
31160
31160
31160
29450
29450
29442
26296
26296
26296
26296
27235
27235
28797
30133
31510
31510
31510
31510
30133
31420
30133
30133
30133
28797
31946
31946
31946
31946
31946
31946
31946
31946
31946
31437
31437
31437
29002
29511
29511
29511
29511
29511
29101
29979
29196
29196
29196
28797
29887
30918
30918
29755
28474
31565
31565
31565
31565
31565
32138
32138
31565
29470
28952
31402
31273
30356
30356
31317
30353
32707
32707
32707
32707
32504
32354
28952
28726
28474
28434
28434
29126
29126
29126
28866
