9527
687
687
22422
24820
24820
25552
25552
25552
25552
25552
17778
17778
17778
10733
31011
31557
31557
31557
9079
9079
9079
4281
1630
30117
30117
30117
24860
24860
10614
22615
17429
17429
14861
14861
14861
14861
14861
940
940
29417
29417
29417
27505
1501
31445
10967
10967
10967
9418
9418
7188
7188
10606
10606
24492
29297
29297
29297
29297
27461
27461
27461
27461
27461
27461
23120
23120
23120
14082
14082
12654
12654
12654
12654
12654
10151
10151
10151
16089
10151
15398
10151
27767
31982
27767
27767
27767
14652
14652
14652
14652
14652
14652
14652
10151
10151
3455
3455
1819
25245
9176
9176
2245
2245
7429
2245
29393
29393
8935
25122
17007
2657
15916
15916
2657
2657
9748
9748
9748
8127
1126
1126
19508
32274
32274
30004
30004
30004
30004
30004
20549
20549
487
487
487
17589
17589
17589
28974
28974
28974
20202
32071
32071
18612
18612
18612
18612
1139
32315
32315
17054
17054
32356
32356
11133
11615
11615
11615
11615
11133
6886
5320
17247
11544
11544
21419
19077
19077
19077
23539
19077
19077
19077
7731
14573
30743
15173
750
750
31981
31981
31981
31981
31981
29842
11972
12199
12199
27105
25069
25069
25069
24078
24078
24078
20467
20467
20467
20467
20467
20467
20467
20467
18301
18301
16289
16289
16289
16289
8336
25315
25315
14510
7655
30771
30771
30771
30771
30771
14558
14558
11279
19784
19784
1030
1030
1030
1030
13911
8359
9988
17186
24596
24596
24596
8359
6240
6240
3594
15530
2859
2859
2859
2859
2676
3183
3183
3183
1971
1971
26959
10206
10206
10206
10206
10206
10206
1664
30772
30772
696
696
28872
28872
9688
4454
4454
4454
4454
322
25566
25566
12441
12441
13860
8217
8217
27510
27510
27510
27510
27510
27510
26955
17117
15215
4347
4347
4347
4347
4347
10038
10038
10038
9316
4347
1429
1429
1429
3879
3879
3879
3879
3879
32618
32618
32618
8012
8012
8012
8012
8012
2117
1429
26239
16804
1429
1429
1429
1429
28108
28108
1429
6196
6196
6196
6196
6196
8991
6196
25575
25575
25575
25575
25575
529
529
529
280
280
280
4367
4367
4367
22516
25285
25285
21597
21597
21597
21597
21597
21597
21597
18702
13872
28562
28562
10044
4367
12333
18058
18058
18058
18058
18058
18058
17989
17989
17989
17989
9929
9929
9929
9929
15893
9929
9929
5969
2054
2054
19171
2054
96
96
3964
28982
18913
18913
18913
18913
18913
3055
9789
1802
6005
6005
25838
5352
2714
2714
2714
10429
10429
10429
10429
10429
9373
9373
28755
28755
28755
28755
28755
1678
1678
1678
1678
1678
8558
8558
6589
6589
6589
3437
27862
27862
27862
3437
3437
19028
22943
13909
13909
14731
14731
14731
14731
15249
20347
20347
26061
20347
15249
15249
15249
24517
12585
12585
11302
11302
9221
4949
29264
3635
3635
27026
31780
27026
31475
31475
27026
24358
24358
14364
32185
32185
14364
26618
14364
17319
17319
28940
31635
31635
31635
17319
17319
17319
14364
2979
2979
2979
2300
4993
4993
4993
4993
18093
18093
18093
26285
5166
5166
13221
5166
5166
5166
5166
3731
14903
14903
14903
3731
3027
3027
3027
458
880
334
334
334
99
5409
99
4937
4937
4937
29796
29796
29066
22359
29729
29729
29729
21385
29009
16983
28421
31618
28421
28421
20859
17350
17350
20852
20852
13245
20255
20255
442
22562
27906
19388
30223
30223
9331
30118
30118
30118
9331
9331
31585
29028
29028
21626
21626
21626
29452
29452
10423
10423
12202
15375
15375
24665
24665
24665
18906
18906
18906
15375
15375
28430
28430
31479
15126
15126
15126
5569
11866
11866
3746
16088
16088
16088
16088
16088
16088
9345
9345
4903
26102
17624
17624
30410
21840
6358
6358
31849
31849
31849
31849
28222
28222
28222
11063
23350
32182
11125
7594
31821
31821
31821
31821
31821
14858
11646
11646
24318
24318
24318
30962
8305
3689
19303
19303
19303
16968
22044
22044
22044
22044
22044
5764
5764
5338
18067
18005
5338
420
15582
15582
29454
29454
29454
29454
29165
12602
10540
10540
10540
8581
8581
8599
8599
8599
28747
27144
21627
25667
11430
11430
11430
8599
8599
8599
8581
8581
22232
22232
22232
8581
8581
8581
31093
31093
31093
31000
28100
26756
26756
25342
22909
22909
30889
31109
31109
30889
30481
10075
14555
30013
14555
14555
10075
10075
3975
5149
2151
1329
32000
19560
18476
18476
18476
17495
17495
16296
21541
21541
21541
13967
13967
13967
13967
7244
24227
24227
31777
25130
25130
25130
25015
24227
24227
24227
19848
19848
32449
22827
23612
23612
23612
23612
23612
23612
23612
23612
23612
23612
23612
22827
15536
15536
11906
8737
2965
8432
2965
2965
2043
6407
20056
6407
6407
12100
6407
6407
873
873
21422
21539
21422
20485
18324
18324
24486
24486
24984
24984
24984
24984
5704
5704
7525
873
9317
3459
9564
21734
180
26584
1167
1167
180
4112
4112
13940
13940
13940
2309
2693
2693
2693
2693
31659
13533
13533
28453
26462
26462
26462
23928
29528
31816
22018
22018
22018
15365
8558
31612
31612
31612
31612
23562
23562
7744
7744
7744
15932
6314
6314
29679
7890
29393
18805
26110
32021
32021
32021
26110
26110
19074
22662
22662
3807
3807
10162
10162
30058
14538
20159
26856
26856
16662
15749
15749
2063
2063
16426
16426
16297
16297
21693
21693
21693
27658
27658
27658
27658
27658
24450
24450
24450
24450
29562
29562
29562
29562
29562
25732
21693
21693
28203
22359
22359
17257
17257
13861
22481
12699
11928
10931
28189
22391
22391
22391
10291
10291
9987
9987
9987
9987
9987
6765
7509
6765
6765
25953
25953
4588
25835
25835
27257
24886
24886
24886
24630
24271
24271
24271
8936
8936
2797
2126
2126
18524
14914
14914
26067
27715
8909
8909
20640
8909
8909
4223
29908
25425
25425
20994
20994
20994
20994
20994
20735
19638
19638
28195
19638
28765
28765
22051
17461
21750
17461
17461
8287
8287
5199
20617
20617
9788
17103
17103
22423
5813
31079
5813
2172
2172
30029
30029
30029
14945
2172
2172
24364
24364
10506
8681
8681
8681
1664
3824
26650
26650
26650
26650
26650
26650
25526
25526
26266
26266
31236
25526
25526
25526
22211
21097
18289
18289
14599
14599
27667
26731
21151
21151
7306
30482
25671
27551
27551
27551
27551
27551
27420
27420
27420
27420
27420
27420
22142
18772
19703
16174
15372
12222
11417
11417
11417
11417
11417
11417
31703
31703
9898
9898
9898
9856
8083
7965
25584
25584
19442
19442
14659
14659
7965
7965
7306
7306
6915
5823
5823
5823
5823
4848
19867
17539
17539
17539
17539
17539
12169
11528
7547
7547
19467
19467
19467
9653
7547
7547
7066
7066
32533
32533
3562
14239
3562
3562
20718
3562
2642
2286
28900
28900
28900
25355
25355
25170
25170
16174
17628
9489
9489
2171
3398
3398
207
207
27025
27025
27025
6206
24715
21958
6206
18410
18354
18354
18354
205
205
100
24009
24009
2053
100
100
31935
31935
31935
18408
18408
18408
5503
13921
22917
22917
22917
22917
22917
22917
22917
22917
22917
22499
4151
1218
30129
30129
30129
16839
16839
30784
10365
10365
10365
27030
27030
10365
23678
23678
23678
23678
10569
10569
1260
1260
1260
27222
27222
27222
21825
17306
17306
22066
22066
1260
1260
30129
16836
21946
21946
1260
2196
2196
2196
23200
23200
2196
11876
32733
11876
11876
18625
28620
28620
26323
749
749
23278
25206
6094
4239
21107
26756
3360
3360
3360
3360
3360
7476
7476
7476
7476
19488
7476
29773
29773
29773
29773
22814
22814
4594
4594
4594
4594
4594
4594
25296
4594
3360
3360
3360
16205
16205
16205
16205
15952
27688
27688
27688
27688
27688
19988
18339
18339
8501
8501
6385
11768
11768
11768
11768
11768
11768
27216
27216
27216
24674
24674
31214
24674
32087
32087
30313
30313
30313
29799
29799
29799
27510
27510
27510
22707
22707
19150
18702
18464
16594
6385
6385
6385
6385
29603
30095
30095
30095
30095
30095
28827
28827
28827
20382
10560
10560
10571
7177
7177
6385
10107
3547
3547
3547
28087
442
3821
3821
442
442
22164
22164
22164
22164
18168
18168
18168
8190
8190
8190
8190
6183
9307
9307
9307
11590
11590
11590
31681
31681
31681
19720
19720
19720
11590
9307
9307
9216
9216
1469
1469
1469
1469
32182
1087
18424
18424
18424
257
1750
1750
29955
29955
29955
5856
5407
15390
15390
15055
13391
13391
14479
11365
11365
16030
11365
3398
3398
2245
2245
13812
15518
28306
30234
28306
28306
15518
17861
17631
23195
23195
23195
23195
23195
23195
22959
21575
16478
13765
13765
13765
13765
13765
10665
10665
8612
8612
29718
29718
29718
29718
29718
29718
29718
30131
30131
28409
28409
29653
29653
29653
12216
11364
30371
8745
8358
7675
7086
6879
6879
13730
22710
11980
4865
2085
2085
2085
17383
1963
1963
1963
18608
18608
19273
14963
12706
25028
25028
30751
30751
30751
29120
29120
25028
26916
24191
29995
29995
31590
31590
29995
29995
24191
22096
20549
27955
23868
31034
31034
20411
19046
17154
17154
17154
17090
12738
12738
12738
21015
21015
24632
24632
24632
24632
10004
10004
21631
21631
21631
21631
21631
7564
21865
7564
7564
4383
4344
2439
22380
10149
2439
2439
1205
13506
13506
13506
29202
25637
25637
29260
38
19659
28164
28164
11073
13871
13871
13871
3047
3282
3282
3282
3282
16089
16089
22051
26280
23665
23665
23665
14829
14829
14829
7211
7211
7211
7211
7211
7211
7211
7211
3288
2510
20567
28227
21733
21733
15979
15979
6198
5616
8089
22489
22489
22489
1090
1871
1090
1090
4449
7484
7484
613
28894
613
613
20541
13689
613
8364
8364
17717
18847
4433
26905
26905
26905
26905
26905
26378
26378
26378
26378
14149
14149
28654
14149
11837
11837
8482
8482
8482
31289
24873
24873
12422
11172
11172
11172
2728
2728
14792
14792
2728
15512
15512
30775
15897
15897
15897
15897
15897
15897
15897
7
13929
13929
17313
13929
13929
18614
18614
13929
31880
31880
31880
31880
31880
12980
12980
12980
12980
12980
12980
12980
16404
16404
16404
9295
26871
4314
11074
14962
14962
5219
2186
2186
2186
2186
19863
25041
25041
25041
20753
20753
19729
18330
18330
18330
18330
18330
18330
18330
18330
17791
12989
12989
12989
12989
6761
6761
9320
9320
8887
8887
31760
31760
17935
17935
17935
17935
17935
17935
25018
7477
2199
32459
32459
10229
10229
10229
3021
3021
3021
3021
2199
2199
21913
1404
1404
1404
22935
23736
23736
19789
19789
30219
19789
32250
32250
25251
31249
31249
31249
31249
28904
14708
18765
26061
29117
26061
17777
23322
11983
11983
28800
20545
11156
21127
21904
21904
21127
21127
2191
3130
3130
24181
3130
1719
1719
15284
434
434
16873
28319
16873
7779
10390
26440
11012
10390
10390
7779
7779
13037
13037
7779
12420
13590
12420
17352
25597
27922
27629
27629
27629
29438
26508
26508
25921
25921
25921
25921
23904
23904
23904
20575
15080
15080
15080
9943
9943
9943
9943
6080
26846
26846
17683
27263
27263
30379
30379
30379
27263
27263
27263
7102
7102
7102
3244
17735
32678
6398
20561
13691
13691
14777
8610
8610
939
5679
3823
17268
17268
17268
17268
15642
30967
30967
30967
30967
25637
25637
25637
25637
25637
25637
25637
25637
30881
30881
19871
19871
30955
30955
15180
15180
31518
11874
10501
31344
2517
28610
22918
22918
22918
22918
22918
22918
9284
9284
9284
5918
19103
19103
31760
5059
24424
11919
11919
11919
21593
21593
21593
21593
21593
21095
21095
16411
16411
16411
16411
18190
18190
12387
12387
12387
12387
12387
12387
12310
10490
10490
10490
10490
10490
4590
6063
25086
25086
14874
17512
16038
4595
4898
12842
12842
12842
12842
5732
5349
10069
10069
5802
5802
5802
18749
18749
26357
27887
27955
27955
31554
31554
31554
30822
25454
25454
25454
25454
25454
25454
25454
25454
25454
20669
3894
26738
3894
3894
3549
3549
3549
26828
12108
12108
14153
29469
14153
30137
19849
19849
19849
18912
18912
24955
17114
12851
12851
12851
22417
22417
9457
9457
17207
27781
27781
17207
2970
16641
31558
16641
12785
20455
13057
30393
30393
30393
30393
23633
23633
32604
32604
32604
32604
32604
32604
29905
29905
31921
21674
21674
13821
13821
13821
13821
12849
12849
7816
7816
7816
7816
6494
4876
3458
13959
13959
13959
8266
28513
28513
12609
8266
20481
20481
20481
20481
8266
8266
8266
1868
1868
230
27336
18509
18509
24352
24352
24352
29022
11089
11089
11089
11089
16603
16603
16603
11679
24577
24577
10377
10377
5367
4397
4397
4397
7411
15427
25353
6897
24624
24624
6897
6897
30913
30913
30913
30913
5564
22807
22807
22807
22807
22807
27143
27143
27143
27143
4450
21230
26216
26216
26216
26216
30694
30694
30694
24517
24517
24517
24517
21230
21230
24367
21230
17484
10390
10390
10390
10390
3783
28855
2890
31795
20039
20039
20039
6746
11085
6746
6746
4753
3397
4300
4300
27403
27403
27403
3882
10738
32426
32426
32426
10738
21678
21678
21678
21678
13020
24595
24595
30879
30879
30879
30879
30879
30879
30879
24595
24595
24595
24390
28516
11987
31332
31332
30762
30762
13041
13041
9524
27756
27756
21597
22442
25580
25580
25580
10910
10910
11532
18365
4797
25601
25601
25601
18868
12734
12734
12734
12734
12734
30273
30273
30273
24613
8726
4992
4992
3218
26664
15776
1623
566
24108
24108
29649
29649
29649
29649
29649
29649
24108
25602
25602
24108
24108
24108
14763
12628
5575
2012
14927
9882
3269
6355
29748
29748
30866
30866
30866
23101
310
310
10183
7850
24664
18949
18196
25299
25299
7312
7312
7312
7312
24100
24100
24100
12020
12020
12020
12020
12020
12020
12020
12020
28411
9409
15411
15411
15411
15411
14058
14058
14058
14058
11966
8915
8915
8915
8915
8915
7728
7312
15407
22339
6732
6732
6732
6732
6367
6367
6367
4697
4697
4697
3629
3629
3629
2567
2468
2468
8192
24230
55
6655
6655
519
519
519
17471
22696
17306
17306
17306
17306
11323
31594
15987
14525
27943
27943
27943
27943
28956
28956
14525
14525
29851
29851
29851
29851
29851
29851
29851
24959
24959
24959
12850
12850
11887
11887
11887
11887
11323
13481
11248
7533
15047
15047
23370
15047
15047
29059
29059
29059
23966
16682
15047
15047
6988
3635
3635
3522
3522
868
10322
9403
32173
32173
32173
32173
3302
3302
3302
29440
25493
3738
3738
3738
14610
10652
4981
2338
17186
17186
16500
16500
16500
7502
7502
7502
25702
17339
29425
29425
16446
16446
23485
16446
16446
16446
32034
7502
2158
2115
2115
2115
12235
12235
9678
9678
9678
415
415
30461
30461
30461
30461
30461
30461
30461
30461
30179
16861
16861
13932
21000
21422
12909
6524
26560
30173
13706
13706
13706
13706
13706
32244
18417
18417
24053
24053
24053
24053
13706
2811
2811
2811
2811
18826
18826
15305
7450
7450
17513
23473
22094
22094
16751
16751
20924
20924
6725
6725
6725
6725
6725
4827
4827
4827
26389
26389
26389
31109
29147
11596
11596
13157
13157
8145
7394
6900
10928
30871
27294
27294
12114
12114
16766
16766
7177
7177
2104
2104
19916
19916
8656
5535
22887
22887
18651
18700
18651
22687
22687
22687
17766
17766
17766
25401
4403
4403
4403
4403
4403
18106
18106
23020
23020
28889
22837
28090
11354
10125
19559
19559
31900
31900
30509
26165
31631
31631
22147
22147
26895
22147
22147
31652
18086
18086
18086
18086
18086
7416
7416
7416
2198
7841
20652
20652
14395
25433
25433
4811
2134
16374
16374
12381
12381
12381
12381
28558
12381
12381
10445
10445
29771
29771
29771
29771
29771
29771
29771
18451
18451
30506
5399
30310
5399
5399
15695
2652
2652
28316
28316
32439
32439
32439
32397
18491
18491
14352
21428
21428
22214
28820
32733
30004
25579
19203
19203
21590
21590
21590
18782
26134
18782
13326
13326
13238
11756
8800
29974
29974
29974
25836
16127
16127
2070
24650
27629
27629
25961
25961
6649
24933
4666
1950
1950
23407
23407
26436
23407
28639
16770
12830
12826
12826
10281
10281
1950
1950
19337
19337
30983
28224
28224
19337
28494
9359
9359
9359
9359
9359
14726
18355
14726
9359
22364
27024
27024
8520
8520
24514
8141
24752
24752
24752
24752
24752
24752
6531
1669
1598
1598
5418
5418
1537
1537
27198
11284
11284
11284
7160
7160
5243
27211
23704
2451
24073
10091
12017
12017
12980
11649
11649
11649
11649
26365
26365
7637
19024
32074
26972
26972
26972
11515
17980
25193
25193
25939
25939
25939
25939
28622
8271
8271
10885
7486
7486
7486
7486
3737
8614
8614
25753
25753
15462
21311
17835
17835
17835
6109
6109
6109
802
19139
30328
11646
11646
18696
18696
2976
27382
27382
27382
27382
21053
21053
31038
31038
8169
8169
8169
8169
32714
19452
19452
28019
28019
28019
28019
26545
18773
11073
11073
7306
7306
6286
29236
5818
16019
5818
11560
11560
30140
30140
30140
30140
30140
30140
12104
11560
11560
30639
30639
12080
12080
10985
13478
10985
10985
6672
31845
4918
4918
4918
3081
15718
30088
15718
15718
4743
21439
21439
21439
24371
18525
9161
9161
5475
7459
7459
7459
7459
7459
12868
7459
3162
3162
3162
29900
29900
14689
14689
14689
14689
14689
1878
1878
21515
10702
10702
11889
29372
29372
14287
7671
30832
32155
25258
25258
25258
2806
2806
7840
25004
25387
24431
16971
21074
16971
16971
16971
7250
7250
3374
28328
18649
18649
18649
25523
25523
27185
25523
25523
25523
25523
25523
23903
14858
9634
5941
1071
1071
1071
10419
28288
25663
25663
25663
25663
25663
25663
24482
21858
11869
10604
9118
8138
9184
6441
25407
25407
25407
25407
25407
25407
25407
24471
24471
23967
23967
23967
21844
21844
20272
20272
23746
23746
20272
20272
11949
5659
27350
27350
11252
11252
21913
21913
21913
21913
17962
14240
14240
14240
26403
31259
14240
29290
25896
25896
20305
20305
20305
20305
12653
12653
12653
12653
31133
23732
23732
23732
23732
11999
11999
14811
10307
23731
26325
26325
29250
29250
26325
26325
26325
7203
7056
7056
7056
8305
8305
7056
5156
5156
5156
240
240
1109
1109
1109
1109
1109
1109
1109
12974
12974
12974
12974
25498
25498
19769
30692
16704
16704
16704
23954
12974
30594
6316
6316
6316
4490
20520
4490
4490
4490
2135
2135
6924
6924
6924
30449
19478
11501
24377
24377
19156
19156
19156
29923
29923
22373
22373
22373
22370
19808
18416
16950
16950
16950
16950
16950
16950
27846
27846
27846
16950
16950
16164
11228
11228
11228
11228
8799
23812
21175
4023
1569
1569
21652
7861
7861
7861
13610
13610
13610
22327
414
14292
27380
27380
14292
14292
533
4303
4303
1299
32401
32401
1299
1299
1299
1299
1299
1299
639
15505
8763
8763
9840
28863
28863
9056
9056
16568
16568
16568
6096
26906
23890
23890
18147
18147
25549
32597
32597
32597
32597
32597
32597
32597
32597
32597
30279
30279
12959
12959
23685
23685
23685
23685
23685
23685
20619
20192
20192
20192
20192
20192
20192
31316
31316
31316
31316
12411
12246
12246
11045
10302
9773
9023
10536
9023
9023
9023
9023
9023
9023
8421
12284
8421
7813
7813
7813
7813
7563
16607
16607
14281
23849
18695
12160
12160
22889
22889
22889
22889
12160
12160
30110
12160
13640
13640
19596
10461
24491
14054
10461
27764
9786
9786
19103
19103
14563
9786
4864
4607
4607
4068
4068
4068
31985
27881
27881
7167
7167
5805
5805
5805
3814
3137
2885
10825
10825
10825
1694
1694
1694
1694
322
322
322
16415
1944
22439
14790
6712
1868
1868
16679
156
31441
18750
18750
18750
31300
31300
7869
7869
17504
17504
16458
13964
13964
2260
28466
12825
11793
6810
6810
13203
2837
2837
2837
15590
15590
32051
803
18924
18924
27053
27053
13717
13717
28141
28141
28141
28141
28141
22868
5735
5735
5735
13797
23285
23285
5661
8599
8599
16958
8599
8599
8599
7936
14661
14661
14661
20616
20616
20616
20616
22340
29207
29207
1841
24120
22396
15470
15470
15736
28074
28074
6661
28886
6661
19589
6661
28358
28358
28358
3157
1263
29034
29771
14722
13807
30209
30209
30209
30209
19716
19716
19716
13343
13343
30281
11732
11732
11732
11732
17058
17058
17058
17058
17058
9509
9509
29785
29785
29785
29785
30732
25474
25474
16103
16103
16103
6366
6366
6366
5860
28091
6044
6044
6044
6044
6044
6044
18413
5326
4784
4784
22002
26455
26455
26455
25318
28651
28651
28147
10767
10767
10767
9555
13834
1725
1725
18470
1725
1725
1725
1725
555
555
19074
28869
28869
28869
28869
28869
26017
26017
26017
26017
26017
19074
19074
17494
17494
17494
17494
17494
17494
16433
31899
2132
22532
29869
7494
7494
7494
21278
16060
16060
565
565
565
565
565
18514
8708
17497
18056
18056
18056
10349
10349
10349
8708
10653
10653
8708
23500
30813
12209
5678
5678
5678
8982
8025
406
406
15549
20711
20711
20711
20711
20711
20711
15549
15549
25073
20975
20975
17896
17896
14597
24101
19709
12225
12225
12225
12225
25923
4149
16381
16381
16381
16381
2434
2434
30610
30610
3740
3740
3740
13146
21092
13306
13306
13306
13306
13306
13306
13306
13146
17024
15803
15803
32365
32365
32365
32365
28985
28985
25154
20079
31289
31289
31289
31289
31289
20079
11877
11877
11244
11244
11244
4709
4709
4709
25259
25259
25259
25259
4709
4709
4709
4709
4709
4709
4709
4709
594
594
594
594
2347
2347
20373
20373
20373
8729
18312
18312
18312
24804
7329
7329
20372
15128
15128
17056
14210
2327
21477
21477
2226
2226
16371
16371
20117
20117
16371
5371
5371
5371
18423
24661
24661
24661
24661
24661
8867
10190
10190
10190
10190
18359
9489
9489
9489
9489
9489
9489
9489
18763
17686
17686
17686
17686
17686
17686
15838
9642
9489
1288
15325
23739
1288
801
12886
1310
313
313
313
313
27085
2117
2117
10301
10301
10301
20011
20011
5181
5181
20913
25721
19509
19509
19509
25214
20010
31458
21064
4041
22868
14441
14441
14441
14441
14441
8547
2405
25634
31920
7258
7258
7258
28414
28414
16938
789
789
789
19189
23979
23979
23979
23979
23979
23979
23979
23979
27351
27351
23979
23979
19930
3893
23657
23657
23657
23657
9365
3817
1938
1938
12287
18090
18090
18090
18090
9944
9944
9944
9944
25124
25124
25124
25124
1057
18441
18441
15044
15044
6253
12222
23876
23876
23876
12976
10314
19866
19866
19866
19866
19866
12033
17262
17262
10650
27646
27646
27646
27646
23918
10650
10650
10650
10650
16643
16643
13534
12693
12693
12693
818
7985
7985
818
25132
15710
30841
30841
30841
25311
31039
31039
27421
25311
19508
25018
16080
24944
24944
5976
18161
18161
5976
4015
20763
20763
4015
4015
4015
4015
4015
4015
4015
3797
818
427
31403
427
427
427
10957
10957
26110
22055
22055
22055
22055
22055
22055
23685
23685
7037
24772
24772
22877
18913
18747
8410
9667
8999
16986
4847
28700
28700
18058
20773
15365
15365
1355
28321
28062
27889
16598
16598
16598
12785
15093
15093
15093
12785
12785
12785
13420
13420
4618
3412
31875
3412
3412
22256
3412
18236
2063
2063
2063
32735
26162
26162
26162
26162
18622
18622
18622
14143
14143
25416
25416
23707
23707
23707
16975
12161
2063
1890
7280
3915
16372
22907
4984
13162
23301
21570
16513
16513
25211
28528
16513
24989
15290
10429
4635
12181
12181
23396
23396
23396
5630
15600
15600
23833
23833
23833
631
18227
12358
12358
12358
12358
12358
24827
24827
24827
24827
4205
21533
30860
30860
21349
21349
21349
11145
9883
9883
9883
9883
24564
28204
24174
29901
29901
24174
24174
24174
11300
8627
8627
8627
30999
5114
5114
5114
5114
5114
5114
20759
20759
20759
12211
12211
12211
12211
2517
2517
2997
2517
2517
2517
2517
26482
26482
20420
17429
17429
17429
14997
14997
14242
29095
14728
6389
6389
6389
10253
10089
27817
21504
21504
16677
1936
1936
2556
2556
1936
1936
31082
1936
19204
1936
1936
31492
31492
31492
31492
31492
19403
19403
19403
26099
26083
19015
13758
21383
21383
29050
29050
29050
27090
27090
17764
17764
17524
10810
10810
10810
10810
22442
8321
8321
32179
9680
15620
24551
24551
24266
24266
7123
7123
5976
5976
30470
30470
5078
5078
5078
5078
29658
5078
5078
31905
31905
5078
4417
31538
31538
15387
21324
27308
27308
4417
4417
21901
21901
21901
21901
21901
21901
5272
24981
24981
24981
24981
24981
24981
25404
21831
21831
21831
21831
23744
13190
13190
6408
4978
7644
22508
4978
4978
3906
3906
2065
2065
2065
2065
2065
1423
1423
1417
1417
1364
19450
28726
28726
14479
20838
20838
20838
20838
20838
14479
24817
13314
13314
13314
13912
15045
15045
26033
2876
13215
7671
7671
26295
3858
13566
492
492
20604
19317
20792
20792
26978
24756
24756
24756
19027
19027
1775
30285
30285
29804
29804
29804
31192
31192
29804
29804
29804
29804
31400
31400
31400
27631
27928
23382
8648
8648
8648
8427
8427
8427
7420
7420
29020
29020
29020
9408
9408
9408
31963
6982
6341
6341
24270
24270
24270
13431
27748
27748
13431
5431
5431
30951
29992
29992
29875
29875
26996
26996
23717
1312
22171
22171
16878
3420
2425
6684
7803
20876
20876
20876
20876
20876
6684
22275
25624
25624
18298
17327
17327
31810
31810
31810
31810
11086
12805
27830
27830
27830
16362
11142
3230
3230
3230
3230
3230
3230
2298
29211
29211
11666
10722
13053
10722
10722
20012
20012
10722
2309
18273
18273
8039
6152
6152
6152
1917
29630
13573
31502
31400
14014
13452
21881
6740
6740
25455
25455
25455
25455
7122
7122
7122
3619
32718
32718
23146
23146
10517
29516
13471
13471
1886
19695
22305
22305
6879
1025
32510
12057
12057
4499
4499
20436
20436
6482
6482
13413
6482
2133
2133
29491
14790
2133
2133
18550
24207
24207
18724
27379
18724
18724
17249
22755
26796
27855
17249
9950
9945
9945
9945
9945
8428
8428
11837
11837
11837
28390
3334
24242
8007
28546
28546
28546
28546
28546
28546
28546
28546
28546
14168
14168
14168
13821
6200
3334
3334
3334
3297
2133
2133
2133
1843
1843
1843
1585
2252
2252
26875
24649
26416
29486
17049
12248
12248
12248
12248
7878
28628
28628
28628
901
901
901
6671
6671
23821
32019
32019
24658
26258
26258
23821
23821
901
901
7400
22304
22304
22304
24237
7400
7400
7400
7400
14057
14057
14057
14057
14057
14057
335
31464
31464
31464
31464
31464
31956
31956
31956
16258
16605
335
335
10174
6603
6603
6603
22101
28835
25998
21291
21291
21291
16365
18701
18701
18701
18701
7325
32070
4771
17494
21198
21198
24914
24914
21198
17494
17494
17143
17143
4024
4024
1657
1657
1657
23872
23872
624
624
624
181
181
181
181
181
13230
5536
5536
19194
24751
8810
23695
23695
29575
29575
18823
5988
5988
10930
10930
19063
23368
23368
23368
23368
5444
28350
17948
13056
20087
13056
27900
27900
23694
23694
28985
28985
19738
19738
19738
10754
10754
14728
14728
25933
23929
22386
14728
14728
8727
8727
8727
24360
24360
24360
24360
24360
24360
24360
24360
10626
10626
10626
10626
10626
7560
7560
4796
4796
4796
3725
3725
3725
3725
792
792
18790
18790
792
2349
2349
2349
2349
22626
16012
24181
24181
24181
3571
3571
3571
307
31596
11751
11751
14071
26148
11751
24122
6730
6591
307
307
217
217
11125
19979
19979
2501
23510
23510
23510
23510
23510
23510
23510
23510
28081
9157
9157
9157
9157
27730
27730
27730
27730
27730
27730
7394
1080
3146
3146
12073
12073
2081
12479
12479
12479
12479
28908
28908
28908
14797
5235
23712
17444
9611
24906
24906
6353
10104
10104
18083
18083
18083
23424
23424
6340
6340
13581
13581
15145
18264
15145
15145
22413
12244
4920
18931
18931
18931
20243
7673
7673
29943
22610
22610
29544
30287
14552
30318
32482
32482
30318
18535
18535
18535
8089
11972
11972
11742
27078
27078
27078
14103
14103
25190
25190
25190
14103
15439
21556
32677
15500
11742
7673
7673
7673
7480
7480
19839
19839
5548
32202
32202
32202
26376
26376
8167
4827
4827
4737
9938
4416
3747
16882
16882
3747
19466
32047
32047
32047
32047
19466
8536
8536
3747
2983
20894
2641
2641
2476
1466
1466
28525
13705
26081
26081
3627
4716
4716
4716
4716
4716
4716
4716
32742
32742
32742
18444
6958
6958
33
25913
25913
4270
4270
27934
27934
27934
13809
13809
13809
13809
19128
19128
4270
4270
4270
4270
4270
13655
13655
4270
8682
23167
23167
17370
10621
578
15979
31470
31470
6191
6191
5469
23789
578
15722
15722
15722
15722
15722
15722
23522
23522
23522
23522
23522
23522
16714
16714
12312
12312
2594
2594
2594
15700
30241
21791
17908
17908
31974
31974
31974
31974
23305
31977
31977
31977
31977
24054
23305
17908
16235
14431
13452
23165
3761
3761
3761
3761
1518
1518
1518
23849
3627
15521
15521
18759
18759
15521
6678
6678
6678
7945
7945
7945
7945
7945
28589
28589
28589
28589
6678
6678
27592
26417
26417
26417
26831
4459
30663
30663
30663
30663
30663
2710
8613
17968
8613
8613
3011
11823
11823
28430
27840
5915
16603
16603
12033
5915
5915
5915
24357
24357
1180
1180
29437
14332
26362
26362
14332
9527
25177
25177
27483
27483
27483
29090
29090
22998
23166
23166
5310
5310
26931
26931
26931
18032
18032
29323
11066
11066
8128
23598
23598
10989
5292
5292
30855
30855
20933
20933
20933
31027
18993
18993
18993
15894
25707
23086
23086
23086
23086
9078
29056
21233
21233
31844
31844
8630
8630
8630
8630
4696
4696
4696
21463
21463
21463
21463
14577
14577
14577
14577
14577
28910
12217
17563
17563
17563
4866
18336
18336
24868
26315
18336
4866
8388
7002
7002
16385
16385
7196
7196
7196
7196
7196
7196
6433
6433
8177
8177
8177
8177
8657
22545
22545
22545
22545
15469
8300
8300
23450
23450
23450
23450
29599
29599
4037
10942
28718
28718
13014
13014
31232
22478
22478
7579
7579
30513
30513
30513
929
27229
27229
18138
18138
18138
22520
3441
3441
3441
3441
18849
15314
4235
19397
19397
19397
28760
18151
10186
10186
12271
1225
21195
21195
28767
28767
836
13024
13024
23899
23899
23325
15209
26370
26370
15209
15209
32389
32389
32389
15209
9786
8707
8707
3870
23115
23115
23115
3870
2426
11175
14381
12538
12538
25426
24326
24326
24326
12538
12538
12538
9338
31329
31329
3996
3996
23355
28220
8713
8713
2613
3019
3019
3019
24328
24328
26886
26886
3019
28922
28922
28922
27654
27654
26813
26813
23327
16514
16514
15585
15585
3019
3019
24641
24641
24641
32439
32439
32439
32439
32439
32439
32439
32439
26467
26467
26467
24641
5552
28775
2548
2548
10049
10049
10049
10049
10049
10049
22743
8345
28996
54
54
7979
20319
28309
28309
20319
20319
20319
20319
20319
9495
21668
5745
21221
23707
10640
3892
3892
26986
9135
9135
2968
23197
18660
30151
26470
26470
26470
26470
28629
28629
29377
29377
13423
13423
4834
4745
4745
4745
17230
20358
28640
20358
20358
25276
30826
12812
17538
30233
30233
21692
7059
7059
26052
8377
8377
8377
8377
8377
21412
16084
3831
22379
24963
24963
23298
23298
19576
13591
11789
11789
13774
4354
4354
4354
4354
2056
15732
15732
30869
2056
1653
24456
24456
24456
24456
19434
19434
13320
8273
2534
943
7792
7792
11952
1832
1832
12131
1832
1832
30387
30387
30387
30387
9516
9516
4594
16611
2203
18571
18571
2063
20901
20901
8720
8720
3818
14350
14350
24391
16905
5053
9066
31026
31026
31026
24102
18960
7082
28086
7082
19771
19771
19771
5052
5052
7522
7522
13649
13649
13649
20604
20604
20604
20604
20604
9961
9961
9961
9961
5991
5991
25588
25588
15282
15282
29643
29643
29643
29117
29117
15042
15042
26265
11730
29534
12768
12768
12768
205
205
26855
12898
28141
12898
23868
23868
23868
7097
7097
14140
2906
2906
2906
2906
2906
2906
42
4081
4081
4144
24189
24189
2187
21599
21599
21599
21599
21599
2378
32643
5865
5865
7752
29547
11320
11320
22507
22507
22507
22507
7058
21664
25468
25468
25468
23522
23522
23522
23522
23522
18516
18516
18252
31709
31709
29592
29592
32091
29592
26321
26321
25843
20258
6889
5723
16853
16853
16853
5723
5723
14128
757
659
2386
27035
27035
27035
5843
6454
17094
12905
28153
28278
16023
8599
12380
2532
8269
8269
28766
23885
23885
23885
19349
31236
20083
20083
20083
20083
6483
6483
6483
13480
17817
1923
1923
7439
30910
21181
21181
27817
21181
5297
28475
5297
4931
4931
799
799
799
799
799
30385
30385
829
829
14294
14123
20347
9046
9046
9046
16636
8125
8125
8125
7111
18451
15748
15748
19279
19279
3067
17349
24518
20413
6338
2431
2431
27322
16156
5539
24838
31960
31960
21058
21058
5539
29375
29375
29375
29375
29375
29375
29375
29375
29375
23202
23202
9892
9892
9892
12202
25767
1344
31108
13133
10367
10367
13326
13326
28264
22913
22913
1692
1692
1692
1692
1692
23208
23208
1692
1692
1692
1692
1692
31987
31987
31987
31987
31987
31987
32588
32588
25565
25565
25565
22425
16290
29829
29829
29829
22605
22605
16290
22686
22686
22686
22686
13886
8748
7543
14481
14481
14481
14481
5657
4866
3486
2849
2849
1692
1530
1530
1530
1530
1530
32763
32763
32763
32763
32763
32763
32763
32763
15616
10295
31614
31614
18490
18490
10295
4383
4383
4383
16597
16597
21709
201
24060
24060
24060
8831
8831
8831
24353
24353
24353
24353
24353
24353
32550
16213
16213
14736
14736
134
23740
11537
29566
29566
14029
11537
12915
12915
12915
32055
32055
32055
20664
24184
24184
20187
20187
18101
22718
22718
22718
20981
18101
20531
20531
18101
31326
31326
30808
30808
30808
22412
22412
18101
18101
18101
18101
15854
14981
31675
31675
31675
31321
31321
28963
15970
28483
10761
26127
10013
10013
8089
7801
7089
5865
3611
2276
1229
1229
366
134
101
28918
26042
6895
6613
6613
19177
19177
19177
6613
6737
6737
6737
8933
27697
29171
6613
14260
6613
6613
16007
31354
21174
6465
4783
25706
4783
4783
1600
27751
27751
5628
12701
12701
12701
30136
30136
30136
30136
12701
8892
8892
8892
25314
25314
25314
8892
2477
31545
13627
31642
31642
31642
32339
18540
18540
18540
18540
18540
18540
19123
19123
19985
19985
30175
13834
20550
13440
13440
26697
26697
26253
16737
16737
16737
16737
16737
1422
31436
3568
21111
21111
21111
21111
31522
24263
24263
1365
30274
30274
19744
21799
24923
21799
9360
9360
9360
16017
16017
21280
21280
21186
1858
14555
6882
26657
26657
26657
7501
7501
7501
7501
7484
18291
18291
18291
18291
30101
17677
16550
16550
16550
16550
7484
7484
7484
22097
22097
22097
7440
7440
7440
2921
2921
21877
10393
2921
2543
30377
26165
6093
4465
23912
5329
32116
32116
32116
24997
3195
28545
31436
19624
19624
16009
16009
7548
7548
7548
930
1856
18845
18845
18845
18845
22825
30526
30526
30526
30526
31732
31732
31732
31732
27946
19842
27214
28610
28610
19842
26059
26059
24495
24495
19842
19842
19842
19842
19842
19842
19842
19842
19842
26911
16888
16675
16675
12798
12798
12798
12798
12798
21000
21000
21000
21000
21000
12798
12798
17422
17422
6041
6041
9089
1273
600
600
291
22927
22927
22927
28237
28237
28237
28237
28237
28237
26180
26180
26180
26180
28339
28339
28339
20306
17972
17972
17972
17972
17972
19996
9649
9649
26916
14522
14522
7363
2388
2388
28173
2388
2388
2388
19576
12227
12227
29419
18157
12227
10673
32191
29420
29420
29420
28844
28844
28844
16756
22679
22679
22679
16756
16756
8356
7581
21716
10517
10517
5738
4532
23574
4532
4532
28352
4144
3706
12368
5996
5996
15988
15988
17465
26254
14620
14620
5996
31065
1714
1714
1566
1566
1566
307
16390
16390
307
11628
4490
4490
25887
25887
25887
25887
4490
4490
12203
12203
1766
1766
1766
1766
1766
26726
25776
23475
7270
7270
28327
15950
15950
25371
24594
24594
1034
12025
14422
14422
30072
30072
9912
26984
26984
26984
26984
26984
26984
21359
21359
21359
21359
21359
19449
19449
19449
32564
32564
32564
17926
7617
7617
7166
7166
3153
13419
10712
13656
3051
17700
17700
17700
31512
31512
592
592
23390
23390
10176
10176
10176
1431
1431
11179
11179
1116
592
12753
12753
16200
12753
12753
12753
5661
5661
5661
4924
4382
4382
4382
4382
8962
10226
30450
30450
30450
30450
5554
6580
6580
20858
20702
20265
20265
22597
22597
22597
2360
25445
25445
25445
25445
22984
29029
29029
15365
28235
28235
28769
28235
21752
21752
15796
21254
25179
21254
15796
11008
11008
10677
10677
11484
16955
9772
9772
18883
13066
13066
10265
18269
16348
16348
7706
7706
20879
20879
29561
30153
30153
29561
29561
30506
30074
20879
20879
20879
20879
4621
13610
20414
19345
19345
5134
8002
8002
8002
21079
3363
12070
3339
3339
3339
2043
23089
23089
8173
30698
5374
5374
2119
2119
31168
20348
20348
18443
18443
18443
23006
10587
10587
5031
30921
3796
3796
3796
3796
8790
20238
12087
30671
20769
31044
31044
28169
28169
21257
7782
26807
19416
31447
31646
31646
5757
5757
8195
5757
859
859
27703
27703
15162
15162
15162
15162
12787
12787
23515
859
859
859
859
5397
7265
29174
31340
32217
23850
4948
4948
4948
4948
8158
16549
11194
30081
30081
30081
30081
30081
30081
30081
24448
24448
18473
18473
20390
18473
18473
12437
31168
31168
31168
11326
7569
4392
4392
4392
4392
2993
4375
4375
6170
26735
20680
15177
15177
15177
4872
8161
15228
11661
10608
10608
4697
24148
24148
24148
23588
22402
20900
31827
31827
31827
31827
7792
7372
2324
2324
2324
2324
2324
987
987
987
31490
31490
16527
25170
25170
31191
30639
1246
1246
28908
28908
18473
18473
20860
20860
20860
13774
16131
16131
23003
23003
104
31143
31143
31143
31143
31143
31143
6269
3794
3794
3794
3794
17184
23457
32718
2239
2239
22937
22937
17854
19879
19879
30283
30283
20554
20554
14937
14937
14937
23996
23996
11235
9857
17709
16276
15524
3664
15601
15601
15601
22965
9115
24248
5768
5768
8992
8992
8992
8992
8372
5768
3664
22197
21787
26981
21752
9049
9049
9049
6574
4040
17196
17196
17196
14718
32724
32724
32724
32724
3509
1041
1041
1041
1041
1041
27951
1034
14658
14658
14658
23279
14658
14658
18052
18052
19891
25725
20926
23574
25915
7271
1993
23116
23116
15260
15260
15260
15260
2176
2176
29220
29220
29220
30029
29220
29220
15756
15756
13801
9020
9020
8777
8777
5632
5632
29961
9738
1409
1409
7156
15722
28566
18529
12831
7156
1409
21906
1409
27200
28975
28975
28975
27200
27200
27200
27200
27200
27200
27200
27200
22825
21912
21912
5437
5437
5437
28597
5437
5437
5437
5437
5437
5437
1409
24983
11418
17329
17329
26220
18540
27334
18540
18540
18540
5888
5888
14126
18114
18114
14126
14126
1734
1734
1734
21759
4806
21549
21549
21549
26604
26604
26604
26604
11971
21092
26072
5553
2808
2808
10826
18201
18201
18201
18201
18201
18201
25046
25046
10826
10826
10826
16418
16418
22375
26891
16418
16334
16334
16334
16334
24415
30551
30370
30370
30370
24415
24415
24415
24415
24415
24415
24415
24415
24415
18363
26525
15148
13506
24962
24962
15266
15266
13506
13461
19601
19601
19601
15481
10826
10826
10826
23800
19547
19547
11114
11114
11114
11114
9799
8418
16147
16147
6009
5522
4894
30518
4540
4234
4174
4174
4174
4174
4174
4174
2808
2564
2564
25597
25597
8104
8104
23254
308
12882
588
16186
12795
12795
12795
12795
9282
6102
30128
29190
4112
20224
20224
20224
24862
23220
23220
30731
30731
19887
16418
25487
14726
12696
12696
12696
12696
12696
11038
11038
9812
9812
28050
28050
28050
28050
3836
3648
3648
2547
29410
13235
30378
30378
30378
30265
30265
30265
11866
11866
11866
7612
7612
1984
32075
32075
26078
26078
16617
7639
7639
7639
4425
4425
1140
28332
28332
23354
32290
9337
5561
5561
5561
22640
865
29922
669
33
3996
3996
11026
11026
12163
16411
31659
31659
16411
12114
26911
26911
26911
30816
30816
5717
5717
5717
22810
9173
9173
12340
17364
16173
29869
29869
29869
23137
23137
17792
17792
5168
5168
4518
4518
31985
31985
32588
32588
32588
32588
11603
3605
3605
5805
21044
21044
17066
27894
29229
29229
29229
28556
20405
14437
22906
14437
18575
13968
13968
13968
3721
30572
27223
27223
27223
27223
27223
27223
27223
2282
17503
17503
2282
20309
21300
4713
4713
4713
31528
25292
25292
25292
13430
13430
10387
10387
10387
23151
23151
23151
30075
30075
22384
22384
22384
22384
22384
20798
19034
15177
14255
14255
14255
12947
6794
6095
6095
16403
16403
16403
16403
8908
8908
8908
6095
895
895
1594
19859
19859
24289
24289
24289
24289
24289
8273
5808
5808
5975
5975
30262
18609
18609
31725
19908
19908
19908
19908
1771
1771
1771
11627
11627
8759
18482
7116
7116
31033
31033
31033
31033
7116
7116
3531
1258
29989
29989
29989
7305
1805
1805
8709
26005
17093
13600
13600
13600
13600
16073
20787
19880
19880
16073
16073
29255
29255
20708
20708
20708
20708
16156
16156
16073
16073
17117
17117
17117
17117
16419
16419
15790
15790
15790
14911
14911
13600
13574
13574
13574
29594
29832
29594
29594
28722
29919
28722
28722
28722
28722
17388
17388
13461
12657
12508
9720
12508
29096
29096
27546
11408
29466
29466
31436
31436
4762
26071
4197
3678
12145
12129
3678
3678
3678
3678
3614
28684
28684
28359
28359
28359
3455
17403
8924
8924
3455
3455
8685
8685
8685
8685
2969
2969
2198
2198
2198
2140
2140
2140
1280
18961
4609
4609
25109
3390
31489
1280
1213
1119
1119
716
716
716
7888
7888
7888
10527
24838
4049
3874
7904
13014
7806
7806
7806
7806
15020
14820
24859
24859
20756
20756
32691
8767
23469
4055
11057
19592
20853
18616
26186
26186
26186
27604
27604
30969
27604
27604
27604
18932
18932
18932
9654
9654
2723
2723
2723
20135
25055
25055
25055
20135
28634
28634
28634
11536
1844
28776
165
8897
22989
22989
29978
29978
29978
29978
22989
24670
14538
14538
13961
13961
13961
8455
8455
7714
7714
22970
22970
11865
31177
31177
5695
1180
13094
13094
7551
5285
29776
25460
25460
866
16984
9084
9084
14647
14488
14488
24083
14488
14488
14488
4915
4915
4915
10613
10613
7168
32720
32720
32720
28515
28515
27205
20140
20140
31522
17528
17528
9724
9724
11925
11925
29558
11925
3140
21115
28301
21115
16479
16479
16479
23273
15979
15979
15979
13364
12427
11909
11909
13921
17901
31359
31359
8369
29306
29306
23856
7101
6641
6641
6641
6641
6641
3937
10386
10386
20045
2530
17943
23969
23969
23969
23969
21687
21687
9515
15402
9515
9515
8925
8925
17376
17376
8925
8925
8925
8363
8363
8363
8214
4655
2530
19001
19001
19001
2530
27521
27521
27521
27521
27521
27521
5058
2530
11658
2087
2087
162
87
31458
4233
1660
1660
1660
1660
1587
1587
3008
8998
8998
8998
26193
26193
23524
23524
23524
23524
23373
18608
18608
18608
25559
25559
25559
23245
18608
18328
10629
10629
11305
4565
767
767
767
767
767
17310
17310
8420
12647
28747
28747
30503
30503
28747
28997
12647
21325
12647
26349
26349
22950
22950
22950
23515
4312
4312
21183
21183
31863
31863
7520
28866
29179
29179
16836
16836
16836
16836
16836
16836
30577
30577
30577
20651
20651
15519
11983
7669
23310
23310
24610
24610
24610
2641
2426
9485
4967
30706
4967
32093
26464
31307
31307
31307
14285
7112
7112
27650
13878
8125
15112
15112
17887
927
5818
28625
28625
23333
23333
23333
12900
12264
31279
16604
16604
22979
12264
12264
24150
19063
29333
29333
31839
31839
31839
31381
31381
12220
12220
12220
12220
12001
10818
10429
10429
10429
10429
10429
9931
9854
9854
9854
8860
20215
7570
24087
7570
7831
27226
27226
27226
27226
27226
27226
27226
18785
28259
28259
7831
6577
14724
14724
14724
14463
14463
14463
8800
8800
8800
6179
6179
6179
6179
6179
6179
2387
2387
1651
1651
8608
8874
6465
6465
6465
28690
28690
16631
198
7885
198
29725
18560
18560
18560
31384
31384
25022
28083
25022
14395
21592
13436
9494
9494
30442
18500
18500
18500
18500
18500
18500
18500
15756
15756
991
991
991
991
31779
31779
21494
21494
21494
16678
16678
28228
9769
9769
4566
4566
4566
27158
28044
27158
27158
26126
26126
26126
16962
11731
11731
11731
11731
11731
11731
2544
2544
3948
3948
3948
3948
3376
3376
20731
20731
2324
2324
2324
2324
13670
13670
13670
13670
13670
7341
5029
5029
5029
28544
28544
28544
21821
26538
26538
16103
25986
2151
2151
9540
8753
6792
32651
32651
32651
32651
22740
22740
22740
22740
22740
16101
6792
32312
32312
6792
14889
14889
14889
30111
30111
30111
17707
17247
7692
7692
13675
13675
13675
13675
13675
31726
14380
26232
15576
6982
27987
30722
30722
30722
18593
4484
4484
4484
14680
14680
14680
7613
7044
7044
7044
25707
25707
25707
30890
24291
17882
17882
17882
15583
15583
24066
15583
30986
30979
30979
30979
30979
30979
8070
17265
17265
17265
17265
20455
7747
7747
25674
25674
25674
12588
12174
12174
7747
7747
19803
19803
19803
19058
965
965
965
15139
15139
15139
13472
740
347
7625
11757
24320
24320
22689
22689
12347
64
64
64
13911
27914
27914
27082
22585
22060
22060
15881
15881
15881
15881
13911
13719
7779
3544
32377
32377
32377
25473
3539
24559
24559
30434
30434
30434
19444
19444
24426
24426
32363
32363
30230
870
32107
32107
32107
24493
870
870
18294
14148
11819
11819
6403
6403
11558
6403
6363
15588
2414
23907
23907
32483
32483
32483
7147
30972
23603
21730
21730
14319
4851
31678
31678
24581
24581
26270
24581
16261
21573
11809
11809
11809
14481
14481
13439
13439
6036
6036
9149
9149
8295
14971
31336
31336
31336
31336
6741
6741
6741
6741
6741
6036
30130
30130
10986
23751
29667
29667
29667
29667
29667
29667
19872
19872
19804
26099
26099
26099
26099
1993
1773
1773
190
190
190
14314
14314
190
190
12439
12439
12439
190
190
38
27952
22658
19047
8249
3394
6660
14388
12126
24946
4789
21336
26167
26167
3356
2465
2465
25860
26361
15780
15780
26618
10933
10933
16837
7472
28463
28463
17320
14079
14079
14079
14079
5209
7415
20228
20228
10671
10671
10671
10671
10671
10671
10671
10671
10671
26579
25483
25483
21228
21228
14105
25554
11169
11169
11169
11169
30913
30913
30913
23069
16833
16833
8286
8995
8995
32414
32414
19368
19368
17721
23911
16829
16829
12631
12631
12631
15523
25309
12631
12631
25961
21034
11781
11781
11781
7432
7432
7432
7380
6573
6303
3790
3790
3790
6117
15704
15704
31209
15704
20938
9054
6243
6243
6243
26725
26725
26725
26725
16996
16996
16996
13931
13931
13931
30302
30302
9982
9675
9672
16099
16099
17049
17049
21169
11610
11610
9040
9040
9040
8910
6327
6327
6243
4824
4732
4732
4732
29990
29990
7498
7498
28953
28953
28953
12839
12839
7907
7907
7907
7907
7907
6379
12156
12156
10495
25643
4732
4732
17682
17682
4456
4456
4456
4220
15044
20803
31724
20562
20562
20562
20562
20562
20562
20562
18379
21092
21092
22098
16944
27035
15789
15789
31475
31475
31475
11751
11751
8558
8382
8382
7975
27217
27217
7975
18489
18489
30155
30155
30100
7975
948
948
484
484
484
10590
10590
10590
21153
5393
5393
5393
20710
20710
20710
20710
5393
4519
11598
11598
11598
11598
10845
484
31489
32075
32075
32075
9106
9106
28435
28435
30323
30323
30323
30323
30323
30323
30323
30323
30323
30323
30323
30323
30323
30323
25095
24883
24883
24883
24883
24883
24883
23644
22974
17808
16470
16470
31462
31462
31462
31462
31462
21011
21011
21011
21011
16969
16186
16186
16186
16186
16186
16186
15014
14211
14165
26318
26318
26318
22947
26110
22947
25656
22947
22947
9699
9699
5586
4257
25067
25067
24018
4257
4257
2170
29777
26101
25890
6570
30031
15219
22582
22582
8733
8733
8733
8733
28310
23044
23044
17200
17200
17200
17200
17200
17200
17200
17200
15356
15356
15356
15356
15356
8733
8733
8733
8733
32293
12006
12006
12006
31833
8733
8733
5538
32401
30360
32556
32556
23991
23991
23991
23991
23991
7993
10795
15798
15798
25640
25857
25640
23417
31450
23417
26757
4874
1294
1294
11514
11514
11514
16129
16129
16129
31128
19002
26585
28765
27849
14693
3908
20302
15923
19553
16362
15923
2600
2600
2309
15082
15082
16666
16666
16666
10518
2571
10222
10222
10222
10222
5260
20867
22284
28715
29695
30868
30868
24081
4754
9125
9975
9975
9975
9975
24289
24289
24419
24419
24289
1958
1958
1958
6755
3081
19610
19610
19610
19610
19610
8612
3081
32277
20000
20000
15265
15265
4821
4821
4821
4821
25721
25721
25721
25721
25721
4821
3081
16426
3081
3081
3081
22400
31858
22400
22400
3081
27909
27909
27909
10853
16903
16903
22350
10853
29317
10853
8819
30443
7729
7729
7597
22169
7689
7689
7689
7689
7689
2601
17236
20348
20348
20348
17236
17236
17236
17236
15238
15238
15238
15238
14386
14386
9331
5786
5786
29706
27052
14825
14825
643
643
643
643
30425
30425
30425
24326
24326
24326
24326
29706
29706
4645
6163
6163
4100
21345
22001
31442
31442
31442
31442
4100
7528
7528
7528
1023
31674
31674
23126
13507
13507
13507
13507
19321
19321
19321
12797
12797
12797
11534
11534
28220
2256
20300
20300
17479
10799
10799
13920
13920
16451
3362
14710
20034
20034
20034
20034
18885
18885
8329
23378
23378
8329
24539
8329
20348
20348
20348
23874
23874
23874
23874
23874
8329
8329
8329
8329
8329
29634
20863
14531
14531
14531
8329
13074
443
443
443
443
443
8461
8461
8461
21795
31715
31715
31715
28364
28364
21795
21795
21795
21795
25546
25546
30836
31416
30339
15699
14960
14960
25387
20346
14960
14960
14960
14960
14643
14643
14643
14643
9152
9423
14680
14994
14994
14994
14680
11875
17280
17280
17280
17280
15513
15513
11875
11875
11875
11875
11875
11875
11875
11875
11875
11875
11877
11877
11877
10737
27609
16528
10737
10644
10644
10277
14464
14464
30968
8461
8461
5996
5872
13434
13434
13434
5872
3301
3301
22750
22750
16923
16923
16923
14333
14333
29849
13844
4208
4208
24089
3294
3294
24359
253
20383
2998
2998
2998
18424
22689
2605
2605
1677
22701
3637
5
12516
28990
28990
24792
24792
13048
13048
13048
8488
2505
2505
1915
1915
27696
14811
1895
25436
1895
18475
18757
19759
19759
14077
14077
8423
8423
7247
3624
3624
3624
3624
2943
26329
30999
30999
22229
20272
20272
22986
22668
20272
4702
23612
20448
20448
19320
7366
11081
7366
7679
22842
27437
27437
29657
29657
22842
16806
939
7027
4788
4788
1522
7510
6022
6022
6022
6022
23835
23835
23835
23835
6022
19491
19491
16984
17863
17863
20653
20653
20653
20653
25538
25538
8110
8110
8110
6760
6760
6760
17361
32001
24596
24596
24596
24596
26828
24596
24104
24104
24104
24104
19993
24442
18368
18368
18368
21906
18368
13165
7285
5978
18276
5978
5978
5978
21133
21133
15910
15910
16247
15910
4148
4148
2769
24277
24277
27662
25048
25048
25048
9868
16172
16172
17000
17000
17994
17994
17994
17000
8925
4615
23497
12556
18042
18042
18042
18042
18042
18042
18042
25914
18934
19471
18934
18934
18934
18042
18042
18042
13865
13409
13409
13409
7792
7792
7792
5251
5251
22606
22606
22606
6214
22573
22573
6214
6214
22229
22229
22229
5718
5718
8343
8343
24277
24277
24277
24277
965
965
27643
16552
16552
23211
24936
24936
24936
24936
24923
24923
24923
22493
22493
22493
27242
27242
27242
27242
20473
20473
20473
20473
17165
17165
14012
19758
32730
8508
8508
8508
2148
2148
2148
2148
16133
16133
29947
16133
25375
12995
31520
22916
27631
29995
2645
10020
14165
17637
17637
12016
12016
17088
17088
17088
3810
2946
22464
17758
24080
24080
24080
17758
17758
17758
17758
14246
30632
23886
16474
8709
8709
2015
1658
18261
18261
15653
15653
15653
138
3301
8680
29019
29019
20341
14880
31770
31770
29739
23153
22858
22858
17484
9314
9314
25195
27877
15210
15210
25764
6985
6985
27320
28561
15506
6985
6985
6985
53
2872
19021
19021
19021
7585
7585
12284
53
25390
25390
656
656
656
735
735
21267
18167
18167
27687
27687
20932
20932
20932
17851
4784
4523
4523
12977
32188
32188
12977
2365
2365
7654
2365
28121
28121
12324
15242
15242
15242
5099
5099
16905
16905
16905
17013
489
489
6291
489
489
17134
17134
5028
5028
21534
8552
7147
7147
489
489
489
19080
28539
28539
13319
28909
8057
7011
7011
24511
8833
8833
8833
10642
4721
4721
4721
12691
11501
11501
11501
11501
18726
18726
18726
24502
23957
32409
25039
25039
25039
21966
19463
19463
19463
11501
11501
11501
3274
3274
9658
9658
9658
15182
13842
14661
9658
9658
93
9310
9310
20928
17245
17245
17245
32309
32309
32309
32309
32309
32309
17499
17499
22250
22250
22250
22250
22250
22250
22250
17499
17499
16899
16899
16899
4171
4171
3950
3950
1015
542
6702
6702
29066
11343
11343
28065
28065
28065
28065
11343
2279
2279
26338
26338
2279
9281
9281
9281
24026
9281
5919
21641
21641
32055
17448
6501
32588
32588
32588
22956
4841
13997
18420
14298
14298
28971
28971
28971
81
20732
81
18762
16256
16256
19050
26194
18785
18785
18785
18785
5567
5567
5567
4435
4435
15572
4095
8254
28532
28532
28532
11295
11295
18444
18444
7655
4670
3683
1705
1705
53
53
53
53
53
53
22289
22289
22289
8019
1242
1242
1242
1242
8814
10159
16901
29359
29359
14388
14388
28410
28410
30340
29321
29321
29321
16000
10404
27503
27503
27503
3688
32369
4302
3755
25899
25899
8603
8603
8603
8603
8603
26640
26640
26640
5725
2134
2134
2134
2134
2134
20732
16113
28976
27844
27844
24810
22117
22117
22117
32401
22117
15802
15558
22537
22537
22537
22537
22537
22537
22537
22537
22537
22537
21723
21723
21723
15197
15197
15197
15197
15197
15197
14382
14382
7259
28520
32348
9880
9880
8173
25208
13200
13200
13744
13744
13744
4211
4211
4211
4211
976
24841
24841
24841
24841
24841
10223
976
976
835
835
835
835
24677
24677
32598
7621
7621
763
837
837
1830
1830
1830
2573
20685
20685
22473
7123
7123
17702
15983
17776
17776
814
814
24717
24717
24717
24717
24646
6594
6594
27927
27927
27927
27927
27927
9947
18864
19845
19845
22820
19845
19845
19845
18864
18864
17764
17764
17764
6475
29662
27325
8159
8159
6022
4507
16657
26252
14679
14679
32471
32471
19376
19376
9164
9164
9164
5364
5364
9111
9111
10211
