19253
23743
23743
19216
27945
27945
27945
30411
30411
12049
17150
17150
12049
12049
12049
9424
5228
5228
4214
8244
8244
4214
4214
3621
1636
20466
20466
15095
15095
14185
14185
14185
9719
9719
9719
9869
9719
3847
28899
28899
28899
15914
18727
18727
18751
18751
9633
2587
2188
22161
22161
22161
23874
23874
22161
28333
28333
26927
26255
26255
26255
26255
31821
9345
26660
26660
23370
23370
15685
15589
15589
8362
6006
9468
9468
5011
5011
5011
4375
7299
18733
18733
18733
7299
1809
657
15672
19421
15672
15672
15672
14063
14063
1460
1460
155
23026
28090
23026
22706
22815
11867
11867
25178
17087
22728
22728
11362
11362
9416
6562
5202
5202
5202
3658
3658
520
18320
18320
18320
18320
18320
311
18534
16615
16615
16615
15917
15917
19473
15917
11433
11433
11433
5374
15683
5374
4353
4353
3492
3492
3492
3492
297
23147
23147
19433
1585
1585
1585
1585
28360
9926
1585
1585
1585
28601
28601
28601
28601
28601
28601
7330
7330
17985
3524
23615
11929
27022
27022
27022
11095
11095
23503
14350
14350
7996
7996
19667
15005
15005
7996
27962
1481
1481
31943
31943
1481
24174
28759
28759
32032
32032
32032
32032
28759
28759
13920
20087
25396
11418
11418
11418
18224
25189
25189
25189
25189
25189
25189
18523
18523
16542
16542
16542
16542
16542
11418
11418
11418
24365
24365
10465
10465
10465
9117
11801
32539
32539
32539
32296
30030
16236
16236
16236
13368
13368
8636
8401
13890
8103
11095
13668
8103
8103
8018
25315
7486
7486
4420
4420
3326
3326
3326
3326
3326
3326
31773
31773
31773
15470
15470
27189
15470
15470
15470
13808
21293
13175
12814
12814
12814
12814
8949
31655
12227
15894
2776
2776
2776
2776
13631
13631
15384
8748
8748
22551
8748
2776
20712
29509
20456
20456
19810
16648
16648
16648
15962
12188
12188
12188
11098
8668
30315
30315
30315
25214
25214
25214
7673
7673
7673
7673
16323
16323
6414
26116
27281
10131
10131
10131
10131
18486
26322
26322
24196
13264
8077
8077
8077
1785
1785
7871
7871
24607
24607
24607
15426
15426
20881
31619
20881
13721
11127
11127
1154
20062
765
765
2630
18261
29531
10393
3533
3533
548
30917
30917
16335
548
32431
32431
32431
27258
27258
27258
27258
16722
16722
9320
9320
9320
4606
4606
10437
1285
16662
16662
21989
16748
12774
12774
3469
20594
1424
24831
24831
24831
17092
17092
8395
4986
23173
16997
18225
16997
16997
26237
26237
26237
13352
26023
13320
13320
28263
19911
29312
6104
4263
4263
15091
19027
2411
17397
26190
16296
16296
16296
16296
16296
14006
20432
19608
23775
23775
19608
19608
19608
11805
11805
11805
236
19875
19875
19875
20067
20067
24585
5285
5285
5285
22217
20287
20287
20287
20287
20287
6531
28381
28381
28381
28381
30371
28381
28381
5665
5665
21700
21700
21700
26239
26239
12359
22874
22874
27908
27908
27908
27908
27908
27908
22874
17744
19734
19734
12385
12385
6872
5852
5852
27106
29133
29133
29133
23486
23486
23486
5647
18018
335
27972
27972
27972
20464
20464
15500
15500
15201
30193
15201
15201
9143
4745
4745
4745
4745
4314
4314
4237
4000
4000
4000
20000
4000
4000
335
32625
32625
26584
26584
26584
26584
26584
26584
26584
21758
21758
14490
8388
17952
29118
29118
29118
29118
29118
13442
5484
5484
5484
5484
20863
5484
4021
4021
4021
4021
11932
18929
18929
335
23409
23409
335
12746
17090
1482
29818
28564
28564
29889
25052
21191
12850
29303
29303
18452
18452
18452
18452
26151
26151
26151
13931
18008
18008
18008
7199
7130
7130
7130
3314
30123
30123
2860
22137
22137
22137
13002
13002
8608
8608
10927
26288
28327
28327
28327
28327
28327
28327
28327
26288
26288
26288
12780
13041
10222
12461
12461
32302
32302
16651
16651
5252
18053
18053
18053
11165
11165
15705
15705
15705
15705
15705
20599
20599
20599
21584
15876
19954
28934
4124
12623
12623
12623
5
5
5
5
5
22558
22558
22558
22558
27132
27132
27132
25241
25241
25241
23326
22650
4407
4407
26586
3918
3918
9736
8120
8120
16344
16344
14124
9394
30614
30614
29875
29875
30965
31421
12331
4655
3033
3033
13634
13634
13634
13634
13634
27374
808
3364
29163
29163
29163
20631
20631
12545
12545
15891
15891
15891
5442
5442
9087
25532
25532
5151
6231
29009
516
4045
4045
4045
4045
18654
18654
18654
31095
31095
31095
12386
2159
2159
2159
2159
25165
14871
14871
17235
17235
16038
23401
18971
18971
17036
22758
22758
28274
28274
10658
13615
13615
7841
29671
17655
242
242
242
16383
7465
8170
8170
8170
8170
8170
8170
18887
25034
16375
16375
15164
30460
15164
15164
13918
13918
13918
24400
25027
23323
24827
24827
24827
24827
25432
25432
25432
17182
13181
13181
14696
14696
4069
13309
13309
13309
13309
20694
23439
23439
23439
23439
18604
18604
18363
18363
17951
16651
12275
29043
29533
24061
24549
20004
11337
22539
22539
16275
16997
26766
26766
16997
16997
9754
9754
9754
31758
31758
9212
9062
9062
9062
9062
23111
2745
2745
16340
16340
16340
16340
16340
21441
26138
11327
7533
7533
19214
19214
3751
3751
3751
3751
25433
18747
12103
11309
25673
16966
16966
16966
7972
2817
14587
14587
14587
4683
2817
26653
26653
11855
23890
23890
23890
23890
23731
29975
17693
22429
22429
16907
16907
10875
10875
20482
31424
28284
28284
28284
28284
23869
23869
23869
18939
20803
19224
19224
19224
26388
26388
17489
18729
18729
13635
13635
13635
13635
13635
13635
12921
12921
24200
32460
24066
19231
12470
11869
12787
12787
12787
6063
6063
6063
5376
19518
25164
25164
25164
31802
31802
31802
31802
21250
21250
12510
24783
22516
22516
22516
22516
31131
20264
18278
27718
27718
10777
10777
10777
10777
195
17452
15055
22580
22580
22580
7119
7119
7119
20288
11025
28797
28797
28797
23450
23450
19286
19286
17354
7119
20876
20876
8260
17638
8260
28345
28345
28345
8260
1896
1896
23368
23368
23368
26052
26052
9770
9770
32721
32721
32721
12217
12217
20748
20748
20748
9770
9770
1989
23054
23054
796
10305
10305
219
27890
27890
9369
9369
9369
14239
27050
27050
12931
5942
24543
24543
24543
29051
29051
29051
29051
7265
25821
25821
7507
1583
1433
1433
29035
23447
32167
32167
24442
24882
25473
25473
25473
7258
7258
7258
21614
2195
6918
6918
6918
7999
4940
19906
22599
22599
22599
22599
21989
16183
17571
17571
21863
11676
16198
16198
9858
26078
12026
12026
12026
12026
7922
7922
29519
29519
237
237
21529
290
27129
27129
27129
27129
27855
27855
27129
25600
25600
25600
25600
14731
29274
29274
14731
14731
14474
11567
11567
11567
11567
31616
31616
8924
8924
8924
6953
6953
22598
12229
12200
12200
6953
6856
3409
3409
16621
16621
16621
16621
16621
16621
17761
17761
16621
16510
16510
10301
31513
31513
21143
21143
21143
2395
15753
2395
12984
12984
12984
12984
12984
6055
1387
6602
6602
4218
4218
4218
23133
20813
20813
25193
25193
28865
28865
25193
25193
25193
23749
27696
23749
23749
9812
9812
9812
9812
7358
30718
30718
16340
16340
18371
18371
16340
16340
16086
11498
7288
7288
28853
28853
2231
2231
28990
28990
15037
15037
23699
23699
22094
22094
15037
15037
15037
30195
30195
24307
25757
9472
7126
7126
14467
8045
8045
9487
4984
1349
1349
23050
23050
23050
23050
17431
17431
17431
20583
18650
15291
15291
15291
15291
15291
31281
31281
31281
31281
31281
11258
11258
9434
9434
25236
25236
9434
9434
9708
7506
7506
18675
18675
12991
7506
7506
7506
15227
15227
21701
30955
21701
7506
7506
534
371
371
21582
371
186
186
186
186
186
10612
10612
10143
29831
29831
17655
9713
9713
19797
19797
2085
2085
7876
19392
26846
19392
19392
15923
15923
15923
31171
31171
31171
17061
4955
30672
30672
30672
12767
12767
8389
8389
13836
14344
14945
8687
6492
1912
1912
2351
25634
25634
25634
30473
25634
25634
30079
29590
29590
29590
29590
29590
29590
26293
22717
19253
12918
10309
10309
10309
27992
27992
2875
2875
13867
1896
422
26104
30866
28551
28551
28551
26104
5424
5322
26275
26275
26275
25164
28205
28205
25164
25164
25164
19178
19178
12251
24652
24652
27196
22361
1830
6955
957
957
422
422
10128
6722
6722
6722
6722
6722
6722
21229
26927
26927
26927
6722
4965
4965
9290
357
357
18452
4882
4882
11529
21415
12005
778
778
20363
1029
6887
6887
12751
12751
14228
14228
26915
26915
18076
3609
3609
3609
3609
3609
3609
26431
17885
17885
17885
21415
760
11339
5581
3398
21705
21705
19346
19346
19346
19346
19346
19346
19080
28212
28212
28212
28212
18890
7502
6382
6382
4955
21792
26263
26263
26263
21792
21792
30814
7514
2068
16182
30504
30504
21500
21500
31727
31727
18517
24859
17978
24319
24319
24319
24319
15847
4787
15809
22116
22116
22116
13321
3734
21052
21052
20883
24547
28804
28804
28804
28804
28804
28804
13202
17864
23455
20393
20393
27393
27393
27393
27393
5344
21787
9013
9013
26104
26104
29945
29945
13678
13678
22517
22517
27078
10012
10012
6063
26838
28068
26838
12134
16914
2693
2693
19932
20083
20083
20755
20083
19932
19932
19932
19932
19932
19932
28346
28346
28346
28346
18710
18710
18710
18710
18688
14662
14662
14330
26000
26000
14330
13795
11144
11144
24693
24693
24693
31682
15559
15559
21713
11351
11144
11144
6480
6480
6480
26126
26126
24303
24303
24303
24303
24303
1517
1517
497
21293
21293
6942
6942
6942
6942
6942
6942
21651
6942
6942
6942
11417
11417
11417
30369
18550
27408
18550
18550
10126
5581
1711
1711
286
15085
3262
3262
32310
32310
32310
32310
32310
32310
30155
21151
21151
24813
24813
24813
24813
24813
24813
19908
25422
25422
13602
13602
11717
11717
4637
4637
4495
20025
28110
22657
22162
27252
27252
27252
27252
26804
26804
26804
14361
14361
9784
9784
19659
6041
20740
5936
19084
19084
19084
5936
5270
5270
4320
4320
3957
22038
22038
22038
22038
15757
28662
28662
28662
28662
22384
22384
22171
22171
15757
15757
15757
15757
15757
14094
29669
29669
29669
14094
14094
14094
16129
16129
12260
12260
9871
8658
11699
11699
8581
26514
19738
16954
16954
16954
16954
16954
17443
17443
10634
9366
9366
19395
19395
19395
14925
30609
18673
18673
23115
23115
21799
21799
19581
18673
18673
18673
17575
17575
17955
17955
17955
8643
8480
17024
19275
17024
7119
7119
7119
6329
6329
6329
5610
19342
8884
8884
23912
23912
23912
17637
17637
12945
12945
19470
8828
6232
6232
4499
29575
29575
29575
29575
25349
8380
8380
4499
4499
15232
4499
4499
5334
9739
23091
23091
23091
3957
3957
3957
3957
31324
31324
3957
3903
3696
3696
2243
2243
2243
30531
30531
1983
12793
15559
16888
11242
10486
10486
16177
1520
990
990
25878
25878
10339
10339
10339
10339
350
21823
350
350
350
5856
6525
6525
5856
16558
16558
25210
4659
8565
27452
30316
18023
18023
21739
21675
21675
21675
21675
21675
20071
20071
26341
11867
7074
23535
23535
23535
23535
23535
16441
16441
10840
5897
4884
8147
15540
15540
3751
3751
3751
3751
2473
2473
24150
24150
1150
26469
26469
26469
7753
7753
1150
31269
31269
31269
31269
23963
23963
23963
23963
2713
29159
2713
962
36
28117
28117
28117
2391
14023
24958
24958
19527
19527
21594
21594
21594
21594
19527
19527
19527
9544
9544
9899
9899
18616
18616
18616
18616
18616
24299
22582
11256
11256
17451
17451
17451
24095
24095
17451
7017
1334
11552
19658
19658
29774
29774
29774
31562
31562
3414
3414
31377
24046
24046
14936
14936
14755
14755
14755
14755
25186
25186
14755
26312
26312
10536
10536
3286
3286
3286
3286
3286
3286
3286
8673
8673
32228
32228
26403
8313
8313
21037
28909
28909
28909
28909
15579
15579
18056
13754
31031
31031
31031
31031
31031
27621
27621
27621
27621
27621
27621
27621
16684
16684
15151
15151
10242
22530
22530
22530
1305
27502
17524
18057
9981
9981
9981
1200
1200
1200
1200
16684
16684
16684
651
10396
23927
31075
28242
20594
2594
2594
23698
20680
25375
25375
25375
25065
12799
12799
12799
12799
6578
6578
6582
6582
6582
6578
6578
5620
14845
14845
14845
7829
26756
15553
17170
17170
22302
27020
29409
29409
29409
29409
29409
29409
27020
27020
18010
10056
10056
10056
4385
4385
1137
1137
5638
5638
32155
32155
32155
14341
29640
29640
29640
23885
17398
16676
16676
16676
25151
25151
25151
16676
18942
16676
15619
15619
12886
12886
12886
10401
10401
24864
24864
24864
24864
20941
20941
20941
10194
10142
15445
9331
9331
8721
21146
24651
21604
21146
21146
6746
6746
6398
3271
23037
28665
254
8699
8699
8699
21769
21769
21769
21769
21769
13045
30589
11754
20358
20358
20358
20358
20358
20358
5401
5401
5401
12937
18481
18481
3741
928
20615
32655
32655
30418
5750
29764
29764
28759
2390
2390
26488
26488
26488
26488
11790
11790
11790
17226
10626
8819
15815
15815
15815
14220
6391
6391
28641
28641
28641
10382
10382
22575
31206
22575
22575
22575
21240
21240
21240
21240
21240
13419
14800
13419
15628
15628
15628
15628
15628
26990
26990
26990
26990
26990
13419
16759
16759
13419
14422
13419
13419
12987
12987
15204
26371
25332
6684
32562
32562
14920
11063
11063
11063
4845
4845
787
12049
12049
20163
25521
658
21675
31003
29258
29258
1303
6350
1303
1303
1303
12384
13411
13411
13411
20569
7892
7892
7892
28334
7892
1303
186
23325
23325
23325
23325
23325
23325
27848
1414
1414
8727
8727
8727
15780
13544
13544
13544
13768
3318
3318
21102
3318
3318
25819
3269
3269
13073
28993
21479
8666
30947
17945
28302
28302
17945
9035
9035
9035
9035
9035
9035
3880
3880
3880
28935
28935
28935
28935
11550
11550
29978
28675
1779
8690
19003
19003
8690
2059
17100
26276
25973
4154
4154
15712
6851
32231
32231
29755
29755
29755
19295
19295
30799
30799
5632
4154
4154
4154
2765
19163
19163
19163
2765
2765
2765
1834
26335
1714
1714
1714
30256
19105
19105
2102
2894
25080
25080
12092
28628
20992
20992
19446
19446
15660
15660
28119
28119
26381
26381
18284
3214
3214
3214
29701
29701
28606
16355
16355
8371
8371
14121
14121
8371
32510
32510
32510
32510
2818
4345
14754
28521
23039
14754
27277
27277
21446
10902
10902
10902
25944
25944
9412
6461
6461
10728
10728
4012
7545
7545
7053
18894
18894
31695
31695
19104
19104
10040
10040
7053
3164
3164
3164
2511
2511
29324
22020
22020
22020
19059
2508
2508
25692
17113
17113
17113
10427
10427
23361
23361
23361
23361
23361
23361
23361
23030
23030
23030
23030
16573
16573
28684
28684
16573
16573
16573
14042
27751
27751
18500
18500
18500
18500
10611
10611
9570
9570
8543
7442
29294
29294
29294
29294
12727
12727
12727
12727
12727
12727
20733
12727
25218
32280
32280
32280
26656
26656
15623
15623
16460
21957
21957
21957
21957
21957
26762
6229
25927
25927
25651
25651
25651
8110
31916
31916
25510
23715
22018
21333
19586
19586
19586
17955
14340
14340
14340
11208
17713
17713
17713
11208
11208
9973
8555
8555
6902
16986
16986
18183
18183
18183
18183
18183
18183
28000
28000
28000
23006
17845
22449
16986
13015
27140
4990
4990
4691
17727
17727
17727
17727
14068
13721
13721
4691
2463
1954
14301
1954
1954
1954
1954
1954
1954
1954
19098
19098
180
28098
180
180
180
180
29153
18663
6307
6307
25683
25683
20387
17416
17416
17416
17416
17416
13886
8875
3743
3743
18123
18123
15818
22373
14287
14287
8711
8711
26178
31285
3189
3189
14824
20265
11150
11150
7235
7235
7235
3212
3212
20975
23104
20111
19830
14189
17800
26388
17800
17800
20388
17800
17800
15807
4142
25122
25122
16685
16685
16685
22939
21603
4142
4142
21769
21769
13920
26140
13920
13920
13920
13920
13920
13920
16225
27273
17725
17725
17725
17725
20282
13920
13920
13645
13645
13015
12449
8149
5479
2323
1154
1154
31454
605
19336
16563
29807
29807
31320
31320
31320
31320
31320
31320
31320
12853
21
2083
18849
18849
15557
15557
15557
15557
15913
27749
3270
3270
29718
19262
19262
19262
12569
12569
22768
22768
22768
22768
22768
22768
22768
1593
1593
1593
14640
14640
14640
14640
17424
31023
17424
25134
17424
10221
15556
25159
27261
15363
31404
13034
7401
26993
26993
26993
26993
26993
26993
26993
20393
28305
14011
9636
5402
5402
20057
6290
21156
21156
20208
18880
18880
3291
15849
19019
14542
14542
29879
29879
26607
26607
14542
14542
14542
14542
7543
31796
4919
8443
8443
8443
8443
9588
18714
9588
9588
9588
8686
8443
6059
4015
4015
4015
4015
3650
20545
3650
2716
2835
2835
2835
2835
2835
2835
2835
2835
29882
2835
11355
6975
32763
32763
14095
14095
2835
9588
9588
9588
9588
22457
29798
29798
6705
6705
6705
6705
6705
6705
8475
8475
8475
12006
12006
6705
30350
30350
30350
30350
6705
17383
6833
32447
32447
32447
6833
12241
12241
4168
3225
3225
3225
3225
15320
15320
15320
3225
1529
575
4615
4412
4412
26299
25333
9135
21756
21756
21027
21027
21027
21027
20912
20912
20632
16822
16822
16822
16822
13999
6296
5856
5309
5309
919
12149
1444
21251
14260
14260
1444
28593
1166
1166
1166
26180
26180
26180
12184
12184
12184
15887
15887
28360
28360
12578
10823
10823
10823
24344
24344
18978
18978
25714
25714
25714
25714
18236
18236
29147
29147
29147
17278
17157
17157
17157
11040
21737
21737
32455
21737
21737
14097
13467
13467
16113
16113
16113
16113
10136
9370
9370
6487
6487
6487
31308
12779
13461
20631
13461
27876
27876
27876
16511
6315
6315
6315
12728
31906
6315
4842
4842
26958
10060
4842
4740
29450
29238
28838
21026
21026
21026
21026
9025
9025
1505
1505
1505
1505
1505
1505
1309
31858
1309
900
900
19532
31952
1378
1378
22090
22090
22090
29172
29526
29526
30797
22090
14021
12143
12143
20363
7839
8750
9629
21162
15853
15853
7048
4648
13179
21946
21946
6797
6797
6797
3692
3692
2027
16301
16301
29815
29815
29815
30556
30556
19876
4060
4060
4060
6680
5199
26252
26252
4376
9694
9694
24070
24070
24070
14812
14812
24613
31549
18851
14818
14818
14399
14399
14399
30381
13216
13216
13216
23779
23874
23874
3159
31402
4494
20943
6536
3068
1730
13126
9822
9822
9822
9822
9822
9822
9822
9822
9822
11667
3423
3423
2434
2211
2211
2211
786
786
786
5858
28137
4801
2969
1855
31819
31819
31819
30881
28630
18483
21154
16547
961
961
961
5276
961
19379
19379
961
961
961
961
35
8581
21455
8581
24137
8581
8581
10288
8581
8581
32627
9077
9077
17344
9077
22444
24436
24436
24436
19486
13870
4472
420
29086
29086
29086
29086
29086
281
281
22546
4938
4938
4938
14361
14361
4386
25558
14635
14635
28533
28533
31645
31645
31645
11989
20806
20806
20806
23145
23145
23145
23145
23145
5104
25556
25556
14191
14191
12614
12614
30070
25898
25898
25898
21997
21997
27536
27536
23732
23732
27094
27094
26518
30263
26518
23732
11609
11609
11609
10222
9815
9815
1679
30503
30503
953
8012
29259
29259
7706
11138
16154
7706
7706
24758
24758
25092
20551
22223
22223
22223
18712
32625
15929
15929
15929
15929
15929
10403
10403
24659
31559
25426
24659
24659
24659
26333
24194
24898
13760
13760
13760
13035
13035
13035
11992
25559
25559
11992
28607
8518
8518
6969
6969
5982
5982
3627
630
22290
7028
7028
7028
15001
7873
6865
6865
6865
29697
29697
1887
1887
5050
8480
13888
8480
12333
12333
15487
12333
12333
12333
18143
18143
14102
14102
8765
8765
24506
11712
6771
22046
16725
24432
5532
30232
30232
30232
3011
3011
3011
27149
9546
9546
9546
19358
29165
15563
3891
26435
26435
17618
17618
17618
15773
15773
4146
4146
27633
27633
28394
30726
26162
26162
26162
15034
18697
18697
7150
8701
2171
29894
29894
29894
3949
3949
3949
14009
3698
3698
10556
4988
4988
26122
26122
26122
26851
24136
21363
20562
20562
15246
29971
26148
26148
26450
26450
26450
28170
26148
22041
18234
8156
15287
14402
14402
14402
14402
7491
7491
6205
6205
3644
3644
5803
11816
25073
25073
11984
11984
27110
27110
27110
27110
27110
11816
7619
7619
7619
7619
8985
8985
27949
21299
21299
7619
4078
10383
7783
7783
9069
9069
28317
11385
11385
11385
11385
11587
11587
11587
18954
18954
18954
18954
18954
11587
1389
20465
12142
12142
12142
12142
18091
18091
21612
12375
12142
12142
13649
19187
23270
23270
23270
31103
20411
10679
10679
27420
27420
27420
27420
25311
10679
25459
25459
17667
17667
29391
29391
31451
15096
14488
14488
10534
9379
28933
7003
7003
2642
2642
2350
2350
2350
13834
2350
2350
2350
2350
28144
30698
23402
23402
23402
21656
21656
21164
16096
16096
16096
16096
16096
16096
12255
12255
12094
10650
9020
3267
3120
3120
3120
28166
28166
28166
28166
14568
14568
14568
6779
26026
30986
30986
30986
30986
30986
6285
6285
6285
23446
23446
14088
26549
26549
14088
14088
30983
30983
30983
19314
19314
19314
20811
23678
23678
23678
19314
19314
11947
30398
30398
11947
11947
9155
3319
2994
2994
2172
30853
30853
28790
29108
28790
20942
20942
20942
27404
27404
20942
20942
5650
18154
15324
13849
21387
5149
21773
19571
22573
22573
22573
32082
32082
32082
32082
17170
17170
7941
4052
4052
4052
6725
1582
30133
335
335
335
335
335
335
158
158
158
158
31223
31223
25901
25901
21288
19092
19092
19092
19092
25852
25852
25852
25852
25852
25852
1892
31252
20833
10072
11079
11079
11607
2147
2147
25204
25204
2147
6401
21900
21900
21900
21900
28036
17366
17366
29617
29617
29617
19526
19526
19526
13569
9714
23019
17183
17183
26094
14910
14910
9310
9220
9220
9220
7466
7466
7466
31635
7466
6891
3571
2345
20019
20019
20019
20019
22580
22580
22580
26021
20440
15230
15230
15230
31325
27266
7827
6663
5243
5243
3156
3156
20842
27281
20842
15396
15396
13398
13878
18384
18384
29494
12420
12420
12420
12420
12420
12420
12420
14659
14659
15896
24761
24761
24761
24761
24761
30318
10235
10235
11421
10235
10235
19152
10235
717
13945
6689
6689
21999
21999
21999
29826
29826
11155
10987
10100
8227
6865
18014
18014
18014
20189
18483
18483
22735
28831
18483
18483
18483
7919
7679
5327
3398
10480
1239
25772
22076
4479
26878
26878
29907
29907
26569
26569
28471
28471
29379
29379
29379
29379
30502
9818
8636
32058
32058
13711
13711
13711
13711
15671
13711
8636
8636
6435
6435
26933
26933
22856
21280
4998
20190
20190
20190
20190
24508
17047
1335
1127
29407
14920
14920
14920
30811
30811
30811
30811
30811
14920
23833
23833
23833
1857
1857
1574
1574
4350
4350
29791
13806
13806
13806
13806
4350
31511
31511
25163
16975
16975
17260
17260
26022
22238
23785
886
31990
5926
886
199
199
28227
199
29659
29659
10594
10594
5268
5268
5268
5268
7010
7010
7010
5428
18955
5428
5428
11862
11862
20933
26183
26183
25121
25121
25121
19529
8726
8726
4338
4338
6682
6682
8416
8416
8416
20904
20904
26713
3767
3767
3767
21055
4504
30495
27074
31537
15992
31108
19526
5758
22500
21874
25195
25195
25195
25014
27367
25014
25014
29754
29754
28864
27420
27420
31980
31980
31980
31980
25014
23702
19833
19758
19758
19758
19252
19252
28876
28876
28876
28876
28876
28876
28876
12261
12261
10214
9891
27862
27862
9891
13621
17182
18817
18817
18817
30550
30550
30550
30550
30550
18817
18817
17182
13621
8739
31687
7618
29808
29808
29808
29808
29808
6764
18148
18148
18148
32670
18148
5827
5419
21079
21079
5405
5405
5405
5405
5091
3919
3919
20261
25748
3273
3273
3273
2300
2300
6463
6463
6463
14921
1910
1910
1910
1910
1910
759
759
201
2049
6942
6942
27339
201
201
27210
11194
3452
4029
3452
20230
15480
13250
13250
10848
10848
10848
10848
2251
2251
26510
26510
13267
27169
22071
26914
27672
10367
10367
10367
25332
10367
10701
13856
13856
13856
31435
31435
31435
31435
31435
31435
20873
20873
20873
14775
13097
13097
9644
25400
25400
22027
21593
21593
21593
21593
15542
9644
9326
25123
5075
5075
5060
4361
4361
27864
14283
14283
7634
3365
3365
23300
23300
16325
16325
20456
7359
7359
8134
22321
22321
12986
12986
18197
20085
18197
18197
28870
31974
31974
31974
23494
23494
22811
27710
21156
20426
20426
22487
30058
20426
20426
27140
27140
27882
20018
16346
16346
16006
16006
16006
16006
16006
8631
8631
8631
8631
11627
11627
25537
22082
8631
28700
28700
28700
23322
23322
23322
4715
4715
4715
3441
3441
3441
3441
3441
23290
3441
2645
23863
23863
22443
30048
23089
23089
23089
23089
22443
22443
17126
17126
7116
4918
4918
29855
2511
28622
19929
19929
17952
14105
30477
4991
17426
1600
24205
9209
9209
9209
9209
9209
930
26142
23880
6186
6186
6186
6186
26604
26604
20966
19749
8159
8159
8159
8159
23374
24848
24848
24848
5768
5768
5768
1776
26240
5249
5249
5249
2718
798
798
798
798
798
32589
32589
23124
24137
31107
24137
15190
15190
15190
15190
15190
11098
10949
10949
10949
10949
29601
10397
7922
7922
5618
1992
15671
15671
15671
15671
14971
9910
24160
24160
24069
10948
30515
15189
7628
31630
31630
31630
31630
31630
7628
7628
5845
5845
11862
11862
31322
31062
12339
12339
12339
12339
12339
12339
11207
23263
23263
4305
3531
3208
3208
3208
3208
19266
19266
19266
22422
21036
21036
21036
26782
26782
16679
15910
16921
14326
18465
29327
21417
304
9895
20700
20700
9895
21569
3519
3519
7435
7435
7407
7407
2865
5517
1124
1124
1124
11456
23838
23838
23838
9738
9738
1124
1124
1124
1124
1124
1124
6030
30183
29469
4145
28381
26298
19106
12939
12939
18687
18687
18687
14153
14153
14153
14153
14153
11399
11399
23110
23110
23110
28068
28068
23110
23110
23110
9736
26542
26542
24617
24617
15344
24980
27930
13106
13106
13106
13106
13106
5584
5584
3803
23917
20159
20159
20159
28931
28931
20159
2305
2305
2305
27192
31395
21831
8657
8657
19734
19734
7128
4749
15634
15634
15634
15634
7223
4749
4749
4749
4749
4749
4749
4749
4749
4749
29272
29272
10221
10221
10221
4210
13899
13899
15381
9475
9475
8580
2593
4806
28443
28443
28443
23260
23260
23260
23260
19186
4928
4928
4806
1318
439
12632
19550
19550
19550
12632
5321
28987
28987
9232
19611
19611
27600
23187
23187
26456
20506
28066
12981
28091
28091
25106
12981
22008
22008
15386
15386
15386
461
461
13377
13377
13377
13377
13377
386
30712
17670
17670
17670
17670
15780
29804
6411
6411
5292
5292
28804
4054
29258
12059
12059
16531
16531
16531
16531
26603
13685
13685
1061
22059
8538
3056
4258
22792
4376
24181
17785
17785
17785
4608
5865
2092
2092
2092
2092
31400
31400
31400
6591
22321
22321
15615
14851
14851
22855
24145
24145
17750
16829
16829
32028
32028
16009
16009
16009
16009
16009
16009
16009
16009
16009
15706
15706
15706
19887
19887
24840
24840
19887
19887
19887
10103
10103
7335
7099
7099
7099
16992
16992
12769
7099
1793
23291
4286
19487
24993
24993
24993
13597
13597
8702
1550
1550
1550
17773
22519
27289
31924
31924
31924
31924
9349
9349
4946
4946
4946
4946
3882
11284
11284
1718
1718
32072
17845
27731
12014
32543
12014
12014
12014
5656
19679
19679
5656
22066
30953
3966
3966
19766
19766
19766
19766
10413
32435
7809
21139
7809
25716
25716
25716
25716
19160
19160
19160
16532
27941
27941
27941
27233
27233
27233
27233
27233
27233
29803
10096
28282
26635
26635
23636
23636
15854
15854
5614
5614
1000
1000
1000
20685
20685
20685
20685
29037
28705
13918
13918
13918
6325
21113
10608
12763
21172
13252
13252
20605
20605
20605
20605
6167
31709
32646
31709
31707
21121
21121
12935
12935
12935
12935
30313
30842
30842
30842
12819
12819
23955
23955
17076
12819
19753
19753
29487
19753
11499
11499
7149
5690
22959
11781
4378
4378
4346
955
798
32201
32201
32201
29191
798
25598
30018
30018
1596
1596
1596
1596
618
17435
13744
618
5223
5526
5526
5526
5526
5526
5223
5223
5223
5223
27544
19355
19355
18200
5223
18601
18601
7674
7674
7674
4262
4262
4262
4262
4262
4262
4262
17941
17941
4262
18021
31798
31798
31798
31798
18021
18021
18755
18923
27510
6898
3443
3443
28230
28230
26229
26229
26229
25655
21206
28015
28015
21206
21206
30211
26110
21206
21206
18135
27849
21172
21172
15663
13202
26001
12789
12789
12789
11508
26055
23997
26586
26586
26586
26586
23997
23997
31494
22910
22910
11508
31779
8400
8400
17701
16072
16072
26674
26674
13935
13935
9948
9948
9948
9781
6325
6325
3443
3443
22999
22999
20217
20217
14961
2671
2671
241
21755
32107
11025
12590
11025
11025
11025
13997
7267
7267
7267
10306
28491
28491
24302
26453
24302
20397
20397
28478
20397
20397
20397
19329
24125
3859
28636
28636
28636
2282
2282
2282
18175
18175
18175
12307
24037
29347
16101
16101
16101
16101
18623
18623
18623
18623
31722
11786
11533
11533
11533
30727
11495
1512
8509
8509
8509
8509
8509
26615
26615
26615
29463
9458
9458
9458
16765
16765
28304
12262
12262
12262
23917
12875
11832
20743
11832
17620
26448
21493
21493
30145
18581
18581
14106
958
22286
1898
31752
31752
25489
1898
1898
28688
28688
28688
28688
28688
26887
26887
26887
4834
80
12789
28702
80
80
32032
13309
13309
7013
10887
6044
6044
20952
20952
20952
9519
30291
6678
4179
4179
4179
12701
12701
12701
12701
20900
9118
9118
9118
9118
9118
24727
24727
24727
24727
24727
24727
10890
10890
1322
5149
22227
29819
23340
5210
5210
5210
5210
6501
4145
4145
7986
21993
21993
15149
15149
13113
13113
9518
18804
18804
18804
21263
23921
23921
9518
9518
9518
25024
25024
25024
9638
14143
14143
14143
14143
4388
24853
24853
30279
27224
19451
19332
14391
5071
22261
22261
32501
28652
28652
28652
12526
12526
25658
17419
17419
17419
25866
4852
16538
6838
6838
6838
5385
20872
20872
2060
18256
2060
2060
2060
2060
2060
2060
2060
18750
15017
15017
10544
10544
20755
14658
15074
14658
22253
23970
10544
10544
10544
7572
3747
26553
26553
26553
26553
3747
3747
2429
2429
2429
16262
11424
10425
7717
13009
11049
22860
22860
11049
29245
29245
29245
29245
29245
29245
11049
11049
11049
11049
11049
11049
17566
9051
12221
9051
9051
9051
8104
11293
11293
8104
8104
12969
12969
12969
21682
21682
21682
22963
22963
22963
22963
22963
7030
5272
32037
32037
5429
5111
5111
5111
13740
13740
5111
20121
3980
10185
3980
10867
11101
24177
7362
7362
3597
2921
15916
9915
9915
9915
9915
9915
30642
30642
30642
26078
581
26462
15678
15678
15678
15678
7695
30645
30645
30645
11554
19511
19511
16855
21056
27933
2604
32510
26039
17352
17352
24327
23288
19127
14564
8085
12771
12771
31068
1407
1407
12769
12769
12769
5756
5756
30539
30539
7373
26541
24603
12988
12988
12988
12378
12191
21263
7221
5882
15855
5882
4675
5473
4675
14001
14001
4485
4485
20812
20812
895
15258
6398
31364
17663
30214
20882
32266
32266
32266
32266
32266
32266
32266
32266
20882
20882
27941
22014
19611
19611
19611
19611
19611
16299
20139
6068
4450
4450
7846
21444
21444
7986
7986
7986
7986
7986
32688
32688
32688
32688
32688
1080
1080
806
17267
17267
21875
26599
26599
15906
15906
15906
12165
11920
11920
29371
29371
18705
18705
6971
27316
27316
27316
25554
25554
25554
25554
25554
25554
25554
25554
25554
25554
25554
25554
25554
25554
23919
23919
14255
20816
10473
10473
7325
18738
6971
6856
30134
30134
22365
3537
1026
1026
1026
32339
32339
5708
31663
31663
1026
765
3447
3447
3447
25500
25500
25500
6368
6368
6368
6368
6099
27165
22621
6099
4163
15198
31019
9935
9935
28751
28751
28751
10459
3759
3759
3759
3759
25882
11863
3414
3414
3414
4142
4142
22269
22269
11863
29484
29484
2965
2965
25192
25192
25192
25192
26923
2992
2992
17469
19252
16438
31869
4283
30099
5306
5306
16152
4291
4291
4291
4291
4291
22176
22176
22176
6020
11735
15635
15635
16134
31911
31911
16134
16134
16134
16134
16134
16134
11735
11735
11735
22720
11735
11735
11735
9952
22809
25739
25739
22809
17267
17267
17267
17267
10680
10680
10415
9952
9952
9073
8749
6354
24833
9407
9407
5528
5528
14549
22852
22852
19633
19633
19633
19633
28355
28355
28355
28355
25445
25445
25445
25933
25933
20244
6305
6305
6305
6305
11275
12884
308
21948
21948
23779
26504
26504
308
7883
11053
21971
11053
21363
21363
23125
23125
23125
27916
27916
27916
31532
31532
31532
31532
31532
1543
3292
21336
3292
15542
12340
12340
12340
12340
119
21218
21218
1940
9890
3772
1345
28200
28200
8345
1345
1345
1345
19583
19583
19583
1442
20192
20192
29393
29393
17404
17404
17404
17404
24255
24255
24255
24255
24255
24255
24255
22657
22657
22071
19597
19597
18292
9481
9481
9481
9481
8906
8906
8906
8301
8301
8301
23477
8301
4422
22000
9932
9932
5541
5541
23813
17437
26786
26786
26786
