19170
19913
30107
27645
27645
32440
32440
32440
32440
27645
26778
26309
29169
26309
27939
32610
31557
29315
29315
26309
29870
31999
31999
31999
31999
31330
31330
31330
31330
31330
31330
25201
31317
31317
31317
31317
31317
26293
26293
29335
26478
30528
30528
31004
31004
31004
31004
29214
29214
29214
26478
26293
24649
24485
24394
24394
28521
24394
24394
24371
24351
24351
27385
31112
31112
29618
29618
29618
24351
24351
24183
24183
24130
24130
31784
24085
24085
27612
27612
27612
27612
24085
28504
28504
28504
28504
29175
29175
26429
26429
27490
27490
27490
27490
29764
25825
25825
26464
29955
29955
29955
31002
31002
32405
32405
30839
30839
30839
30815
30815
30815
30815
30815
30815
30815
30815
30815
30815
30815
30815
30094
26910
26910
26910
26910
26910
26910
26505
29816
28690
32169
32169
30081
30081
30081
29422
29088
29088
27727
31908
29153
29153
29153
32499
32499
29153
29153
29153
29153
26154
26154
26154
26154
26154
25346
25346
25088
24775
24775
31592
31592
29175
29175
30301
29175
24775
24775
24775
28256
28256
30975
30975
30975
29332
32197
31069
31069
31069
31069
31069
31069
31069
28533
28533
28533
27595
26435
26435
26123
26123
26123
26123
26123
31245
29892
29892
29892
31541
31541
31541
31541
31541
31541
27009
27009
27009
31164
31164
31164
31164
31164
31164
29622
27009
27009
26980
25771
31578
31578
25606
25606
26053
25606
27433
27433
27433
25760
25392
25392
25250
25250
25250
25250
