7173
26891
26891
30033
26891
30110
30110
28979
28979
28979
28075
31648
31648
31648
30039
26891
26891
26579
26579
26579
31203
26579
26579
28316
26019
26019
25681
25681
24513
24963
24963
24963
32708
24327
28224
28224
28224
28224
28224
30837
30042
29994
29994
29127
29127
29127
29127
24835
24835
24327
24228
30049
30049
30592
30049
29384
29384
32684
32684
32684
32684
31914
31553
31553
31636
32204
32204
29131
29131
29131
29131
28889
30615
30549
30549
28774
28774
28212
27634
30954
32470
30954
30812
30812
30812
30812
28642
28642
31251
31251
27505
27505
27505
27505
27505
27284
27284
27252
27252
27252
26820
26788
26788
26788
26425
26425
28863
28863
28863
28863
28863
28863
28863
28863
28863
28863
26413
27086
27086
27086
27086
32019
32019
32019
32019
32019
30425
26815
26815
30105
26815
26815
26815
26178
28412
30413
30413
30413
30413
28608
28608
28608
29008
29008
29008
27893
26633
26178
29562
25842
25842
25842
27331
27331
27124
27124
32658
32658
29745
29745
25777
32507
32507
32507
32507
26135
25740
27531
25680
25680
26204
29910
29910
29910
28030
28030
31001
31001
26529
25453
25453
25453
25450
25450
25429
25429
25429
26901
28234
25387
25387
28043
26848
26848
25319
25319
25319
25315
25315
27693
27693
26445
26445
25191
25191
26887
25191
25191
25191
25191
25053
25053
26249
31994
26812
31921
31921
26812
26812
25918
25918
25918
25918
25053
24980
24980
24959
24744
24744
24744
24672
24672
32489
30793
32500
32500
32500
30793
30793
29870
29870
24672
30038
30038
30038
30038
30038
29796
28506
28506
28326
25669
25669
25669
30859
25669
25669
25669
24829
24829
32571
32571
32619
32619
24643
31314
28489
32669
32669
32047
32047
32047
32047
32047
32047
31442
29790
29790
30834
31477
31477
31477
31477
29943
32716
32716
32716
32716
32716
32716
31303
28857
28857
28857
28857
28489
30261
30261
31448
31448
31448
31448
31448
31448
32703
31448
31448
31448
30261
31284
31786
31284
31284
30936
30936
30884
30884
29657
29657
28782
28782
31067
31067
31067
31067
31067
31067
31067
31067
29214
29214
29214
29214
28407
28169
28169
28169
28169
30844
30512
28169
28169
28131
28100
31315
31315
31160
31160
31160
31160
31160
31160
30135
30135
30135
30135
30135
31414
31623
31414
31414
31176
31176
31176
31176
30978
30978
30135
28423
30624
28100
32629
32629
32629
28100
29473
32483
31166
28100
31769
32001
29174
30788
28100
29882
32406
32406
32406
32406
32522
32522
30120
28367
28100
30407
30407
30407
30407
30407
28100
29936
28500
28288
28288
28901
28901
30572
28288
30917
28288
28075
28075
28027
28027
28718
28027
28027
28027
27893
27893
27893
31149
31149
31149
32656
27893
27835
27741
28055
28055
28055
27741
27650
30122
27603
27591
27588
27588
27438
27438
27438
27371
28623
31669
27480
27480
27480
27480
27480
29916
29916
29916
29916
29916
29916
29916
32129
32129
32236
32236
32236
32236
32236
32129
31275
31275
31275
30220
30220
32667
30220
30220
30220
30220
30220
30220
30181
30181
30181
30181
30181
30181
30181
30181
30181
30181
30181
30058
29927
29927
29927
29927
29927
29194
29194
29194
28711
28711
28711
28711
28711
28600
28600
28600
28600
28600
28600
28600
28966
28966
28820
28820
32648
31624
29669
29669
28344
28344
28344
28344
28135
28135
28135
28639
28639
30186
30186
30186
28609
28609
28609
28609
28609
28609
28609
28609
29082
32365
32365
32213
32213
32213
32213
32213
32213
30955
30955
32590
32590
32590
30955
30944
30944
30944
28640
28640
31521
31521
31521
32706
27973
27668
29074
27668
27551
31185
27447
31174
31239
31239
29557
29557
29557
29557
30340
30340
29741
29557
28665
32488
32488
27371
27363
30042
30042
30042
28762
30974
30974
28762
30210
27363
27278
30563
29715
27278
27278
28628
27611
31066
31066
27273
30128
30128
30128
27303
27303
27303
27265
27265
31372
32354
31372
31372
31545
27225
27223
27196
27196
27166
27120
27396
30384
32081
32081
30060
30060
30440
27396
27396
27110
27110
27110
27110
27086
32134
32134
32134
27078
28045
27078
27078
27078
27074
30499
31834
32693
31834
31834
31834
31122
27954
27954
27954
28828
29398
28600
30119
28600
28464
27954
27954
27954
27954
27954
27983
31908
31908
27983
31350
29314
29314
32736
29314
29314
29314
31220
31220
31220
31220
31220
31220
30480
30480
30480
30480
30480
30480
30480
28265
28265
31366
31366
31366
31366
31366
30319
30319
30319
30319
30319
28593
31852
31852
31852
29701
29701
29701
29701
29701
29701
29133
29133
28948
28948
28593
30673
30673
30673
30673
30673
28593
32678
32678
32678
32678
28970
28263
31845
31845
31845
31845
31845
31845
31845
28528
30952
30952
30952
30952
29711
29484
29484
28622
28622
31720
28622
28622
28622
28528
28528
29939
29939
29939
29939
29939
28528
28349
28349
28349
28016
32525
32525
32525
30826
32253
28222
28016
32359
32359
28224
27983
27983
27983
27983
27983
27954
27954
27800
27661
27542
30242
30242
31249
27542
27524
27524
31000
31000
27503
27503
27423
27423
27423
29222
29222
29222
29222
31042
31042
31042
31042
28103
28103
27117
27117
32052
27099
27099
27099
27038
27007
27007
30300
30300
30300
31598
30930
30930
28450
28450
28947
28947
32524
29383
29383
29383
32263
32263
28450
28450
28450
31787
32305
29935
29666
29666
30751
30751
28827
28827
28549
28549
28549
29064
29064
29064
28549
32049
32049
30667
29679
26985
26985
26985
26985
26980
26914
31392
31697
31392
31943
32421
30882
30882
29158
30857
30440
31169
31169
29158
29158
29008
32707
32707
32707
32707
32707
32707
29117
29008
29008
29008
28983
28874
26914
26914
26914
26863
26844
26844
26844
30740
29802
29802
30449
32278
32278
32278
32278
31430
31430
31430
31430
31430
30227
30227
29441
28434
27634
26831
26831
26831
31120
26831
26831
26831
26825
26825
26825
27294
26807
26807
26807
26793
26757
26757
26748
26748
26748
31595
31595
31595
31595
30992
30371
30371
28865
31147
31147
28087
26702
30045
30397
27823
27823
26701
26701
26693
26693
26693
26693
29041
29041
27092
27092
27092
28886
32307
32307
30980
28752
28752
29956
29956
29956
29673
28302
32404
32404
31469
31469
31469
28302
28302
28302
28302
28302
28302
28302
28302
28302
32644
27959
27959
27183
26693
29724
29724
30149
27726
26659
26659
26659
32185
32185
32185
32185
32185
31095
31095
31095
31095
29579
29202
30103
30103
30103
29202
30294
29202
28213
30839
30839
30839
30839
30839
30839
28009
27532
27532
27532
27214
27214
27726
27726
27214
27214
27214
27214
27214
27214
27214
27214
27214
26956
26956
26956
26956
26956
26638
26633
26588
26588
26550
26550
26550
27824
27824
26550
26550
26550
26550
30808
28532
26546
32121
32121
32121
32121
30962
28446
27712
32198
27712
27006
27006
26957
26546
26472
26469
26469
26469
26469
26469
26440
26613
26613
26613
26613
26613
26613
26430
26430
26430
26430
26430
26321
26321
26321
26321
26321
26321
26321
26321
31775
26313
31729
31729
26270
26270
26270
26270
26200
26151
26142
26142
26142
26142
28223
26142
26142
26142
26142
26142
26142
26142
29663
29663
29663
29663
32043
32043
30668
28817
28817
26113
26073
32633
32633
32342
32342
32506
32506
32506
31252
26011
26011
26011
26931
26931
26931
26931
26011
25995
29547
29547
29547
29547
29547
29547
29547
29547
25989
28786
27830
27830
27830
27830
25989
25989
25975
31572
25975
25933
32533
32533
32533
32533
27328
27328
27328
31343
32211
32211
32211
32211
32211
32185
32185
31343
31343
30964
26862
26862
26862
26862
30814
26453
26453
25950
25925
31621
32580
32580
31621
31621
31621
31621
25852
29403
29403
25950
25837
25808
25806
25795
31927
25786
25757
25740
25740
25740
25727
29074
25706
28929
28929
25706
25706
30074
31690
31690
28942
28942
28990
28990
28990
28990
25706
25706
25685
25685
30517
28616
28616
28616
28616
28616
25982
25982
25685
25685
25685
25685
25683
25674
25674
25657
29172
29172
29172
27607
27326
27947
31466
31466
32655
28408
27947
30159
25809
25809
28313
31011
31011
28313
28313
28313
28707
28707
28707
28707
28707
27469
31487
31487
31487
29431
29431
28929
28929
28092
25647
25637
25637
32233
32233
30080
31934
30087
30080
30080
30080
30080
30080
30080
30638
29625
28592
28592
28592
28592
32547
31919
31919
31919
31019
29712
28592
28592
28592
28592
28592
28506
28506
28506
28506
28506
26477
31431
31431
31431
31431
31431
32749
32749
32749
31431
31431
31431
31431
30679
30679
29691
29691
29691
29691
27272
27272
28499
26477
26477
26477
26550
26550
26477
26477
26477
32693
26319
26403
26319
26319
30553
30553
30553
31605
26299
26299
26299
26299
26299
26299
25989
25989
31468
31468
25831
25831
25831
25831
25831
31620
31620
31620
31620
31620
28362
28362
28362
25831
25831
25831
25720
27820
27047
27047
27047
30954
30954
30232
30232
30232
30232
30232
30232
30232
30232
29958
30862
29958
29958
29958
29958
29958
29949
29949
29949
27703
27703
27703
27703
25720
25720
25715
25634
32250
32250
32250
32250
30221
30221
30221
30221
30732
29295
28147
28147
28147
28147
28147
28147
28147
32526
28147
28147
30763
32036
32036
30763
30763
30763
31370
27583
32643
32643
27583
27446
26290
26290
26290
25634
32651
32651
32651
32227
28665
28665
28665
28665
28665
28665
28798
28665
28665
26736
27426
27426
26524
26524
27877
25617
25612
27960
27960
27613
27707
27918
28958
28958
27764
27764
27764
26562
26562
26562
31779
31779
31779
29803
25879
25879
25879
29622
25879
25879
28219
25879
25879
25879
26471
26471
26471
26471
25879
29982
29982
29553
27455
31116
29268
29268
27986
27455
27439
29357
29357
29357
30048
29357
27359
27359
30347
30347
30347
30347
30347
30347
27359
27359
25588
25571
32318
32318
32318
32318
32318
30870
31788
31788
31788
28992
28452
25571
29713
31114
31114
31114
32254
29713
32545
28225
30819
30819
28964
28964
28964
28964
28964
28225
28225
28501
28501
28501
32200
27800
28518
28518
27560
27560
27560
27560
31546
27560
30517
27560
27560
31170
31170
27560
27560
27454
27454
27454
27454
31903
28680
28680
28680
28680
28680
27225
26715
31123
26668
26087
29435
29435
29435
29435
29435
29435
31668
25996
25996
30404
30404
30404
30404
30404
30404
29351
29351
28887
28887
28909
30827
30827
30827
30827
30521
28909
28909
28561
28561
28561
30625
28074
29917
29917
32499
32499
32499
29917
29917
29917
29917
29917
28608
31530
31530
31530
26611
32302
26229
26229
26229
26229
25841
31564
31855
31855
31855
28837
25841
29728
29728
29728
29728
25841
25841
25841
25841
32296
32296
32296
32296
27734
25841
25815
30487
28416
28416
28416
28685
27994
32328
32328
32328
32328
32328
31972
31972
31972
29566
29566
30001
30001
30161
31935
29334
28253
28147
27110
27110
30442
30442
30442
27110
27110
27110
27110
32182
29261
29261
27110
26862
31687
31687
31687
30703
30703
30703
30703
30703
29391
30749
29391
29391
29278
30790
30790
30790
30790
29058
29058
29058
29058
29058
30477
30114
29058
29058
27854
27854
31363
31363
27854
27854
27854
27854
31970
31970
31970
31111
28445
28320
28320
28859
29831
29831
29831
29831
29831
29831
27130
27130
27047
27047
29111
32327
30648
28833
31529
31529
30730
30730
27072
27072
27072
27072
30048
27072
27072
27072
27072
27072
32237
28842
27072
32534
27047
27047
26816
30152
30152
30943
30943
26567
26567
26932
26932
26532
32475
32475
30190
27640
27640
27640
27640
27640
27640
27640
27640
27640
29210
29210
27640
27640
27640
29815
29815
29671
29671
29671
29671
26416
26416
26384
32555
32555
32555
32555
27161
26259
26221
26699
26221
25982
25690
25598
25598
25598
25598
31704
29354
29354
29354
25598
25582
25582
25582
25561
25561
25539
25531
25531
25531
25531
30871
30871
26757
26757
26757
30525
26757
26757
25531
32017
25520
25520
25520
25520
27001
25520
32739
32739
32739
32739
32739
32739
30083
30083
30083
30083
31476
30083
30083
29417
29417
29417
29368
29368
27055
31110
31110
31110
31110
32057
32057
31614
32519
27297
27055
27055
27055
27055
27055
27055
31852
31852
30235
31528
31528
31528
32212
31554
31528
31528
31528
31528
30197
30197
29969
29083
29083
29912
30711
29912
28652
28652
28652
28469
28469
28469
28363
28363
28363
29450
29450
29450
27759
27759
30724
29424
27159
27159
27022
27022
27022
27022
26976
31382
31382
27341
26976
26976
26956
26956
26956
26956
26956
26902
29993
29993
29901
29901
29901
29901
26877
31863
31863
30694
29640
32316
32316
32316
32316
32316
29360
31435
31435
31435
31435
31435
31435
31435
30122
29910
30462
31663
32428
32428
32428
31961
31961
31961
29910
29910
29910
32116
28592
27339
27117
26814
26814
30838
30838
30838
32366
30838
26615
26308
26308
26209
26054
26054
30521
30422
31969
31969
31969
31707
29017
29017
25855
25678
25674
30631
32626
32626
32626
32626
32626
32626
32626
32626
32626
31725
32506
32506
31725
31725
31725
31725
31725
31725
30808
27230
27230
27230
27230
27230
27230
25674
25575
28244
28244
25575
25575
25575
25570
25570
32682
32682
32682
25552
25552
25552
25552
29734
28802
30411
31297
28802
31708
31708
31708
28532
28532
29335
29764
29335
29335
28532
28532
28532
28745
28745
28745
27945
28259
26821
26202
26202
30799
30799
30799
30799
30477
30477
26659
26659
26659
25960
25960
29466
31918
31918
31918
31918
29466
28715
32594
31109
31109
31109
26923
26866
27182
32637
25799
25676
25667
25667
25552
25520
30112
28840
26462
29170
29170
25543
25543
25543
25543
25543
25520
25520
25519
25519
26270
26270
26270
26270
26270
26270
25517
25503
30599
30599
30599
26800
26800
26800
30539
28029
28452
28452
28029
31498
28029
28029
28029
28029
28029
28029
28029
25698
25459
29055
28040
32071
32082
32268
32268
29774
28786
28786
31501
31501
31501
31501
28040
28040
27695
27695
26084
25831
32695
32334
29363
29363
29363
30366
30366
29543
29543
29543
28173
28173
31288
25459
25459
25459
28613
25527
25456
25456
25453
25452
25447
25447
25447
25447
25446
27964
27964
27964
27964
27964
32326
25443
25443
25443
31394
31394
31394
25443
27574
27574
27574
32593
30658
30658
31164
30658
30658
30658
30658
30658
29671
29336
29174
29174
27400
31974
31974
27400
27400
27400
27400
26655
26655
26655
26655
28775
32204
32204
32204
30392
30115
30115
29688
28164
28164
28164
27618
27618
27618
28611
26809
25890
29986
29986
29986
29986
30312
29986
25890
25890
26266
26266
25833
25833
25833
25833
31514
32342
31703
31703
31703
31703
32207
31703
31081
31081
31081
32157
32157
31081
29877
29710
29710
29710
30403
30403
30403
30403
30403
30403
30403
29710
29710
31213
27689
27689
27689
27689
27689
27689
27689
27689
27689
27689
27689
27689
27689
27689
27689
27013
27013
27013
27150
27013
27013
27013
27013
27013
26925
26992
26925
26925
29184
31169
31169
31169
31169
31169
26925
32535
30830
26923
26923
26685
26685
26379
29056
29056
29056
29056
29203
29609
30220
30220
30220
31872
31109
31109
30250
30250
30250
30250
30250
30250
30250
30250
30250
29203
28911
32605
32605
30600
30600
28911
27485
27485
30137
28267
32536
26851
26517
26861
26861
31578
31578
31932
31932
31932
30047
30047
30047
29893
29893
29893
27846
27394
29143
26255
26255
29787
29787
26213
29731
27751
26796
26796
32114
32114
27173
26586
26168
26145
26145
26064
26064
31963
32571
32571
32571
32571
32571
31805
31661
27774
25833
27743
25768
25707
25695
25695
25695
25552
25552
25551
25487
25443
25422
25422
25421
25421
29218
29218
29218
31232
31232
31232
31232
31232
31232
31232
29218
32227
29218
29218
30873
29218
29218
29218
31941
31941
31941
31842
31842
29003
28955
28713
28713
27081
30613
27029
31806
31806
31132
31132
31132
30185
27177
27177
27177
27219
26282
31986
31986
30578
29747
29747
29747
31381
31381
31381
31381
31381
29566
29566
28431
28217
31430
31430
26412
27862
31539
30551
31655
31655
31655
31655
31655
31655
31655
30551
30551
30551
30551
30551
31820
31820
31820
30384
30384
30384
27907
26501
32102
26412
26229
26038
26038
31775
31775
30688
26038
26038
26038
26038
26038
25778
25778
25746
25746
25746
25746
25722
25722
29686
29686
29686
32220
32220
29686
29686
29686
29282
26212
25722
25722
25722
29455
25722
25722
25621
31663
31663
31663
29288
25621
25621
29354
25421
25421
25421
25420
31943
31943
31214
25420
25413
25413
25413
25413
30430
30430
30430
28701
31380
31380
28701
28701
28395
28395
28395
28395
26871
26871
25413
25409
25403
32417
25403
25403
25403
27851
28695
30809
28695
27851
27851
25403
25403
27679
26087
31509
29418
32049
26281
26281
26281
26281
30881
30881
25397
31421
32440
32496
32496
32496
25383
25383
25370
25370
25370
25366
25366
28278
28278
28278
28278
31615
31615
25366
25366
25366
30800
31119
31119
25453
25453
27251
25366
25366
25366
25364
25362
25362
25362
28727
28727
28727
29157
29157
29157
29157
32404
32404
32404
32404
30870
30870
31822
31628
30151
30151
30151
30151
30151
32413
32413
30563
30563
30563
30563
30563
30286
30286
30151
30759
31064
31064
30759
30759
30151
30151
29421
29421
29157
28762
32130
32130
32130
28043
28043
28043
28043
29548
29548
29548
29548
29548
31722
31722
31722
29887
29548
28763
28277
28277
29278
27408
27408
27151
27151
27098
26778
26778
26778
26778
26778
30362
30362
30362
30362
30362
26936
32357
32357
32605
32605
32605
32357
32357
32357
32357
32357
31884
31884
28267
28267
27650
27650
27650
27650
27650
27480
27269
26936
29542
29542
29542
29542
26936
26466
26466
28224
26336
27514
27514
27514
27514
26336
26336
26336
26336
26258
26258
26258
25974
25974
25860
30161
30161
30161
30161
30161
30161
30161
31307
31307
31307
30041
30041
30041
25860
25819
25819
31380
29397
25819
30135
32662
32662
29834
31435
31435
31435
29834
32444
32444
32444
32444
28860
26024
26543
26543
26543
26024
26024
29061
27037
28414
28414
31975
32347
32347
32347
28414
28414
28414
28414
28414
27037
27037
28718
28718
28718
28718
28718
28718
28718
28718
28718
28678
28678
28678
27308
27308
27308
27026
27026
30590
27026
31691
28929
28929
27026
31698
31031
31031
31031
31031
31031
32671
30209
30209
30679
28715
27928
27223
26520
26520
30112
30754
30754
30101
30101
30101
28235
28235
28235
28235
28235
28235
31742
31742
32716
31742
31123
27741
27741
27605
27605
27605
27605
27495
27495
27495
27495
27495
27495
27495
28024
27393
31960
31960
31960
29306
28722
31099
27009
27009
28380
29574
29574
31577
31577
31577
31577
31631
31577
27009
26368
31329
31039
32495
32595
32595
32595
32595
32495
32495
32495
32495
32495
32495
30986
30986
28826
28243
27915
27915
29216
26925
26491
32138
32138
32138
32138
32138
30053
30053
25864
25856
31575
31575
31575
25856
25856
25856
26035
26035
26035
26035
30486
26035
26370
29058
29058
27400
27400
26688
26688
30161
30161
30161
26688
26688
26688
26402
26402
26402
26370
26370
26370
26370
26370
31951
26306
26306
31393
31393
31393
26035
26019
28189
31297
31297
28204
28204
25806
25806
28292
27058
25787
30434
31197
31197
31197
31197
31959
30434
30434
26431
25728
25728
25728
25728
32627
27300
27300
27300
25605
25605
27108
27108
25906
26062
25587
31605
31605
31605
31605
31605
29070
27982
30226
25641
25641
25641
25641
25538
25527
25527
26735
26735
25491
29828
29828
29828
29828
25474
25474
25433
28010
28202
28202
28202
25433
25433
25394
25349
25333
25333
25333
25332
31629
31629
31629
28328
28328
28328
26739
31407
31407
26280
25324
25324
25317
30189
32077
32077
32077
32077
32077
30189
27256
27256
27256
27256
31985
31985
31985
27160
27160
27160
25542
25542
25542
27913
27913
27290
27290
27290
27290
26546
25542
25542
25542
25542
25542
25542
25542
25542
25317
27740
27740
25291
25291
25291
25291
25289
25282
25282
25282
31427
31427
31427
28382
28382
28382
28382
30797
30669
27866
25600
31137
25600
25600
31507
31507
31507
31507
31507
31507
30595
31289
31289
26171
31572
31572
31572
31572
29227
29227
31859
31859
31833
31833
31833
31833
31833
31833
31062
30001
30001
29227
32103
32103
29062
28397
26395
30674
26010
26010
25600
25282
25282
32158
32158
32158
32158
32158
31961
31961
31961
30540
30540
30540
30540
30540
30993
30993
30540
30540
30540
30540
30540
30540
30540
30540
30320
29217
29217
29217
29082
32483
27384
27384
27384
26904
26066
26066
29608
29608
29608
25335
25282
25282
25282
27154
28787
28787
28787
25270
25244
25243
26854
31167
31167
31167
31167
31167
31167
31319
31167
31167
31043
31043
28600
28600
28600
26854
26854
26854
30466
30466
30466
30466
30491
30466
30466
28128
28128
28004
28004
28004
28004
31729
27808
30305
26995
26995
26854
25670
25670
25670
25670
25594
29407
29407
27337
25500
31134
31134
31776
32590
32590
32590
29614
28812
31318
31318
31655
31318
31249
28812
28812
29646
30788
30788
28256
30129
30129
30129
30619
30129
28256
32500
32500
31616
31616
31616
28256
31747
31747
27613
30759
29596
28155
28155
27843
27843
27843
27420
27420
27420
31743
31743
31743
31743
27420
27420
27420
27053
27053
26602
28601
30261
30261
30261
28601
28601
31541
31541
31541
31541
31541
28328
26891
26891
26488
26335
26335
26335
26335
26335
26112
26112
26108
26108
26108
31741
29649
29649
29649
29649
28320
30063
30063
31727
31727
29086
29086
31727
31727
28291
26992
26992
26992
26992
26992
26992
32508
26992
26992
26992
26992
26992
26992
26837
29250
29250
29250
29250
31639
31639
31639
31639
31603
30869
30869
30199
30199
30199
30199
30199
30199
30199
30199
29250
29250
29250
29250
29452
29452
29452
29452
29452
29452
29642
29642
29250
29250
31824
29250
29250
29240
28545
28545
28545
30308
30308
30308
26708
26108
31355
31355
31355
31355
31355
31148
29008
28576
29755
29755
29755
30703
31386
31386
31584
31584
31057
31057
31057
31057
31057
30565
30565
30565
32117
32117
31405
31405
31405
31405
30565
30565
30305
29151
28098
28065
29297
32293
32293
32293
32293
32293
28552
31774
29202
29202
29202
28552
27243
27243
27243
26717
26717
26717
32621
31740
31740
28460
28460
28460
28150
27461
27065
26717
29579
26717
26628
26471
26471
26471
26471
26471
26438
26438
26438
26039
26039
25925
30021
30021
30021
30021
32031
30021
30021
30021
30021
32244
32244
32244
30449
31290
29920
29341
29341
30584
30584
30584
29745
29745
29035
29035
28937
28937
27492
27492
27378
27378
27378
27378
27962
26648
26648
26648
26487
26457
26457
26457
26457
26457
26457
29604
29604
26457
30001
30001
30001
30001
30001
29431
29431
29431
29431
28958
32091
32091
26233
26168
30229
30229
26168
25925
25925
32328
25889
25889
25889
25874
25874
25874
30653
26548
26548
32339
26418
29585
25874
25874
32242
32242
32242
32242
32081
28095
28095
28095
28095
27382
25874
31117
29604
29604
30864
30864
28707
28707
28707
25496
25496
25496
25496
30871
25496
25496
25496
25496
25496
30609
28474
28474
28474
29199
31424
31424
31424
31974
31974
31974
31974
31974
31890
31890
31890
30340
29888
29290
31781
31781
31781
31781
28986
28986
28668
28359
28279
32400
32705
32400
28909
28909
27510
31278
31278
27100
25944
25944
28584
29875
32246
32246
32246
32246
32246
32246
32246
30459
29875
28324
28324
28324
28324
28324
28212
28212
28111
28704
28704
28704
28704
32363
32363
32363
32363
32363
32363
26694
26694
26694
26302
26302
26302
31257
31257
31725
31257
31257
31257
31257
30306
32711
32711
32711
32711
30778
30778
30778
30306
29965
29358
27936
30696
30751
30751
30751
32172
32172
32172
32172
31657
30751
30696
28808
29769
27936
28187
28187
29898
29898
29898
29898
29898
29898
32163
30227
30227
31083
27936
27835
27629
31913
32393
29545
29545
27629
31376
31376
31376
31376
31376
27514
27514
32317
32317
31271
27514
27514
27514
32037
27514
27514
27514
27514
27514
27343
27343
26996
26996
31858
31803
31803
31803
31803
32053
31294
30123
29519
29519
29168
29168
28002
28002
30453
26936
31108
31108
31108
31108
31108
26769
26769
26769
26749
26749
26639
26331
26331
26331
26331
30077
26331
26331
26331
26331
26302
28846
28846
28846
28846
31555
31555
31555
29896
29345
29345
31941
26302
28436
28762
26302
29488
29488
28581
28581
28581
28581
28581
30082
26946
26131
26131
26131
27056
26131
26129
26076
30803
28934
28934
28934
31520
31520
31520
31080
32008
28934
28934
28934
27172
28780
28780
25889
25880
25866
25866
25866
25866
25866
25851
31908
31908
29175
29175
29175
29175
28695
28695
28695
28695
28695
28695
28695
28695
28695
25822
25822
30253
30253
27008
27008
27008
25795
25795
25795
29733
29733
25644
25629
25629
25615
25478
25478
25478
25478
25478
27380
27380
27380
27380
31913
31913
27380
28071
27328
27328
27328
27328
25466
28741
28741
28741
31634
31634
28579
28577
30475
28577
28577
28577
28577
25466
25466
32036
30863
30863
30578
29072
29072
29072
32156
29072
29072
26447
26068
25420
25420
30669
25416
25406
30548
32162
32162
32162
29997
25371
30024
30024
30024
30024
28735
27277
25369
25369
25343
25343
25339
25339
29105
29105
25339
30184
30184
31166
31166
31166
32092
29354
29354
25480
25339
30430
25303
28571
28571
27531
25261
25261
30530
25234
25216
25216
30027
25209
25209
29975
29975
29975
25203
27284
27284
27284
27284
27284
27284
27170
28355
27170
25199
25196
28484
29598
29598
29598
29598
29648
29648
29648
29648
29648
29648
29648
29648
29648
31133
31133
31133
31133
30844
30844
30300
30300
30222
30222
30222
30222
29648
31015
29648
29648
29648
29598
29598
30800
29404
29404
32008
32008
32008
32425
32425
29701
29701
29701
29701
29701
29701
29701
29404
29404
31977
29402
30819
30819
30819
30819
30515
30515
29538
29402
29402
28607
29119
29368
32726
32726
31945
31945
31945
31945
28607
31682
31682
31682
31682
31682
31682
31682
28513
28502
31148
31148
31148
28339
30199
32393
32393
32393
32393
32393
32393
32393
32393
30791
30199
30199
30199
30199
31664
29645
28339
30459
30459
30459
28974
28974
28175
28155
28155
29581
30131
29581
29581
29581
28108
29030
27832
31116
27780
27780
31820
31820
27406
30214
30214
30214
27312
27312
27312
30012
31792
30012
30012
30012
30012
30012
30012
30012
31588
31588
31588
29032
27167
27153
27153
26895
26855
26828
26693
26644
26565
26565
26565
