20023
23912
23912
29680
29680
12799
27605
27605
12282
3720
32468
16334
16334
20228
16334
3720
3720
3720
4029
4029
4029
4029
4029
4029
4029
4029
8875
8875
2974
25553
25553
7896
18748
18748
2
8709
8709
3473
19272
19272
9550
5332
29921
21728
5332
5332
18446
10598
10598
10598
10598
416
21467
21467
21467
21467
17853
14946
31019
21569
29712
25150
4093
9388
23260
9063
9063
1259
1259
1259
22936
19906
19906
19906
19906
873
3996
23864
23864
23864
23864
23864
23591
11578
1155
1155
23017
23017
21546
21546
21546
21546
21546
3545
3545
8697
28457
8899
2778
9068
9068
9068
5988
5569
5569
12197
20935
12197
12197
5569
3866
3866
21805
12764
12764
12764
12764
12764
10002
10002
10002
17565
17565
28499
28499
20162
18905
18905
18905
14507
1940
19752
19752
19752
22924
22924
20369
10505
10505
10505
12037
12037
24613
3515
3515
27864
9542
9542
3515
3515
25364
25364
25364
21271
21271
17162
17162
13427
11533
32536
32536
32536
32536
20922
21101
21101
21101
21101
1700
1700
1700
1700
1700
16766
15370
10738
10251
10251
10251
10251
19606
19606
19606
12085
28856
12085
12085
12085
4578
4578
4578
26208
26208
20450
11862
15826
11862
11862
23616
17660
8823
20780
8823
8823
7394
13280
13280
13280
13280
13280
13280
13280
13280
8955
8955
30894
8369
8369
1582
26106
7055
7055
7055
7055
31451
17501
10718
10718
10718
15627
15627
15627
15872
15872
30862
10395
10395
9539
9539
6304
6304
4690
4690
302
302
302
20675
20675
20675
20675
20675
20675
17775
29746
29746
29399
17775
31381
6292
4349
4349
5393
5393
2960
23304
23304
23304
11454
11454
32078
32078
4225
4225
3145
3145
2022
2022
2022
2022
6135
6135
28147
32536
32536
12057
12057
10234
9954
9954
7706
13312
13312
13312
13312
32690
25473
22624
22624
24462
20677
20677
20677
28277
28277
28277
24457
24457
15683
29373
5846
5846
6485
6450
27312
20039
26736
26524
26524
22573
25210
32244
11903
11903
11903
11903
26342
26342
10211
10211
20372
5913
23003
23003
23003
5913
4593
1846
22634
22634
22634
22634
23036
23036
9173
3590
3590
3590
3355
3355
30307
30307
30307
27960
27960
22899
22899
22899
5547
5547
17163
3355
2392
2392
2392
2392
12350
18426
20726
20726
20726
24256
24256
20348
31779
31779
31779
31779
31779
12980
12980
12980
13159
13159
28684
28684
28684
628
32346
32346
32346
32346
628
628
628
28029
28029
24830
24830
18701
10378
27179
27179
24717
24717
24717
16879
16879
16879
6718
6718
6718
12824
12824
11688
3667
3667
3667
3667
31285
31285
31285
26196
26196
6908
6908
3070
21518
21518
11822
3070
2945
2945
2945
27242
27242
6894
17284
10854
10854
21655
22386
22386
6936
6936
6936
6695
20801
20801
14191
14191
14191
8299
12789
12789
12789
14443
14443
14443
21299
21299
11999
11999
8299
8299
8299
8299
31135
28153
15724
15724
8299
18308
19588
6695
13785
26842
26842
13785
29974
29974
13785
2830
30876
30876
1820
1820
20995
20995
31137
31137
31137
20995
20995
14991
14991
3900
2616
2616
2082
27225
27225
27225
21214
21214
21202
32254
27675
21202
20455
8855
993
993
993
28225
12471
12226
9313
31362
31362
28964
28964
28116
23907
23907
23907
19197
10782
10978
11034
8209
8209
12021
25133
12021
14377
14377
27614
18133
5491
23634
23634
1504
14898
14898
14898
31501
31501
31501
31501
31501
31501
8904
8904
8904
18842
18842
16124
12654
15712
19911
5765
5765
5765
5765
5765
28588
20148
28308
28308
29655
28308
10820
22408
22408
22408
22408
22408
10972
10972
10972
10884
27107
31332
27107
10820
10820
10126
31123
31123
4560
13410
20032
13410
13410
13410
12998
4560
4560
4560
4560
4560
4256
4256
23083
23083
23083
16371
4200
4200
3781
3781
3781
3781
17111
10070
764
764
764
764
28227
19435
19435
19435
19435
19435
19435
19435
3345
3345
3345
25341
13199
13199
8322
8322
8322
22213
13464
31050
18087
28161
28161
18087
18087
18087
18087
29442
29442
30827
30827
19354
19354
19354
18087
10239
10239
7682
7682
23829
5646
5646
17926
27239
29950
29950
29950
22462
5646
5646
5646
14019
14019
1514
1514
1514
2798
2798
777
777
596
17074
17074
17074
17074
17074
25066
30609
20976
16591
16591
12141
12141
7692
29189
29189
20300
20300
7692
7692
6437
32302
2971
9330
11252
10227
10227
12427
10227
10227
10227
10227
23788
23788
16374
18077
16374
16374
19520
14912
28128
32296
22330
22774
21925
21925
19990
18109
29818
28683
28683
28683
28683
19726
19726
8549
6557
5196
3609
3609
19833
19833
2454
2454
2454
1790
1790
1790
1790
32328
1746
24806
24806
13522
13522
964
22342
22342
8491
20415
28253
20415
20415
20415
8491
2264
21412
21412
21412
3372
1563
7846
1406
1406
30506
32580
32580
32580
24624
24624
24624
3869
10821
1684
1684
1684
1684
1684
1684
3894
3894
1353
1353
1370
1370
1370
1370
14538
14538
8153
8153
24146
24146
14802
8153
8153
8153
8153
1913
1913
654
6969
2057
2057
2057
2057
2057
31526
8237
8237
28307
28307
28307
28307
28307
28307
28307
28307
28307
28307
28307
28307
28307
24610
24610
24423
24423
20427
18279
18279
18279
32563
13292
30687
30687
30687
25582
29169
30220
18514
17011
17011
4898
24339
7168
4898
4898
4898
14069
14069
606
606
22886
22886
17300
17300
17300
17300
17300
17300
4038
4038
4038
18022
8585
27895
27895
27895
29591
13068
13068
32481
32481
32481
20908
20908
13068
23864
23864
23864
4038
4038
4038
4038
4038
11875
11875
1975
1975
27460
27460
27460
19446
19446
17680
29853
15127
15127
15105
20447
20447
20447
13529
19357
8939
8939
8939
8939
8939
8939
8939
8939
8939
14385
28485
24783
7729
20003
30648
20270
13472
10632
10632
10632
16980
31113
11108
11108
14551
14551
6906
6906
6906
20220
20220
9245
9245
23347
23347
9245
9245
9746
917
17873
917
917
917
917
917
6167
28876
12113
10978
10978
14662
14662
14662
14662
14662
1142
1142
26861
26861
26861
20079
20079
16770
16770
16770
16770
11220
11220
6699
23747
21040
21040
22386
3521
3521
19876
19876
30190
591
10132
773
773
2847
31318
3348
11814
3348
9640
9640
7205
17997
20738
10294
24384
24384
24384
24384
24384
13427
13427
13427
8658
8658
21318
21318
21318
21318
21318
15969
15969
23031
23031
8658
32178
32178
32178
32178
32178
27981
27981
27981
27981
26385
26385
26385
25228
25228
23644
8549
8549
8549
8549
8497
26674
8497
28652
28652
29486
29486
31729
21449
21449
23943
21134
21134
6632
15682
6498
6498
6498
6498
6498
6498
6498
2745
2745
11634
11634
28733
9761
11369
11369
19414
9761
9761
4567
4567
4567
4567
4567
4567
4567
12927
12927
26177
26177
22124
12927
1635
1635
1635
8582
17882
771
3983
29539
11563
2700
11880
2700
29417
24350
24350
24350
24350
17874
17874
17874
17368
17368
8662
701
20015
20015
18835
2131
2131
2131
2131
11524
11524
11524
3522
2131
2131
2131
4101
22928
19192
9593
17497
17497
17497
9593
21046
21046
4101
4101
22838
4391
17104
361
361
361
361
361
361
361
361
361
361
24741
24741
361
761
761
761
761
761
761
22140
20995
20995
20995
20995
20995
19602
19602
24443
24443
24443
24443
24443
19041
18765
28891
18765
19549
19549
19549
19549
19549
1749
1444
14937
22501
26972
26972
20442
7776
7776
7776
7776
7966
30859
14943
16222
16222
4467
4467
4467
11293
833
24699
24699
21527
6873
9457
989
989
14225
11764
31013
23363
8140
16256
16256
16256
29773
29773
28682
28682
28682
2905
2990
23510
6443
6443
18387
18387
32657
14461
21810
14461
756
32558
32558
32558
32558
32558
32558
13301
13301
13301
756
30166
29990
21124
24347
378
12298
768
768
768
25028
25028
25028
25028
25028
30809
20456
20456
10972
10972
22375
26993
26993
26993
23439
7358
4192
4192
3876
768
768
29993
2903
10512
9127
13918
13918
13918
13918
13918
5816
10287
5816
3909
3909
338
14475
14475
11123
9565
9565
3679
3679
3679
18130
6701
6701
6701
27654
27654
17981
30122
16312
16312
26380
26380
21050
16386
9688
9688
8002
8002
8725
8725
8725
21521
21521
31663
31663
7934
7934
6182
3063
992
31768
31768
31768
28361
28361
28361
28361
28361
28361
18454
4692
7279
1903
1903
1903
8301
6134
22770
28574
28574
18519
17454
17454
17454
17454
17454
25552
25552
18405
18405
18405
18405
18405
15073
12756
12756
10880
4344
4344
24315
5345
30908
32284
27434
27434
27434
27434
27434
27434
27434
19501
15992
15992
15992
6887
13488
29017
9066
9066
21937
11523
30718
23532
18703
11111
11111
27244
201
14998
14998
20364
32311
9980
22217
9980
9980
9980
9980
23252
23252
11832
11832
26417
26417
26417
26417
32527
32527
31725
24235
24235
24235
24235
24235
23300
23300
23300
23300
19287
19287
17195
17195
25028
25028
25028
17195
26408
26408
16559
8268
8268
12170
12170
23616
5878
5704
5704
3215
25385
4731
4731
20380
20380
20380
20380
32484
21021
21021
22678
22678
22678
18509
18509
17798
17798
17798
17765
15250
32682
32682
32682
32682
15642
25218
25218
8560
8560
8560
8560
8560
7252
12472
11332
11332
11332
25100
25100
4731
4731
4731
28802
3290
2614
2614
2614
1337
1337
22858
22587
26656
25794
25794
25794
25794
20571
11404
11404
11404
7507
19833
7507
7954
23105
25357
23105
7954
7954
1592
1592
5643
5643
20538
20538
20538
20538
17193
16791
23391
14034
14034
7585
4640
4640
4640
2417
2417
21086
21086
32681
32681
2409
14059
10309
11489
2409
1592
1117
1117
20863
452
139
11162
11162
26951
26951
26951
26951
26951
26951
26951
18076
18076
18076
30477
27425
2174
12049
12049
12049
23192
10848
10848
10848
10220
10220
19671
19671
10220
10220
30124
10220
26253
23907
23907
29481
16773
16773
16773
26927
26927
26927
26927
22757
22084
22084
20287
20287
13005
13005
5680
4366
24717
24717
9220
9220
12221
4221
4221
4221
27182
27182
27182
27182
4395
24432
24432
24432
2251
21755
5394
5394
14923
5705
26599
14098
14098
14098
14098
13489
22741
22741
19193
19193
22680
11467
11467
21999
21999
21999
21793
21275
18326
24454
24454
24454
24454
26820
6756
6756
6756
19315
19315
21373
19124
19124
19124
5705
5705
5705
5705
5705
5705
140
28091
28091
28091
32236
19394
19394
19394
5916
5916
10918
20127
20127
10918
4128
21199
10660
10660
13222
13222
13222
13222
13222
13222
13222
8806
8806
8806
5785
1742
22131
26800
28876
28876
26172
4289
2921
25688
25688
28260
28260
28260
25688
25688
16837
16837
16837
16837
16837
1577
1577
1577
1565
20300
20300
20300
20300
4598
4598
24118
24118
24118
24118
29839
7059
20418
31785
31785
29064
29064
29055
20418
28629
16883
22596
18307
18307
18307
16883
14699
14382
14382
14382
14382
14284
14284
26804
11715
28786
11715
11253
12268
12268
12268
12268
11253
11253
17758
31501
25752
25752
25752
23546
23546
23546
23546
17758
17758
7795
2198
2198
2198
2198
2198
2198
27796
19411
19411
7258
7258
26438
25611
25611
14170
14170
14170
14170
27085
10628
7772
24948
4806
4806
4435
28019
28019
28019
28019
28019
18043
17757
17757
4898
4898
11405
4898
1645
1645
1645
894
9706
17119
16912
5398
5398
5398
3322
3322
3322
22177
19470
11998
11998
11998
6332
5346
5346
5346
5346
29747
29747
29747
29747
29747
29747
29747
30607
30607
30607
30607
29747
26951
26951
18860
19214
15630
20991
18535
18315
7735
6189
6189
6189
6189
6189
3468
3468
3706
3706
3706
15190
3706
15196
6007
22500
21128
21128
28005
7065
6007
6007
8049
8049
8049
6007
32326
31058
5092
2119
19579
22730
11786
3469
19508
19508
29617
13896
28736
12448
12287
8234
7848
3570
32593
32593
30137
30137
30137
30137
30137
22928
20073
22393
22393
22393
5400
5400
5400
5400
5400
10767
5400
5400
5400
5400
15564
21698
21698
21698
21698
4161
2807
2807
28485
28485
10958
15600
21023
21023
21023
21023
10958
16249
25773
28667
2535
2535
2535
23779
23779
23162
23162
29637
29637
23162
23162
18732
18685
27846
7538
7538
7538
7538
30115
14042
14042
14042
23211
14625
31833
22321
22321
14380
12166
637
637
637
637
637
25090
19367
28611
28611
28611
21274
10335
31398
31398
31398
31398
23909
23909
10335
16863
16863
7200
7200
5566
5566
17675
15897
5566
5566
21357
21357
21357
21357
21357
21357
26605
23091
21357
12686
1449
32342
32342
32342
32342
32342
32342
8226
8226
8226
8226
1572
10775
10775
1572
9394
9394
9394
29643
29643
29643
22532
22532
22532
6792
1708
1708
1708
1572
32246
32246
32246
32246
32246
32246
26685
26685
20753
16136
1572
31613
31613
17071
10641
10641
16635
24108
9661
26577
27869
27869
7159
7159
8000
8000
12385
7947
8703
24139
4694
26386
60
60
17685
11584
23173
17021
11584
11584
22744
29184
15753
17366
7977
7977
7977
19765
31822
29782
30830
30830
25047
8939
18791
18791
18791
18791
18791
10896
8939
9161
13310
28585
28585
15013
29361
15013
10862
8923
8923
8923
27887
29203
29203
23217
21207
17189
8983
13979
13979
13979
8983
8983
8983
8983
8923
8923
8923
8923
8670
7632
7632
5987
5987
5987
5987
5987
5987
5575
12536
5575
26276
26276
26276
26276
26276
17685
8728
5268
5268
4255
32004
4201
4201
3341
28477
28477
28477
26431
5896
3341
3061
3061
2418
2418
2418
2418
2418
2418
11160
479
24677
8084
8084
27544
27544
11930
11930
11930
17967
17967
1121
13492
19474
2253
2253
12434
1856
1856
26064
26064
22397
7272
7272
7272
7272
20630
20630
17711
12157
12157
12157
9983
5157
5157
25530
25530
5157
2584
2584
2584
30654
30654
9528
9528
15399
15399
26940
26940
26940
24862
7441
32254
32254
29871
29871
22876
17098
17098
17098
11117
11117
22377
22377
22377
16283
16283
16283
11117
31283
28590
11117
11117
9584
9584
9584
8630
24733
6599
5231
24136
15796
15796
15796
15796
15796
7871
7871
3793
3766
3766
18114
10638
9068
2276
2276
30130
25560
25560
27782
27782
25560
24512
21243
21243
21243
20027
24670
20027
11956
11956
8428
8428
2276
1286
1286
1286
1286
10578
10578
10393
15171
19588
1286
19691
9086
9086
13343
832
832
674
674
674
27887
27887
30674
30674
27887
27887
25067
8216
29217
19706
3370
6986
6986
27081
27081
27081
22594
22594
22594
22594
4451
2977
20806
21787
5752
5752
5265
20059
20059
20059
19944
24637
24637
24637
3165
3165
3562
3562
21692
21692
21692
8051
31270
31270
31270
31270
31270
31270
26319
21606
21606
31806
31806
21606
25684
16197
16197
18286
18286
18286
7895
7895
6030
29410
29410
5847
5847
3807
3807
2737
22872
4589
4589
5042
28542
29566
29967
29967
29967
29967
29967
29967
29967
6104
2615
2615
15447
15447
15447
10408
3232
17162
17162
17162
17162
17162
30490
30490
30490
17811
17811
17811
17811
17193
17193
17193
17193
8929
28029
8929
8960
8929
8929
31539
31539
31539
31539
8929
8929
5668
3812
17644
2054
19705
19705
19705
19705
19705
26663
26501
7671
7671
7671
7671
13607
13778
13778
13778
13607
17488
17488
27165
27165
27165
24871
24871
18289
18289
14941
14941
14941
7809
19322
18212
18212
6511
10391
22708
22708
22708
22708
22708
28926
18726
27110
27110
15992
9104
8606
8606
8606
8606
3057
3057
17384
23341
3057
1190
1190
1190
5892
18082
18082
18082
4107
4107
10963
4107
19941
19941
19941
24695
19941
19941
19941
19941
10696
10696
18082
6604
8189
32220
30857
30857
30857
30857
22795
22795
9209
1799
14210
15831
15831
18919
18919
18919
8420
8420
5636
25418
24485
13200
4004
4004
21672
21672
31693
31693
25427
25427
21672
4004
19382
22239
22239
19382
19382
19382
19382
4004
27246
2695
2695
32054
32054
32054
32054
32035
30628
29288
18170
12957
19342
577
577
31214
31214
11768
17523
17523
13696
13696
6804
11870
6690
9845
9845
25466
25466
25466
25466
16612
16612
31619
31067
5833
24186
5787
31673
7935
6381
6381
6381
27989
27989
27989
5138
5138
31640
31640
5138
30960
30960
30960
17294
17294
30809
30809
8005
8005
2625
2625
2625
32518
30042
30042
9802
28550
28550
28550
27679
27679
27679
23241
23241
23241
23241
23241
23241
13462
12170
12170
20343
20343
10196
10196
10196
10196
31810
23814
23593
23593
23593
30881
6156
31555
31555
31555
31555
31027
31027
31027
31027
6156
6156
26933
24770
9521
9521
9559
9521
6156
3535
21934
5362
27574
12944
9278
26943
26943
26943
6164
13886
13886
18000
15630
28631
28631
12461
16788
16788
27251
27251
18302
16048
12960
23451
30316
15912
9092
27906
27906
27906
27906
25037
23041
23041
21902
8237
5512
5512
3737
3417
30870
28762
28762
28762
13613
13613
21851
13416
2746
2746
2746
2746
24253
14603
2746
30803
31953
31953
31953
31953
28899
28899
28899
26942
32283
26942
26942
25587
23327
18738
18738
18738
18738
18738
23904
23904
16630
12723
12723
8959
8959
22950
18204
13623
7613
7613
7613
7613
14853
14853
14853
14853
14853
14853
7708
7613
15118
15118
7613
6873
6873
6872
6271
4560
12397
7297
10599
20490
25728
18476
18476
28978
28978
23817
23817
22034
29887
29887
29887
27583
27583
14802
13042
13042
11735
11735
10599
9594
4244
18179
32728
32728
18179
17537
17537
5746
5746
3261
3261
3261
12248
2913
2913
2913
30221
3042
3042
2507
2507
2507
2191
1377
1377
27962
31090
31090
31090
31090
25271
25271
25271
2664
2664
19565
19565
19565
11640
22335
22335
11640
26802
26802
26802
11640
11640
22134
11640
9671
5294
5294
5294
31495
19067
296
31243
31243
23915
23915
13124
1696
1708
8858
1696
1696
24944
24944
24944
15217
14669
29446
29446
27554
19726
19726
14669
14669
23440
14669
14669
11506
32414
32352
32352
3835
2852
1586
1586
18524
3959
3959
16036
16036
8742
8742
8742
9893
5056
5056
5056
5056
20509
17111
20482
14180
7398
2102
26734
26734
26734
26734
30041
30041
5216
17298
17298
26388
13612
13612
13612
13612
13612
6653
25130
14915
17050
7896
28452
12737
12737
19228
19228
12737
6814
6814
6814
6814
13433
21733
21733
21733
16727
15772
6814
6772
6772
5762
11799
9890
1384
12483
12483
12483
12483
12483
12483
12483
9535
15204
11566
12392
12043
25386
11566
11566
11566
11566
22929
22929
4036
4036
4036
1809
1809
28777
21561
21561
21561
29996
29996
11610
11610
28806
28806
28806
28806
28806
28806
28806
28806
1363
1363
1363
1363
1363
3209
13294
3209
26997
29915
29915
26997
22376
4249
3209
25995
25995
804
5787
8662
8662
8662
32421
7906
7906
7906
467
14428
14428
14694
14694
1793
27129
12336
1864
1864
15458
15458
15458
15458
29598
1864
1864
6081
25427
26939
31454
31454
31454
31454
131
16791
16791
24086
7346
25969
7346
20736
7346
7346
7346
7346
62
62
62
7977
18329
29783
29783
5600
5600
5600
26404
32341
30679
30679
30679
10738
20011
15653
11602
11602
2214
5555
20250
8922
18565
18565
18565
15205
15205
4061
4061
19851
12491
5940
32618
4061
4061
398
2391
2391
23821
31152
5996
5996
5996
21074
5996
21903
21903
8348
8348
2699
17443
22209
21184
27009
27186
27186
27186
27186
27186
27186
14233
8396
8396
5913
5913
20634
5913
5913
5913
28272
28272
28272
28272
9481
9481
22568
22568
22568
22568
22568
22568
7858
12366
6879
5913
5913
1969
1633
31722
31722
3163
3163
14022
30729
13501
21251
21251
21251
21251
21251
14505
14505
31960
31960
31960
31960
31960
31960
14241
14241
13374
5919
5919
25856
25856
4954
4161
23526
30873
32440
32440
3949
30827
29904
29904
15810
15810
11162
11162
11162
5916
1564
1564
1564
6868
6868
6868
13579
13579
13579
13579
13579
13579
10320
10320
11113
3456
3456
3456
32262
32262
22745
22745
20748
20748
20748
31329
31329
31329
31329
31329
21000
21000
21000
21000
21000
28706
21000
19284
19284
19284
19284
25258
25258
11842
20878
20878
28116
20878
20878
21114
20878
20878
20878
15573
15573
15573
15573
28473
10183
2487
19558
19558
32018
388
25905
25905
25905
25905
24946
24946
24946
24946
17562
11738
7541
20859
23407
23407
20859
20859
20859
569
567
22320
22320
3138
13546
13546
13546
9932
5182
5182
3864
3864
3138
2617
1304
19876
19876
19876
15074
382
382
21937
21937
21937
21937
21937
21937
21051
21051
839
31685
31685
20987
20987
5743
29058
23309
23309
23309
23309
23309
23309
18056
23503
23503
23503
26306
13994
13994
15669
15669
15669
15669
15669
15669
15669
15669
30161
15319
23702
15319
8372
8372
15026
2165
21471
21471
5979
5979
24012
24012
24012
24012
24012
24012
24012
32487
31811
31811
23761
21297
21297
21297
19312
12155
12155
12155
28189
28189
28189
28189
28189
28189
24414
24414
7512
19167
19167
30235
30235
30235
5270
5076
5076
5076
15589
11026
15116
11026
11026
11026
32709
32709
32709
32709
32709
32709
32709
32709
32709
20571
12891
28531
28531
12891
10911
10911
4213
25333
5301
5301
14139
14139
29578
14139
5301
18729
1436
1436
18428
18428
18428
18428
2487
2487
482
482
20530
30072
27912
27912
27912
27912
27912
27912
27912
27912
7799
5215
5215
13714
31605
20737
20737
20737
407
16266
5053
28143
6027
6027
12518
12518
22360
22360
22360
22360
21783
6027
3486
3486
3486
3486
30121
30121
21268
21268
21268
21268
12602
12602
15831
15831
12602
12602
12270
10230
20194
10014
10014
7392
11333
11333
23619
23619
9468
9393
20487
10983
19623
17306
10983
10983
10983
10983
10307
10307
10307
10307
18565
23423
23423
23423
23423
5809
2138
2138
28328
28328
22257
22257
7766
19976
7678
808
30114
8454
4573
28752
19706
13723
13723
13723
18961
8809
18693
8809
1501
1501
24659
24659
24659
2197
2197
5012
27160
27160
27160
10921
26116
24568
7402
32520
32520
32520
15627
15627
15627
31696
31696
10476
10476
10476
5070
5070
5070
21675
31968
21675
21675
13844
23510
7561
7561
9018
12625
6009
18411
12454
4849
18459
12970
13176
13176
13176
13176
13176
10725
1179
1179
23588
31233
29108
20465
20465
12384
12384
1332
1332
3886
10738
10738
11141
11141
24195
25230
25230
25230
17650
17650
17650
4655
4655
10779
11785
11785
28270
28270
22402
22402
22402
3376
3376
18947
18947
18947
18947
25957
9522
2026
8951
17578
17578
32217
25119
25119
25119
30583
28839
2289
14917
9798
26837
26837
26837
22978
22978
13816
13816
13816
13816
13816
13816
14945
10098
6714
6714
6714
6714
6714
6714
6163
31572
31572
31572
29387
29387
29387
10953
10953
5445
5445
31859
31859
31859
17861
17861
7232
17724
775
8886
8416
5855
588
15670
588
588
13426
13426
24778
29592
8076
588
30033
30033
30033
30033
30033
31272
30033
30033
30033
30033
20334
16824
16824
16824
5927
17408
588
29386
6115
6115
12161
12161
29186
14578
14578
26787
8694
26423
32158
32158
32158
26423
26423
23212
23212
23212
23212
23212
23212
23212
23212
16292
16292
16292
15213
11474
6132
4833
11669
10311
10311
10311
23851
23851
4833
27022
27022
23852
23852
23852
2111
31380
31380
30940
16712
16712
9094
2994
5118
5118
5118
13767
13767
13767
13767
13767
22228
5329
8866
14772
14772
23082
23082
23789
7390
23410
4975
4975
4975
4975
561
20010
11140
11140
11140
11140
11140
11140
26423
25792
11140
6407
6407
18583
18583
25747
27154
21970
6096
7260
14260
22955
5476
16897
7714
9471
9471
31631
9471
9471
9471
9471
11855
25670
23005
7714
24389
14472
14472
14472
7714
29828
8438
30250
22649
22649
22649
17454
17454
17454
2340
2340
26943
11715
2146
15639
26842
15346
15346
15346
15346
15346
15346
15346
15346
12842
16314
16314
16327
16314
16314
16314
8147
15829
9878
8742
8742
8742
21455
20600
2831
2831
2831
2094
31729
31729
31729
31729
31729
31729
28983
28983
28983
28983
28983
15317
15317
15317
12447
12447
12447
22989
8159
8159
8159
3746
3746
2311
12322
29081
29081
29081
29081
14509
14509
593
12447
29566
29566
29566
20490
20490
19391
19391
19391
19391
13471
13471
11648
27053
27053
23861
16649
16649
1645
1645
22575
22575
11194
4903
21356
26637
9367
9367
9367
593
593
10130
23494
23894
23894
23894
13444
13444
2281
2281
2281
2281
2281
2281
19158
14474
14474
13830
6991
18895
18895
18895
28593
28593
28593
28593
28593
28593
28593
28593
23973
23973
23973
23973
20239
20239
20239
20239
29975
13518
30270
13630
13630
13630
22343
10353
9748
6991
5050
5050
5050
4609
2281
6303
6303
30521
30521
28867
28867
28867
28867
28867
15254
13117
13117
4555
4555
4555
755
6195
17126
17126
18305
18305
18305
18305
18260
18260
26090
18793
18793
18793
18793
18793
16055
17251
17251
23238
23238
17251
17251
5684
5684
15435
15435
15435
22934
22370
22370
22370
22370
22370
22370
22370
14047
12121
7397
27577
27577
7397
28328
7397
7397
22601
22601
20854
20854
617
8911
14775
27486
27486
20108
24194
24194
24194
14920
12779
18788
32164
17827
16800
1934
29649
617
12132
12132
617
617
617
7508
7508
7508
24793
31764
30063
30063
30063
24793
24793
21112
21112
20905
20905
20905
20905
4799
4799
4799
4799
4799
23889
16256
22453
22453
16256
22020
31942
31942
22020
11604
895
10129
10129
2325
2325
895
895
895
895
895
8038
135
31879
29905
29905
29905
29905
15893
15893
20684
31108
31108
31108
10959
10959
9080
16773
4898
4898
4898
4898
4898
4898
4898
12682
4898
8475
8475
4898
4780
4780
4780
4780
4780
19784
29452
29452
29452
10818
10818
4346
4346
31910
29642
12128
27320
18470
21838
32552
32552
32552
27839
9262
17243
16772
16772
14330
14330
13118
25066
28746
28746
15504
13808
13808
13808
13808
3085
31355
31355
18726
26462
30421
30421
18787
24426
18156
18156
11383
11383
11383
23164
10667
29755
29755
10933
14606
30565
28664
28664
28664
13990
25737
30057
10933
10933
10933
10933
10933
8265
17785
23283
23283
23283
23283
23283
23283
17785
15647
15647
15647
15647
1018
13513
13513
13513
13513
25953
9677
9677
9677
14953
8447
8447
23729
13638
13638
9815
8447
28098
28098
7283
7179
23154
143
10400
10400
10400
22737
22737
11090
11090
11090
11090
11090
11090
10400
10400
10400
1235
8036
8036
13495
30428
29297
2713
2713
2713
2713
2713
18816
15514
15514
18134
18134
18134
18134
8963
8963
8963
633
633
633
633
24170
19171
19171
19171
19171
32145
32145
14848
14848
14848
14848
14848
13058
12652
7056
7056
32104
16408
28549
28549
28549
28549
28549
28549
28549
16408
16408
13415
13415
25175
25175
25175
25175
12493
12493
12493
9995
9995
6677
28463
6677
6677
18154
18154
6677
5992
5992
4411
4411
4411
3954
6591
24767
7724
27924
27924
30830
10948
21368
23329
30794
30794
24220
24220
24220
20778
20039
26233
16488
16488
20469
20469
27727
30747
30747
30747
25801
8155
8155
7300
7300
11902
7300
7300
5850
22555
21098
21098
31290
31855
31855
31855
21098
11686
11686
28937
28937
28937
28937
4968
41
41
27378
27378
10365
10365
10365
10365
10365
8729
8729
8729
8729
8729
8391
9645
15073
15292
15292
8391
8391
8391
11991
16483
16483
29555
32371
32371
32371
32371
7548
7548
4140
5826
5826
27962
27962
27962
2732
1417
20577
1417
1417
7046
786
786
28287
28287
28287
17822
26168
7805
7805
7805
7805
7805
7805
7805
7805
1807
1807
31171
20836
20836
16523
16523
12712
22856
22856
24215
27186
27186
27186
27186
27186
11330
30833
30833
28958
28958
28958
25239
29768
25239
12002
12002
12002
4197
4197
3427
3427
3427
3427
25844
17379
17379
10890
10890
10890
10890
26852
26852
19802
19802
19802
19802
13735
13735
25655
14493
7713
24502
24502
7713
7713
3604
3604
3604
3451
26418
4345
2587
2587
3956
3956
2668
2668
2668
2668
2587
2587
1480
13385
13385
13385
32242
13299
3490
30063
27382
27382
27382
16453
27461
15934
17513
1543
9557
9557
32133
19981
19981
19981
26296
19981
28107
28107
19957
19957
29604
29604
29604
29604
29604
29604
3468
3468
3468
494
494
15330
15330
5132
5132
16158
16158
16158
4451
30871
30871
30871
30871
13777
30609
30609
30609
20494
20494
13777
12210
9147
8397
13405
13405
13405
2844
1090
1090
31974
31974
31974
1090
31890
31890
192
192
12345
2260
2260
19384
14888
27317
27317
27317
14888
14888
11554
2460
29087
24685
1010
19177
19177
1010
4885
4885
4885
22491
22491
22491
22491
27519
27519
32290
32290
32290
32290
32290
20169
20169
11969
6595
23677
23677
23677
17555
17555
12928
27946
27946
12928
24083
24083
24083
24083
11439
11439
21567
4606
25964
25964
25964
8172
8172
8172
8172
28439
26329
9565
9565
25358
14253
14253
14253
11839
19399
19399
19399
19399
19399
19768
19768
19768
19768
19768
19768
17251
14198
8971
8971
7069
28212
28212
19239
30913
30913
30913
30913
20384
20384
20384
4184
1881
1881
12862
12862
7548
7548
7548
27441
26302
26302
26302
26302
21028
10037
1875
1490
1490
1490
1490
1490
1490
20758
25325
9989
9989
9989
9976
24114
13458
30692
30692
30692
24185
13458
13458
9507
5722
5722
5722
32499
32499
32499
32499
32499
9057
9057
9057
5007
5007
5007
5007
4427
28134
28134
4427
379
379
24624
31579
31579
31579
22620
14263
14263
14263
4035
23550
4035
21070
20501
25799
25799
15628
24554
24554
2003
20529
20632
20632
20632
16863
16863
16863
3999
6676
3999
25853
2341
2003
12735
11992
11992
11992
11992
15275
15275
15275
15275
21887
23339
28808
17660
17469
17469
17469
12513
12513
11804
3891
3891
22604
22604
27835
9916
9916
6252
11808
11808
16744
22332
10879
769
28753
13427
1171
5182
25551
25551
698
23889
17943
17943
17943
17943
17943
15620
30087
30087
30087
30087
30087
18717
18717
32413
32413
32413
32413
7906
7906
16964
30175
16964
31376
31376
9405
9405
19204
9405
9405
9405
655
28070
28070
28310
28310
28310
27890
28869
26139
26139
26139
26139
26139
26139
24755
22763
22763
29426
27232
309
2689
309
4923
309
309
5984
14645
14645
5984
5984
27750
9336
9336
27111
31960
31960
31960
31960
31960
30332
30332
29380
19768
19652
19652
9832
4541
30596
21321
18607
18607
18607
18123
7636
4541
4541
4209
264
26829
27900
27900
27900
27900
7956
2723
19315
19315
14959
14959
17889
17889
6693
6693
29336
29336
22414
22414
12541
6739
4810
4810
25576
25576
8048
8048
8048
8048
2126
2126
6198
6198
6198
6198
6198
16940
16940
31810
32145
32145
31810
31810
20108
20108
20108
17038
17038
17038
28756
16670
16670
16670
23604
13428
22311
12082
12082
12082
10680
10680
10680
10680
10680
6619
6619
6619
6198
6198
6198
6198
6198
5845
13079
13079
13373
13373
30624
3850
3850
3850
3850
3850
3850
21989
20571
17958
20653
20653
11181
11181
11181
2437
2437
15006
15006
1435
23398
23398
26450
26450
13465
21963
27889
27889
27889
27889
28934
28934
27151
16897
16897
23893
23893
24802
24802
21147
19116
19116
19116
19116
19116
19116
19116
19116
10970
32008
23659
23659
15125
15125
15125
15125
5733
5733
5733
5539
5539
7934
28780
28780
28780
31271
16642
10972
9999
9999
3795
3795
11449
15891
15891
15891
11449
11449
12741
23568
12741
12741
12741
3795
3795
3795
4406
4406
4406
27291
15753
15753
5102
1594
1594
1594
1300
882
6498
6498
6498
13022
13022
6498
6498
6498
43
30253
30253
1688
1688
1688
29733
29733
29733
29733
29733
29733
29733
29733
29733
18543
18543
18543
29998
29998
29998
29998
20182
13559
20521
20521
9861
9861
9049
30804
23407
23407
23407
23407
9049
9049
4823
4823
4823
4823
4823
4823
13018
4823
4823
21014
21014
13650
13650
10923
10923
12175
28752
5952
13641
20597
12846
12846
12846
20528
20528
12846
5431
735
2098
7167
7167
9802
24277
15433
15433
15932
5026
5026
2618
2618
2618
2618
2618
2618
10185
10185
2898
2898
12112
12112
11369
11369
11369
10145
23871
23871
11857
9642
9642
13827
28023
28286
28023
10834
10834
10834
4317
4317
3399
3399
30404
19572
19572
28735
28735
28735
28735
28735
28735
18721
6269
4146
4146
4146
4146
15401
30170
30170
22778
22778
21013
19268
15401
15401
15401
15401
17811
17811
24067
24067
24067
24067
24067
12709
15488
1756
12284
32142
24976
31256
31488
31488
31488
31488
31488
29300
25480
24976
18110
18110
18110
17846
19084
17221
22962
24128
24128
24128
24128
22962
22962
22962
22342
17221
12304
12181
4893
10594
3038
25832
25832
3038
3038
3038
3038
3038
3038
3038
12181
3360
8435
21908
21563
20459
20459
20459
19221
29994
7879
7879
10295
10295
3677
24549
5556
27284
27284
27284
27284
5556
31595
31069
31069
18846
19369
19369
19233
19233
19233
16681
16681
15824
15824
15824
7335
23514
23514
7335
5786
5786
2890
2634
2092
24188
24188
21193
13083
1764
1764
1606
1038
11608
12104
27409
27409
13583
29911
21913
21913
9701
13896
18502
18502
18502
18502
18502
24923
27735
27735
27735
27735
14425
29247
30439
14311
14311
14311
3911
177
31176
30265
21686
9749
32675
32675
32675
9030
9030
9030
9030
11160
19964
19964
462
24904
24904
17243
2317
30742
26943
22110
3938
19776
9802
22645
15910
8847
7198
27256
28036
28036
28036
11380
11380
28607
11380
11380
11380
11380
2159
1657
1657
1857
1857
1857
21516
1857
11946
11946
11946
6539
6539
1857
7389
7389
7389
7389
1843
14675
14675
14675
14675
522
522
11557
11557
11557
2597
12418
12418
29368
29368
29368
29368
27066
15617
15617
15617
15617
15617
32726
23071
14181
28513
28513
6982
8584
5186
30619
27780
27780
27780
16598
25833
25833
25833
25833
25833
14380
14380
14380
2929
26489
11809
7375
7375
20863
7852
19305
19305
19305
19305
23381
24021
18448
19760
15588
2882
32537
19391
8739
8739
23620
22118
22118
31378
31378
22598
18118
19087
19087
24380
21343
9804
5926
5926
27342
5926
19748
19748
16426
16426
11736
21694
6311
6311
6311
6311
20998
20998
20602
20602
20602
16146
16146
13856
11452
32021
20448
22940
11450
8765
7941
7244
7244
6311
6311
5492
5492
2799
2799
26120
26120
32315
32315
25445
25445
30131
30131
30131
25445
25445
21992
18480
18480
25990
25990
25990
18480
17166
17166
9990
27832
27832
27832
9990
9790
8025
6922
5772
5683
26096
5556
5556
5556
5556
5556
2799
2799
2489
14832
14832
3021
3021
25827
13870
13870
2176
378
378
24890
24890
18490
29011
13760
25807
11873
12017
17624
25419
17624
17624
6908
16080
16080
16080
16080
9097
9097
21148
18483
18483
18483
3179
21048
21048
3115
3115
602
602
602
27644
27644
27644
27644
27644
25391
2111
2111
5843
5887
5843
5843
700
11502
11502
12513
31941
12513
12513
7881
13918
13918
12783
29780
29780
29780
29780
29780
29780
29780
29780
29780
29780
29780
24216
24216
7488
6314
29091
29091
3132
3132
3132
12096
12096
12096
12096
31990
31990
25532
26400
26400
5584
5584
31354
31354
26503
26503
26503
10419
16908
2215
31045
31045
25593
5726
2215
2215
28876
28876
28876
17504
28872
28872
28872
17504
17504
27763
27763
17504
17504
17504
14053
14053
9517
6714
19515
4539
16833
16833
13924
4539
4539
4539
4539
4539
4539
9105
367
22078
22078
17774
17774
2124
2124
27822
17912
6044
6044
30462
14155
12424
12424
12424
12424
12424
2751
2751
16486
11356
28456
23207
20347
27647
26022
26022
26022
14104
14104
22490
22490
8726
8726
13411
17619
13411
13411
13411
16208
7531
7531
29497
4306
9589
9215
26470
26470
9340
9340
24556
24556
24556
24556
24556
24556
18848
18848
18848
18848
30015
27718
27214
27214
18848
18661
23446
23446
15404
1033
21485
28904
28904
28904
28904
28904
28521
28521
28521
19825
20911
20911
13858
22659
22659
22659
22659
22659
13858
13858
13858
6247
21450
22040
22040
30976
30976
30976
30976
30976
30976
26506
26506
26506
13807
13047
12884
12884
17065
17065
17065
17065
17065
17065
17801
995
14659
7927
7927
7927
7927
7927
7927
7927
15622
15622
15622
7405
7405
31893
31893
20826
20826
26600
26600
20826
20361
20361
20361
20057
15371
15371
15371
10893
10893
7826
28614
25917
22372
7980
19321
19321
31865
14625
7405
7405
7405
7405
7405
6317
6254
15444
15444
29746
29746
15444
6006
6006
18415
18415
18415
5719
5719
5264
24356
24356
4521
22560
13858
13858
28942
10309
2941
2540
1848
1848
15879
1793
1793
1793
1793
989
17195
28112
811
811
293
24953
24088
24088
20470
20470
8590
31937
31937
31937
8713
8713
8713
8713
9720
9720
9720
9720
8713
2985
2985
15447
15447
31540
31540
31540
10142
10142
10142
10142
10142
32561
32561
10183
8604
9087
9087
4288
4288
11915
28659
28659
28659
28659
28659
11915
25498
11915
22976
5466
16317
14744
5466
5466
5466
5466
11600
32459
32459
32459
32459
19993
19993
19993
19993
29309
23756
23756
23756
23756
18505
16295
16295
16295
4547
4547
9957
9957
9957
4286
7378
7378
13754
13754
7378
7378
5326
5326
31825
31825
31825
31825
31825
31825
11439
11439
19994
11439
11439
11439
4781
4781
30812
30812
30812
11235
3035
363
5958
5958
19957
14637
14637
14637
18205
20993
20993
20993
18205
7698
7698
7698
7698
30235
30235
30235
7698
6984
6984
6984
15040
5576
5576
12918
12918
14268
21956
27255
13364
29741
29741
29741
29741
26354
26354
22639
495
30350
30350
27982
28806
28806
24601
30842
30842
16088
28898
18814
2986
2986
2986
2986
9468
18834
23495
23495
23495
26944
26944
27610
13682
13682
13682
21968
32011
25218
25218
25218
2609
10648
10648
10648
19063
245
245
3992
10091
10091
10091
8534
15884
30245
30245
563
16943
16943
16943
20403
15617
15617
8105
8105
16897
16897
17841
17841
7156
21820
32260
12319
12319
12319
12319
1657
32551
10204
10204
10204
10204
10204
28884
10204
1657
926
31256
31256
2360
2360
14089
5585
17863
17863
17863
7867
17199
3001
2537
12944
24527
5673
9656
9656
21134
16504
29302
29302
29302
29302
29302
25224
25224
25224
25224
319
319
319
319
30635
30635
13148
27317
28856
3485
3485
3485
3485
3485
1739
1739
3068
14744
21713
7801
30245
30245
5539
25346
27533
27533
25346
29172
13714
5539
5539
29097
29097
5539
20783
20783
20783
20783
20783
20783
3798
3798
3798
3798
25631
26315
18174
3033
27026
27026
27026
27026
27026
29604
29604
6164
6164
6164
4730
6962
6962
6962
6962
6962
4730
27796
1372
1372
20521
9946
9946
2546
1070
32297
32297
32297
32297
32297
14424
12673
7391
7391
12641
4773
25765
25765
16943
16943
16943
16943
16943
21276
18212
18212
18212
18212
18212
18212
16203
9236
2899
20427
20427
20427
4216
4216
24068
5396
5076
5076
15852
15852
15852
15852
15852
32441
3576
13376
25179
25179
25179
25179
22188
22188
22188
22188
22188
16794
12617
12617
12617
18917
18917
18917
18917
1830
16425
3607
30689
30689
3607
30230
30230
30230
24226
14401
14401
32183
32183
32183
32183
30152
20652
29074
20270
20270
20270
19578
19578
8346
15019
26139
10557
5033
5033
5033
5033
6818
6818
6818
6818
6818
7878
6818
6818
5033
5033
4057
10800
20055
26563
26563
26563
26563
26563
812
12292
16814
16814
16814
23475
16814
16814
16814
16814
4931
21779
21779
21779
21779
21779
21779
19050
19050
19050
19050
14933
5325
23022
5325
11384
11384
20110
20110
9767
3413
3413
3413
26676
13176
13176
13176
29139
23770
26365
26365
26365
16439
9606
9606
31723
3413
28429
28429
28304
21260
21260
21260
31672
20398
23482
4892
4892
3413
1837
21606
21606
21606
21606
21606
21606
21606
14004
14004
10398
10398
12702
20115
10398
2974
31702
31702
31702
31702
31702
14481
14481
7095
7095
5194
19650
19650
19650
19650
19650
19650
24756
24756
24756
5194
5194
2046
2046
847
847
588
453
453
31027
31027
31027
31027
31520
13133
13133
3872
16191
15583
15583
31193
32450
32450
32450
31356
31356
31356
31824
31824
31824
16954
6885
6885
6885
11853
31677
21877
21877
11853
11853
11853
6885
6885
6885
19210
19210
29158
29158
29158
29158
29158
29158
25022
22163
2053
31305
12429
10219
10219
31763
28440
12270
2819
27218
27218
27218
27218
19156
19156
10729
8291
12565
7961
25124
25124
25742
25742
22966
17448
13241
13241
9844
14925
14925
14925
14925
14925
28744
25907
9844
7758
7758
29264
29264
29264
15232
15232
12458
3093
20091
20091
3093
26269
19406
19406
19406
12483
12483
24527
31863
20088
22315
13991
12554
12554
12554
12554
28497
11750
23228
6966
16278
16278
16278
26888
26888
26888
26888
18056
18056
18056
18056
16278
22608
22608
16278
16278
11834
11884
27908
27908
27908
11884
11884
11884
11884
5828
5828
5828
5828
15970
15970
25496
25496
9678
9678
9678
9772
4885
4885
16303
16303
16303
6201
6201
6201
6201
6201
6201
11021
16218
16218
16218
6201
4885
3613
3613
3613
3613
3613
3613
3613
3613
3613
2603
2603
2603
673
13582
13582
28095
5942
5942
5942
29320
29320
5148
5148
5148
26638
25905
25905
25072
25072
5148
13564
3353
22642
1743
14710
20617
20461
19836
26202
26202
26202
26202
22471
1743
29975
1743
1743
627
627
12723
12723
627
185
185
1443
116
116
116
116
13926
13926
234
25370
6427
6427
6427
6427
17314
19247
19247
2567
2567
2567
2567
12332
12332
12332
12332
12332
8589
8589
25973
22724
12307
12307
12307
4389
4389
4389
4389
3036
3036
3036
2567
14864
20939
20939
20939
20939
20939
23495
23495
23495
15063
15063
15063
15063
12974
12974
12974
13111
13111
12974
5946
5946
14966
14966
14966
8561
8561
20228
20228
9682
9682
9682
5946
5946
5946
14589
27041
22540
22540
22540
22540
22540
30489
10463
9706
9706
9827
8292
7086
29853
29853
29853
29853
26608
26608
5120
5120
5120
5120
2740
428
22575
22575
22575
22575
25768
25768
14635
14635
14635
14472
16703
16703
16703
14268
21185
21185
21185
21185
17260
10906
505
17297
28346
20042
8446
19436
13304
27130
27130
27130
4996
4180
4180
31183
31183
20194
20194
20194
20194
20194
13810
29926
29926
27118
31759
31759
31759
31759
31759
9171
8224
5369
13321
13321
13321
16075
29124
21154
6367
6367
11640
11640
26712
26712
26712
26712
26712
26712
26712
26712
6367
20189
2668
2668
2668
13595
13595
8416
8416
29018
29018
27321
26902
30047
30047
30047
30047
30047
30047
30047
30047
30047
23993
5956
26450
14036
14036
14036
14036
14036
14036
14036
14036
26989
3038
25754
10893
10893
477
477
477
13866
8143
8143
23798
23798
23798
23798
23798
19387
19387
15548
14228
14228
13838
26879
13838
27024
27024
9528
8668
8668
25836
25836
8668
8668
6053
31729
31729
1129
1866
4958
4958
4958
4725
4725
4725
4725
1866
25978
6162
6162
6162
15725
11921
11921
21345
21345
11921
10383
849
849
30002
10986
10986
10986
23822
23822
19129
15086
24938
24938
27663
27663
27663
11164
11164
11164
11164
30338
21809
21809
14667
15201
9609
8498
8498
25817
8498
8498
27917
16852
16852
31043
16852
16852
16852
16163
28152
16237
7504
19438
6494
23133
23133
28987
4302
4302
23993
16327
16327
16327
16067
31537
31537
31537
31537
23946
20948
12347
17397
11345
10599
30381
30381
6018
2621
2621
10538
7914
29628
12781
12781
21183
21183
21183
9836
9836
14438
14438
30673
30673
18769
18769
14438
14438
4947
21646
1754
22270
12050
12050
12050
12050
20697
15642
17691
15642
29979
31981
12929
12929
12929
11573
9285
8971
7771
7771
5602
9447
9447
20906
9447
6102
6102
18033
18033
29773
29773
18033
18033
18033
9773
9773
9773
6102
5540
5540
5540
1626
30500
30644
30644
30644
30500
30500
30500
25214
25214
25214
25214
27765
24217
24217
24035
21904
21904
25767
10018
10018
10018
9161
3627
3627
7337
3393
3393
1330
809
809
4694
4694
12843
809
27187
27187
27187
27187
809
809
15025
10085
13028
8385
1176
1176
5503
5503
5503
5503
5503
5503
5503
5503
5503
5503
1871
1871
1871
1871
1871
1871
1871
1871
29742
1871
1871
1871
1176
1176
26772
26772
26772
16243
16243
28529
28529
28529
27734
27734
27734
21170
21946
18955
3248
3248
5988
5988
2406
9847
9317
9317
2406
2406
2406
29852
29852
22028
22028
25962
352
352
9259
8331
8331
8331
30029
30029
30029
30029
30029
30029
30029
2404
9508
9508
13365
13365
8302
8302
10152
10636
10636
10636
8622
11894
30340
30340
30340
30340
30340
30340
30340
30340
30340
30340
18445
18445
19206
17309
16953
16953
16953
11894
11215
8622
8622
26902
26902
26902
26902
8622
6628
4422
4422
27112
27112
17618
13465
1197
1197
11561
12958
12958
12958
12533
12533
2006
2006
2006
29387
29387
29387
29387
29387
15318
15318
15318
14855
17724
17724
17724
27692
11500
15447
11500
126
126
11271
18159
18159
18159
15988
21596
9238
9238
28689
12293
7650
7650
7650
7650
19806
14742
14742
23588
23588
24250
24250
24250
24250
24920
24920
24920
24384
13448
13448
22497
25740
25740
26368
18367
18367
18367
20569
30101
13385
25166
25166
25166
26026
26026
26026
9042
15650
32755
28627
3539
10231
22026
28911
21963
21963
21963
21963
6068
15589
15589
14955
14955
14955
4421
7615
12184
12184
12184
7859
7859
7859
3851
24257
24257
24257
3851
3851
1265
10194
4308
1265
25488
25488
25488
25488
17781
15579
15579
15579
18434
18434
2853
2853
2853
2853
14640
30457
30457
14640
14640
13295
13295
24486
21132
21132
8358
8358
20808
24439
22276
22276
22276
22276
20808
20277
21702
21702
21702
21702
20277
20277
20277
17396
17396
17396
14455
14455
14455
14455
14455
14455
13986
5653
31122
31122
31122
31122
31122
31044
4109
4109
3477
3477
28615
2089
20438
25328
17298
17298
17298
22013
22013
22013
22013
22013
22013
15481
15481
15481
15786
15786
10155
10155
10155
3651
3651
21594
21594
21594
3651
1429
1429
15160
23499
23499
3449
4708
4708
1447
2733
18471
18471
24076
18471
12577
24889
24889
24889
24889
24889
24889
24889
23684
9542
23013
23013
23013
21983
3423
86
28325
28325
28325
28325
2373
19198
19198
23715
13442
15792
15792
26499
10482
522
13395
30643
30643
30643
30643
9255
9255
9255
9255
5475
11529
20166
25125
25125
25125
20166
11529
7748
3242
32217
21616
8094
26772
8020
8020
8020
8020
2455
2455
2455
2455
16878
13181
13181
12725
12725
5283
32357
23712
17122
17122
17122
19486
17245
26171
26171
26171
26171
14297
14297
14297
6185
6185
30291
30291
30291
30291
5911
10863
10863
10863
15095
5911
5911
22300
22300
22300
21963
21963
13217
9202
9202
5283
7158
16189
27021
27021
4151
20489
28359
4151
4151
30302
4151
4084
3109
8485
3040
3040
852
27555
27555
22930
20049
20049
27687
20049
20049
29090
15227
25412
25412
25412
19982
19982
19982
10328
10328
10328
10328
10328
21310
10328
20204
2573
2573
10515
18971
18971
18971
12180
12180
19130
12180
12180
7272
7272
8084
8084
28734
28734
28734
3962
3962
3962
3962
2383
2383
20724
13293
26801
11291
11291
11291
19904
19904
19904
23221
19904
19904
19904
19904
19904
13834
13834
8336
6968
6968
9746
15922
15922
15922
15922
15922
15922
15922
15922
15922
3758
3758
6184
16287
16287
6394
9683
9683
9808
22217
22217
22217
24129
24129
22217
16242
16242
12946
12946
12946
20881
28444
8396
13472
13472
13472
13472
6394
6394
3985
3985
12656
12656
12656
12876
10483
4432
21558
3304
3304
6778
6778
6778
6778
6778
13020
13020
13020
21727
21727
21727
21727
21727
23703
12584
12584
12584
8321
20933
19846
19846
10690
10690
7202
1215
26078
26078
21448
21825
30942
9481
9481
9481
8742
8742
7164
7164
17447
17447
17447
17447
17447
18754
18754
18754
1102
22815
1102
962
962
962
20755
20755
20755
962
962
962
7017
7017
7017
11566
962
13127
13155
23655
25558
17476
17476
17476
17476
27976
27976
27976
17476
23428
32261
17476
17476
17427
17427
25550
25550
15431
15431
26800
26800
25841
25841
25841
25841
25841
13127
11795
11795
11795
11795
11795
11795
9076
9076
9076
9076
5865
5865
5865
4345
4345
218
29737
29737
26993
10
11196
4079
4079
4079
2581
2581
26768
14275
14275
11094
11094
11094
11094
11094
11094
29352
15538
13637
11094
5848
19627
20270
2840
20153
20153
20153
7556
7556
15891
5176
11718
11718
15893
6857
18603
10038
8498
8009
6857
11724
11724
12662
1863
1863
1863
348
348
348
348
32234
32234
119
546
546
546
23032
23032
10006
8495
8495
8495
8495
8495
8208
30723
30723
30723
24251
24251
24251
24251
24251
24251
5543
5393
5393
5393
5393
18741
18741
26934
26934
18741
11531
11531
11531
11531
11531
29298
29298
29298
29298
29298
27089
12727
12727
1540
12579
12579
28751
28751
28751
28751
12579
12579
11206
4950
257
257
257
20471
20471
20471
20471
4304
21239
21104
21104
21104
22829
21104
18613
18613
18613
18613
18613
18613
18613
24130
15444
14622
14622
11175
11175
5910
5910
5910
5910
21918
3955
3955
22009
22009
25489
3928
29182
29182
3677
3677
29765
3506
5159
21232
5159
23521
23521
23521
5159
5159
4574
3284
19628
19628
17439
17439
16258
7224
7224
2302
1273
1273
251
14593
22246
27089
27089
27089
27089
4932
1102
1102
6510
6510
6510
24509
17230
11289
32502
32502
32502
10028
23851
10987
10987
10987
17306
2532
7500
14387
4681
4681
4681
4681
18733
18733
10704
21274
15129
15129
13120
11446
11446
23566
25821
31327
23566
23566
23566
23566
23566
21121
29231
28331
28331
31461
28331
28331
28331
28331
28331
28331
26434
26264
30848
30848
30848
26264
26264
22915
18828
18341
18341
25927
25927
13672
13672
13672
13672
8501
7427
7427
7427
5510
30226
30226
30226
5510
4118
3822
3820
3562
2656
30701
32413
32413
32413
30701
30701
30701
21742
12338
27218
10542
2656
2656
1901
1901
1344
29800
22918
19728
31379
22043
15421
22438
32625
32625
19943
1336
1336
1336
16449
16449
32606
32606
20237
8774
8774
10223
10223
22680
26524
26524
7529
7529
7529
7529
1385
1385
2568
12718
16478
16478
13907
13907
13907
13907
12745
12745
23860
12718
12718
12718
12718
12718
8729
8729
5045
5045
28244
28244
31602
31602
31602
28828
28828
28244
26630
26630
8060
8060
3441
3441
3441
3441
3441
3441
18529
18750
18750
25249
7639
3466
1561
31791
31791
31791
28350
25663
25097
25097
25097
23497
23497
23497
23497
23497
1159
4056
12887
4056
18150
20837
20837
20837
20837
20837
20837
1772
1772
1772
1693
13035
13035
13035
25659
31881
31881
32071
32071
31613
31613
25659
22180
13792
7842
4089
4089
4089
31507
3718
3718
3718
3718
3718
3718
3377
3377
3358
20852
20852
20852
21656
21983
21983
21983
21983
21983
21983
21656
21656
21656
21656
21656
20142
20142
20142
20142
20142
20142
19671
26270
19671
19671
19671
12728
23515
23515
3358
3358
3358
3358
22948
13251
13251
328
328
328
19632
19632
27092
27092
27760
5957
15683
16171
15683
10842
18854
18854
27412
31899
27412
8381
6613
6613
24563
14633
27210
27210
11859
11859
11859
2534
1261
1261
24121
24121
24121
24121
24121
24121
5050
5050
32118
32118
32118
30395
30395
30395
30395
30395
27118
31683
9522
5816
31934
31934
31934
31934
31934
21000
24703
21000
21000
21000
15796
15796
15796
13832
9284
9284
9284
9284
9284
16922
7439
31262
26898
26898
7439
7117
5816
5816
5816
5816
4781
4585
4585
4014
3620
3620
3620
32669
32669
32669
32669
20064
2202
10942
152
23496
13195
30559
16887
15542
24395
24395
24395
7591
22721
24965
30196
20444
14350
25021
25021
25021
25021
25021
14350
5580
20354
20354
20354
20354
19207
19207
19207
24780
24780
26173
24314
13315
6232
18539
16953
26553
23125
19491
19491
16835
16835
16835
16835
16538
16538
16538
16538
16538
16538
16407
12239
18060
18060
17688
17688
17688
17688
27989
27989
27989
27989
21310
21310
23332
29482
21310
21310
21310
21310
21310
8785
8619
8619
7834
12219
5135
5135
4645
4523
1880
1880
21872
7133
7133
7133
5951
31740
24856
21493
21493
11095
5380
9974
3634
5595
28676
28676
30555
30555
32710
26250
26250
31961
26250
26250
24301
24301
26478
26478
22277
22277
22277
20934
25148
15545
15545
13426
10710
10710
5587
5587
10877
32170
32170
32170
32170
21574
21574
21574
21574
21574
17106
16648
9647
25164
19667
19667
19667
19667
16452
16452
8650
8650
8650
14699
14699
14699
18550
23725
25119
3009
3009
3009
15870
15870
25207
25207
25207
25207
19725
19725
19725
19725
18427
18427
18427
18427
13784
29802
29802
29802
29802
29802
29802
29802
29802
20658
15840
24475
28905
28905
13584
13584
11231
9396
9396
9396
9396
9396
9396
9396
9396
9396
9396
28577
28577
9396
21086
21086
21086
7581
7581
7581
6906
6906
6906
6906
6906
6906
3009
26420
2665
2665
2665
1910
31268
31268
31268
11511
1614
11935
11935
1404
24782
24782
28520
28037
28037
28037
28037
28037
28037
25447
25447
21305
15963
15963
15963
15963
15963
15963
15963
15963
13979
13979
13979
7020
7020
1615
1615
1615
27576
27576
10879
10879
26998
26998
26998
26998
26580
26580
16827
24965
32242
32242
32242
31890
31890
24965
23043
23043
19270
19270
19270
16827
13525
13525
31805
18470
18470
13525
29246
29246
29246
21047
21047
21047
21047
21047
4731
10631
10007
16953
28306
14411
4898
4898
9818
9818
3751
3751
9514
3751
2312
18069
18069
18069
18069
12785
30196
26948
26948
20545
20545
31769
31769
30706
30706
6368
6368
6368
9133
28742
28742
19030
21853
31918
31918
31918
31918
31918
19714
19714
19714
29002
23737
26678
21030
8827
8827
31519
31519
30386
25778
25778
9763
9763
8011
28556
16498
12296
12296
5204
4631
4631
4631
24723
24723
4631
2077
17411
17411
17411
17411
17411
17411
17411
30859
17411
17411
16375
28591
5892
5892
1912
11191
11191
11191
5536
25382
24399
24399
24399
18474
18474
15209
15209
15209
10885
17587
17587
16323
10885
10885
22807
22807
11780
10985
6743
6743
6743
6743
6743
6743
5723
5723
4597
10713
14042
24533
13091
13091
13091
13091
13091
27997
27997
32736
32736
27997
13486
13486
24448
24448
32767
32767
12804
12804
12804
12804
12084
8292
16755
16755
29069
29069
29069
29069
26783
26783
21511
21381
28822
28822
28822
29954
28822
16755
30984
30984
18258
8608
8608
26712
26712
26729
26729
29825
29825
18536
18536
8608
17451
17451
7290
4981
16982
16982
16982
16982
16982
16982
10527
4978
4978
29200
29200
29200
29200
29200
14403
14403
14403
9025
4805
4688
25481
5712
31106
25239
25239
25239
25239
13435
10051
10051
10051
6205
5712
5712
5712
5712
5712
5712
5712
4129
3150
2439
26932
2439
2439
2439
2147
2147
2147
20746
20746
10563
10563
16372
876
9806
9806
9806
20278
20278
20278
32102
32102
32102
20278
31415
11923
19892
8075
7819
27328
11161
11161
11161
30582
7691
7691
7691
15622
15622
11156
19905
19905
19905
30584
30584
11605
32640
14047
14047
14047
8109
8109
17630
14159
8333
4724
2702
2702
15684
17426
17426
26630
3113
19484
20675
31165
1278
12477
18586
9893
18857
18857
13362
11273
11273
11273
22481
4930
4087
4087
7322
15003
15003
15003
15003
13561
13561
13561
9501
18773
18773
18773
16453
16453
16453
16453
16453
16453
2895
25281
25281
25281
25281
25281
20638
20638
7735
7735
7735
7735
7735
2489
6074
1203
1203
19526
22892
9728
9728
28320
11226
19369
19369
11226
11226
11226
7368
19411
19411
19411
1736
27744
27744
25974
25974
11620
27657
27657
11620
11620
6603
384
384
384
19010
11022
11022
11022
3917
23503
3917
3917
3917
3917
3875
17984
17261
21402
19545
19545
19545
10444
3875
861
4581
4581
30381
30381
30381
30381
30381
22598
2321
861
14600
14600
5869
5869
23188
23188
23328
23188
23188
12011
19935
19935
12011
9991
24512
24512
24512
7341
7341
5585
4832
4832
4832
30397
30397
3592
27690
27690
22903
22669
22043
7525
7525
7525
7525
17050
22608
19883
19883
11489
12062
16937
10847
2730
8484
31505
21666
31412
31412
27329
27329
27329
27329
27329
25941
18929
18929
24316
24316
24316
28676
28676
28676
24316
24316
24337
24337
24337
24316
24316
23838
23838
23838
23838
14161
14161
8499
8499
8499
17899
8499
28532
29477
29477
23865
29341
31788
31788
18522
18522
12302
15688
30669
15688
15688
15688
15688
5512
3659
706
706
706
29845
29845
29845
29845
25795
25795
20451
20451
20451
2458
10879
10879
10879
10879
10879
2458
27570
27570
27570
15286
15286
12036
5105
30631
30631
29149
26429
4636
30345
30345
30345
16020
16020
15206
11046
17612
12168
32702
25126
16363
16363
16363
11848
791
791
791
791
22652
22652
22652
22652
31923
31923
31923
31923
30458
30458
10324
24153
2021
2021
2021
2021
31880
19444
5504
11538
11538
29673
29673
29673
11990
2757
18183
18596
18183
17620
10922
10922
10922
13574
13574
13574
29025
25176
19190
24641
32544
12106
8387
7366
7366
7366
7366
7366
7366
7032
7032
7032
4620
18377
1058
1029
1029
6705
29160
31581
31581
31581
30156
30155
21290
21290
11207
11207
9955
9955
6298
6298
21732
3323
3323
3323
3323
12166
12166
7504
7504
7504
17675
2081
15002
16424
17047
17047
14329
23421
14329
14329
11199
28337
28337
26447
12607
12607
12607
12607
31543
31543
29765
29765
17921
9165
7611
7611
7611
29485
16806
16806
13967
17676
11450
7611
7611
7611
5181
22051
22051
25537
25537
16773
16773
2267
18802
15640
2552
16736
16736
22858
22858
22858
10858
10858
16871
20557
16871
31282
16871
16871
13615
28778
17136
24527
22115
25555
12489
12489
30943
11716
11716
11716
11716
11716
10489
2705
25835
14791
14791
30230
9202
9196
21216
21216
13216
6333
6333
24321
22482
22482
22482
22482
22482
21104
20383
20383
14150
29511
14150
11044
2729
1032
1032
955
14288
14288
14288
19255
19255
19255
19255
19255
976
5184
5184
20712
20712
20712
27515
27515
20712
20712
25727
19198
24692
24692
24692
24692
24692
24692
24692
27290
10898
10577
10577
10660
10660
19756
10660
10660
5674
13344
24754
23868
15801
21370
11531
11531
11531
11531
11531
10548
7571
3669
3669
566
566
566
22252
29971
12263
12263
12263
12263
12263
3145
2302
24848
2302
618
618
30301
30301
30301
30301
10616
19181
19181
22781
19181
10616
16595
16595
16595
16595
9185
5770
5770
16570
2905
9647
9647
2905
2905
2905
1540
20056
20056
20056
20056
1209
1209
30536
29876
20806
20806
20806
20806
16156
16156
31674
31674
8334
1085
1085
32576
3621
13557
17866
17866
17866
17342
17342
17342
12300
12300
12300
12300
12300
10876
31958
31958
10876
26385
26385
3621
3107
8538
26330
26330
9807
9807
9807
22820
12166
12166
8538
8538
8538
8538
25246
8414
24177
884
884
15192
15192
15192
15192
1106
7620
9992
4691
8646
8646
8646
4691
7797
19294
19294
4691
6245
6245
4346
7624
31346
31346
31346
31346
16584
16584
3881
3005
3005
21630
21630
19815
19815
16697
16697
27532
16697
22448
22448
22448
22448
10671
10671
10671
4028
938
2590
16
1249
15024
15024
15024
15024
4392
4392
4392
21280
21280
29583
29583
5371
6287
6287
6287
6287
6287
18428
18428
15647
26228
23136
23136
14711
10839
10839
10839
2187
18576
18576
8209
8209
32469
32469
32469
3762
28065
14937
19291
19291
19291
19291
19291
12839
30215
30215
25695
20102
9811
9811
9811
9811
9811
9811
32252
32252
4237
4237
18363
1019
3368
3368
3368
30976
25417
6489
28976
28976
28976
29622
29622
29622
29622
29622
29622
29622
29484
29484
24047
24047
24047
24047
24047
21266
21266
24068
24068
24068
24068
26945
24068
24068
24068
24068
21216
19273
19273
19273
19273
19273
15522
21871
15712
15712
21975
14010
12401
12344
12344
12161
12161
16986
16986
16986
16986
12161
12161
9142
9142
9142
10081
7565
19887
7233
7233
6442
5270
5270
5270
25792
25792
19377
29307
29307
5270
4964
4932
26920
26920
26920
9702
2498
2498
128
128
128
21621
32131
32131
13785
24827
24827
24827
24827
31391
31391
4004
4004
4004
10974
10974
10974
23050
23050
10974
10974
9044
29767
29767
23113
23113
26286
30370
30370
30370
868
13313
868
25841
868
15474
10495
1421
6498
11504
4824
19668
19668
19668
27662
11441
11441
1615
1615
4719
3496
19226
24537
30565
21283
21283
8561
8561
8561
8561
8561
8561
7723
7723
10283
10283
3720
3720
12138
12138
23560
23560
32224
32224
23560
23417
23417
23417
23417
23417
17927
17355
28769
17355
17355
27765
24149
17355
29616
29616
29616
24663
24663
24663
32644
20551
20551
13326
21632
21632
10840
9928
9928
9928
8317
8006
8597
8006
8006
5884
5884
5131
4694
4694
4066
32035
4066
3720
30771
28904
3720
3720
3720
3184
29727
29727
29727
1933
1933
1933
22798
716
716
716
716
716
14334
18784
12952
23571
23571
23571
12952
27676
8859
8859
8859
8859
7214
4862
27885
5016
5016
24972
24972
24972
15234
5016
5016
30119
20999
32283
32283
32283
32283
29721
10799
10799
1372
21792
21792
21792
21792
21792
16961
16961
16961
16961
16961
4226
4226
4226
14492
3424
3424
3424
1946
11013
21141
27925
7601
22126
22126
24762
17288
17288
17288
22159
22159
27912
26650
26650
26650
23980
22159
19104
19104
17288
17288
15204
12376
7601
7601
31928
20097
20097
6978
3165
10261
2257
2891
2891
19522
88
12148
26502
26502
26502
26502
5439
5439
9610
18968
19065
11885
10272
801
21550
20386
20386
2929
24343
10540
2929
26011
30436
30436
31451
31451
31451
30697
14363
13833
13833
28698
28698
28698
29236
29236
29236
29236
18861
6260
6260
1246
16247
16247
16247
25567
25567
16247
16247
26098
26098
26098
20243
20243
16247
16247
27226
27226
27226
4752
4752
3332
4932
1026
1026
18629
6178
6178
1026
28123
719
26591
22587
23947
23947
23947
23947
22266
22266
25694
25694
25694
1186
13790
23058
11196
11196
11196
8281
6317
1186
7492
11205
25341
25341
25341
26851
19496
12850
12850
2677
28731
28731
15275
15275
12583
12583
7104
7104
20949
20949
15438
1986
1986
31600
28191
29509
16273
14241
14241
14241
14241
7498
7498
7498
7498
2485
15711
15711
15711
3084
5438
5438
10580
15678
15678
15678
11992
28858
29374
29374
103
26794
13819
18497
18323
18323
31322
22931
22931
5177
12027
12027
12027
9994
7914
7914
9674
6832
28420
8185
8185
8185
8185
4528
4528
4528
8698
8698
8698
15573
15573
15573
15482
25772
25772
25772
25772
25255
18350
23020
2184
20227
20227
6580
6580
3786
31051
12789
12789
12789
12789
25750
25750
25750
29114
29114
21787
18437
30380
18437
18437
26021
26021
18437
15617
15617
15617
15617
32291
5379
5379
5379
23100
23100
23100
23100
26514
26514
26514
26514
18965
1478
1478
23634
23634
23634
25751
25751
13864
12612
12612
21131
21447
21447
21447
32075
29924
21447
20695
12612
12612
6563
5497
5074
11013
11013
11013
11013
5582
5582
5582
5582
5582
5582
15113
6569
28795
6569
6569
4837
2736
2736
7214
7214
21435
21435
14934
14934
12532
12532
12532
7214
29166
13376
16119
28660
31790
28660
28660
16119
16119
10129
24822
24822
24822
16840
23776
23776
23776
1629
6164
1342
2093
14077
23771
19735
31163
18578
14077
14077
12412
12412
11278
9957
6385
6385
6385
6385
6385
2828
2828
2828
9966
26142
26142
26142
26142
27195
14383
2093
2093
11914
11914
11914
169
169
560
560
26854
26854
26854
26190
26190
26190
10972
2830
2830
1598
1598
236
236
14869
14869
23438
32543
9914
9914
7820
7820
7820
7820
26734
16737
16737
22352
22352
22352
22352
1295
1295
14343
30421
30421
12715
12113
12113
12113
12113
5204
19204
19204
15442
32458
32458
32458
32091
15442
15442
15442
15442
15442
9129
9129
9129
9129
1893
1893
22155
227
6121
6138
13499
13499
22075
9032
13233
13233
28138
3506
3506
3506
11532
11532
15958
27818
15958
15958
15958
12335
12335
12335
24602
14286
14286
14286
10841
32537
32537
32537
6756
20874
20874
4181
18512
4181
4181
4181
7673
28671
28671
17324
17324
13888
13888
9091
20198
20198
20198
9091
6893
6893
19245
5463
30876
13552
29662
13552
13552
18940
18940
18940
13036
2608
2083
2083
12919
28193
18344
15664
13820
13820
4404
4404
13567
11186
11408
11408
11408
2526
20470
20470
20470
20470
24111
19910
17583
17583
17583
9255
9255
7608
30788
1151
848
848
21591
14651
5929
5929
24208
24208
24208
17965
17965
17965
17965
17965
14742
3347
32366
32366
32366
32366
3837
3837
3837
24403
24403
24753
24753
24403
24403
17850
17850
17084
17084
17084
17084
17084
3837
3837
2430
2430
18133
8670
2461
30048
30048
30048
19245
17441
17895
17441
10134
16870
18742
18742
16870
16870
16870
16870
16870
16870
16870
30636
18899
18899
31722
31722
27544
27544
18899
18899
10893
10893
10893
10258
10258
7482
23670
23670
23670
23670
5335
3315
17315
17476
22848
22848
31654
31654
31654
31654
31654
23263
10081
10081
10081
14875
3301
3301
3301
5036
5036
3301
17948
3533
14024
12244
12244
24895
24895
24895
7955
18469
18469
30400
18356
26926
20095
20095
21817
31946
21817
21817
20547
18818
9735
9735
9735
9735
9735
9735
9735
9735
9735
9735
9735
9735
9735
6781
19044
19044
19228
32444
32444
32444
32444
13155
4886
32179
8230
24158
24158
27940
27940
27940
27940
27940
24158
25503
25503
6734
32659
32659
26681
4879
3242
3425
3425
12506
12506
25736
30989
25736
25736
25736
7296
12935
7554
19395
19395
16025
25549
29960
30464
30464
30464
26842
7866
27218
8534
8534
8534
7554
7554
7554
7554
3600
16888
24650
25007
8707
8707
6661
6661
15974
15974
15974
15974
15974
15391
15391
